2025-03-07 17:53:06 | INFO | Инициализация SessionManager
2025-03-07 17:53:06 | DEBUG | Загружен существующий ключ шифрования
2025-03-07 18:11:16 | INFO | Попытка добавления аккаунта с номером: +7 990 280 3971
2025-03-07 18:11:16 | WARNING | Неверный формат номера: +7 990 280 3971
2025-03-07 18:11:27 | INFO | Попытка добавления аккаунта с номером: +79902803971
2025-03-07 18:11:27 | INFO | Отправка запроса кода для номера +79902803971
2025-03-07 18:11:27 | INFO | Создание новой сессии для номера +79902803971
2025-03-07 18:11:29 | DEBUG | Подключение к Telegram установлено для +79902803971
2025-03-07 18:11:30 | INFO | Отправка запроса кода для +79902803971
2025-03-07 18:11:30 | INFO | Код успешно отправлен для +79902803971
2025-03-07 18:11:30 | INFO | Код подтверждения запрошен для номера +79902803971
2025-03-07 18:11:52 | INFO | Получен код подтверждения для номера +79902803971
2025-03-07 18:11:52 | DEBUG | phone_code_hash для +79902803971: 8d12b5d7b1edc63d8f
2025-03-07 18:11:52 | INFO | Попытка авторизации с кодом для номера +79902803971
2025-03-07 18:11:52 | INFO | Попытка авторизации по коду для +79902803971
2025-03-07 18:11:52 | DEBUG | Проверка кода для +79902803971
2025-03-07 18:11:53 | WARNING | Код подтверждения действительно истек для +79902803971
2025-03-07 18:11:53 | INFO | Отправлен новый код для +79902803971
2025-03-07 18:11:53 | INFO | Код истек для +79902803971, отправлен новый
2025-03-07 18:12:06 | INFO | Получен код подтверждения для номера +79902803971
2025-03-07 18:12:06 | DEBUG | phone_code_hash для +79902803971: 4bdec371a936bdf2f4
2025-03-07 18:12:06 | INFO | Попытка авторизации с кодом для номера +79902803971
2025-03-07 18:12:06 | INFO | Попытка авторизации по коду для +79902803971
2025-03-07 18:12:06 | DEBUG | Проверка кода для +79902803971
2025-03-07 18:12:07 | WARNING | Код подтверждения действительно истек для +79902803971
2025-03-07 18:12:07 | INFO | Отправлен новый код для +79902803971
2025-03-07 18:12:07 | INFO | Код истек для +79902803971, отправлен новый
2025-03-07 18:12:25 | INFO | Получен код подтверждения для номера +79902803971
2025-03-07 18:12:25 | DEBUG | phone_code_hash для +79902803971: ef7058092ec806f295
2025-03-07 18:12:25 | INFO | Попытка авторизации с кодом для номера +79902803971
2025-03-07 18:12:25 | INFO | Попытка авторизации по коду для +79902803971
2025-03-07 18:12:25 | DEBUG | Проверка кода для +79902803971
2025-03-07 18:12:26 | WARNING | Код подтверждения действительно истек для +79902803971
2025-03-07 18:12:26 | INFO | Отправлен новый код для +79902803971
2025-03-07 18:12:26 | INFO | Код истек для +79902803971, отправлен новый
2025-03-07 18:15:18 | INFO | Попытка добавления аккаунта с номером: +79902803971
2025-03-07 18:15:18 | INFO | Отправка запроса кода для номера +79902803971
2025-03-07 18:15:18 | INFO | Создание новой сессии для номера +79902803971
2025-03-07 18:15:20 | DEBUG | Подключение к Telegram установлено для +79902803971
2025-03-07 18:15:20 | INFO | Отправка запроса кода для +79902803971
2025-03-07 18:15:21 | INFO | Код успешно отправлен для +79902803971
2025-03-07 18:15:21 | INFO | Код подтверждения запрошен для номера +79902803971
2025-03-07 18:15:38 | INFO | Получен код подтверждения для номера +79902803971
2025-03-07 18:15:38 | DEBUG | phone_code_hash для +79902803971: 440d5474b9ebddcf4a
2025-03-07 18:15:38 | INFO | Попытка авторизации с кодом для номера +79902803971
2025-03-07 18:15:38 | INFO | Попытка авторизации по коду для +79902803971
2025-03-07 18:15:38 | DEBUG | Проверка кода для +79902803971
2025-03-07 18:15:38 | WARNING | Код подтверждения действительно истек для +79902803971
2025-03-07 18:15:38 | INFO | Отправлен новый код для +79902803971
2025-03-07 18:15:38 | INFO | Код истек для +79902803971, отправлен новый
2025-03-07 18:16:44 | INFO | Попытка добавления аккаунта с номером: +380991183964
2025-03-07 18:16:44 | INFO | Отправка запроса кода для номера +380991183964
2025-03-07 18:16:44 | INFO | Создание новой сессии для номера +380991183964
2025-03-07 18:16:46 | DEBUG | Подключение к Telegram установлено для +380991183964
2025-03-07 18:16:46 | INFO | Отправка запроса кода для +380991183964
2025-03-07 18:16:46 | INFO | Код успешно отправлен для +380991183964
2025-03-07 18:16:46 | INFO | Код подтверждения запрошен для номера +380991183964
2025-03-07 18:17:14 | INFO | Получен код подтверждения для номера +380991183964
2025-03-07 18:17:14 | DEBUG | phone_code_hash для +380991183964: c5463cec3fcc1a3407
2025-03-07 18:17:14 | INFO | Попытка авторизации с кодом для номера +380991183964
2025-03-07 18:17:14 | INFO | Попытка авторизации по коду для +380991183964
2025-03-07 18:17:14 | DEBUG | Проверка кода для +380991183964
2025-03-07 18:17:14 | INFO | Код подтверждён для +380991183964
2025-03-07 18:17:14 | INFO | Сессия успешно сохранена в C:\Users\Asus\OneDrive\Рабочий стол\Kwork\chencnik\sessions\+380991183964.session
2025-03-07 18:17:14 | INFO | Успешная авторизация аккаунта +380991183964
