2025-03-06 21:43:37 | INFO | Инициализация SessionManager
2025-03-06 21:43:37 | DEBUG | Загружен существующий ключ шифрования
2025-03-06 21:44:30 | INFO | Получение клиента для сессии user.session
2025-03-06 21:44:31 | INFO | Клиент успешно создан для user.session
2025-03-06 21:44:59 | INFO | Получение клиента для сессии user.session
2025-03-06 21:44:59 | INFO | Клиент успешно создан для user.session
2025-03-06 21:44:59 | INFO | Создана задача отправки в группу Test Kwork через аккаунт +998944899059
2025-03-06 21:44:59 | INFO | [Этап 1/5] Начинаем отправку поста через аккаунт +998944899059 в группу 2417883175
2025-03-06 21:44:59 | INFO | [Этап 2/5] Попытка подписаться на группу -1002417883175
2025-03-06 21:45:00 | INFO | ✅ Успешно подписались на группу @Kwork_whomever
2025-03-06 21:45:00 | INFO | [Этап 2/5] ✅ Успешно подписались на группу
2025-03-06 21:45:02 | INFO | [Этап 2/5] ✅ Успешно получили группу: Test Kwork
2025-03-06 21:45:02 | INFO | Проверяем доступ к группе 2417883175
2025-03-06 21:45:02 | INFO | Успешно получили группу: Test Kwork
2025-03-06 21:45:02 | INFO | Успешно получили права для группы Test Kwork
2025-03-06 21:45:02 | INFO | [Этап 2/5] ✅ Права доступа подтверждены для Test Kwork
2025-03-06 21:45:02 | INFO | [Этап 3/5] Подготовка сообщения к отправке
2025-03-06 21:45:02 | INFO | [Этап 3/5] Подготовка фото
2025-03-06 21:45:03 | INFO | [Этап 5/5] ✅ Сообщение успешно отправлено в группу Test Kwork
2025-03-06 21:45:03 | INFO | [Статистика] Время выполнения: 3.38 секунд
2025-03-06 21:45:03 | INFO | ✅ Успешно отправлено в группу Test Kwork через аккаунт +998944899059
2025-03-06 21:45:28 | INFO | Получение клиента для сессии user.session
2025-03-06 21:45:28 | INFO | Клиент успешно создан для user.session
2025-03-06 21:45:28 | INFO | Проверяем доступ к группе 2466959594
2025-03-06 21:45:29 | INFO | Успешно получили группу: Black Niggers 🤣/Ko'rshapalaklar / Night Nigger /Night Hunters / White nigers / Qora negrlar and Dark code forces
2025-03-06 21:45:29 | INFO | Успешно получили права для группы Black Niggers 🤣/Ko'rshapalaklar / Night Nigger /Night Hunters / White nigers / Qora negrlar and Dark code forces
2025-03-06 21:45:29 | INFO | Получение клиента для сессии user.session
2025-03-06 21:45:30 | INFO | Клиент успешно создан для user.session
2025-03-06 21:45:30 | INFO | Проверяем доступ к группе 2417883175
2025-03-06 21:45:30 | INFO | Успешно получили группу: Test Kwork
2025-03-06 21:45:30 | INFO | Успешно получили права для группы Test Kwork
2025-03-06 21:47:41 | INFO | Получение клиента для сессии user.session
2025-03-06 21:47:42 | INFO | Клиент успешно создан для user.session
2025-03-06 21:47:42 | INFO | Создана задача отправки в группу Black Niggers 🤣/Ko'rshapalaklar / Night Nigger /Night Hunters / White nigers / Qora negrlar and Dark code forces через аккаунт +998944899059
2025-03-06 21:47:42 | INFO | [Этап 1/5] Начинаем отправку поста через аккаунт +998944899059 в группу 2466959594
2025-03-06 21:47:42 | INFO | [Этап 2/5] Попытка подписаться на группу -1002466959594
2025-03-06 21:47:42 | INFO | ✅ Успешно подписались на группу @whomever_contact_test
2025-03-06 21:47:42 | INFO | [Этап 2/5] ✅ Успешно подписались на группу
2025-03-06 21:47:44 | INFO | [Этап 2/5] ✅ Успешно получили группу: Black Niggers 🤣/Ko'rshapalaklar / Night Nigger /Night Hunters / White nigers / Qora negrlar and Dark code forces
2025-03-06 21:47:44 | INFO | Проверяем доступ к группе 2466959594
2025-03-06 21:47:44 | INFO | Успешно получили группу: Black Niggers 🤣/Ko'rshapalaklar / Night Nigger /Night Hunters / White nigers / Qora negrlar and Dark code forces
2025-03-06 21:47:44 | INFO | Успешно получили права для группы Black Niggers 🤣/Ko'rshapalaklar / Night Nigger /Night Hunters / White nigers / Qora negrlar and Dark code forces
2025-03-06 21:47:44 | INFO | [Этап 2/5] ✅ Права доступа подтверждены для Black Niggers 🤣/Ko'rshapalaklar / Night Nigger /Night Hunters / White nigers / Qora negrlar and Dark code forces
2025-03-06 21:47:44 | INFO | [Этап 3/5] Подготовка сообщения к отправке
2025-03-06 21:47:44 | INFO | [Этап 3/5] Подготовка фото
2025-03-06 21:47:46 | INFO | [Этап 5/5] ✅ Сообщение успешно отправлено в группу Black Niggers 🤣/Ko'rshapalaklar / Night Nigger /Night Hunters / White nigers / Qora negrlar and Dark code forces
2025-03-06 21:47:46 | INFO | [Статистика] Время выполнения: 3.88 секунд
2025-03-06 21:47:46 | INFO | ✅ Успешно отправлено в группу Black Niggers 🤣/Ko'rshapalaklar / Night Nigger /Night Hunters / White nigers / Qora negrlar and Dark code forces через аккаунт +998944899059
2025-03-06 21:47:46 | INFO | Получение клиента для сессии user.session
2025-03-06 21:47:46 | INFO | Клиент успешно создан для user.session
2025-03-06 21:47:46 | INFO | Создана задача отправки в группу Test Kwork через аккаунт +998944899059
2025-03-06 21:47:46 | INFO | [Этап 1/5] Начинаем отправку поста через аккаунт +998944899059 в группу 2417883175
2025-03-06 21:47:46 | INFO | [Этап 2/5] Попытка подписаться на группу -1002417883175
2025-03-06 21:47:47 | INFO | ✅ Успешно подписались на группу @Kwork_whomever
2025-03-06 21:47:47 | INFO | [Этап 2/5] ✅ Успешно подписались на группу
2025-03-06 21:47:49 | INFO | [Этап 2/5] ✅ Успешно получили группу: Test Kwork
2025-03-06 21:47:49 | INFO | Проверяем доступ к группе 2417883175
2025-03-06 21:47:49 | INFO | Успешно получили группу: Test Kwork
2025-03-06 21:47:49 | INFO | Успешно получили права для группы Test Kwork
2025-03-06 21:47:49 | INFO | [Этап 2/5] ✅ Права доступа подтверждены для Test Kwork
2025-03-06 21:47:49 | INFO | [Этап 3/5] Подготовка сообщения к отправке
2025-03-06 21:47:49 | INFO | [Этап 3/5] Подготовка фото
2025-03-06 21:47:50 | INFO | [Этап 5/5] ✅ Сообщение успешно отправлено в группу Test Kwork
2025-03-06 21:47:50 | INFO | [Статистика] Время выполнения: 3.82 секунд
2025-03-06 21:47:50 | INFO | ✅ Успешно отправлено в группу Test Kwork через аккаунт +998944899059
2025-03-06 21:48:52 | INFO | Получение клиента для сессии user.session
2025-03-06 21:48:53 | INFO | Клиент успешно создан для user.session
2025-03-06 21:48:53 | INFO | Создана задача отправки в группу Black Niggers 🤣/Ko'rshapalaklar / Night Nigger /Night Hunters / White nigers / Qora negrlar and Dark code forces через аккаунт +998944899059
2025-03-06 21:48:53 | INFO | [Этап 1/5] Начинаем отправку поста через аккаунт +998944899059 в группу 2466959594
2025-03-06 21:48:53 | INFO | [Этап 2/5] Попытка подписаться на группу -1002466959594
2025-03-06 21:48:53 | INFO | ✅ Успешно подписались на группу @whomever_contact_test
2025-03-06 21:48:53 | INFO | [Этап 2/5] ✅ Успешно подписались на группу
2025-03-06 21:48:55 | INFO | [Этап 2/5] ✅ Успешно получили группу: Black Niggers 🤣/Ko'rshapalaklar / Night Nigger /Night Hunters / White nigers / Qora negrlar and Dark code forces
2025-03-06 21:48:55 | INFO | Проверяем доступ к группе 2466959594
2025-03-06 21:48:55 | INFO | Успешно получили группу: Black Niggers 🤣/Ko'rshapalaklar / Night Nigger /Night Hunters / White nigers / Qora negrlar and Dark code forces
2025-03-06 21:48:55 | INFO | Успешно получили права для группы Black Niggers 🤣/Ko'rshapalaklar / Night Nigger /Night Hunters / White nigers / Qora negrlar and Dark code forces
2025-03-06 21:48:55 | INFO | [Этап 2/5] ✅ Права доступа подтверждены для Black Niggers 🤣/Ko'rshapalaklar / Night Nigger /Night Hunters / White nigers / Qora negrlar and Dark code forces
2025-03-06 21:48:55 | INFO | [Этап 3/5] Подготовка сообщения к отправке
2025-03-06 21:48:55 | INFO | [Этап 3/5] Подготовка фото
2025-03-06 21:48:57 | INFO | [Этап 5/5] ✅ Сообщение успешно отправлено в группу Black Niggers 🤣/Ko'rshapalaklar / Night Nigger /Night Hunters / White nigers / Qora negrlar and Dark code forces
2025-03-06 21:48:57 | INFO | [Статистика] Время выполнения: 4.34 секунд
2025-03-06 21:48:57 | INFO | ✅ Успешно отправлено в группу Black Niggers 🤣/Ko'rshapalaklar / Night Nigger /Night Hunters / White nigers / Qora negrlar and Dark code forces через аккаунт +998944899059
2025-03-06 21:48:57 | INFO | Получение клиента для сессии user.session
2025-03-06 21:48:58 | INFO | Клиент успешно создан для user.session
2025-03-06 21:48:58 | INFO | Создана задача отправки в группу Test Kwork через аккаунт +998944899059
2025-03-06 21:48:58 | INFO | [Этап 1/5] Начинаем отправку поста через аккаунт +998944899059 в группу 2417883175
2025-03-06 21:48:58 | INFO | [Этап 2/5] Попытка подписаться на группу -1002417883175
2025-03-06 21:48:58 | INFO | ✅ Успешно подписались на группу @Kwork_whomever
2025-03-06 21:48:58 | INFO | [Этап 2/5] ✅ Успешно подписались на группу
2025-03-06 21:49:00 | INFO | [Этап 2/5] ✅ Успешно получили группу: Test Kwork
2025-03-06 21:49:00 | INFO | Проверяем доступ к группе 2417883175
2025-03-06 21:49:00 | INFO | Успешно получили группу: Test Kwork
2025-03-06 21:49:01 | INFO | Успешно получили права для группы Test Kwork
2025-03-06 21:49:01 | INFO | [Этап 2/5] ✅ Права доступа подтверждены для Test Kwork
2025-03-06 21:49:01 | INFO | [Этап 3/5] Подготовка сообщения к отправке
2025-03-06 21:49:01 | INFO | [Этап 3/5] Подготовка фото
2025-03-06 21:49:02 | INFO | [Этап 5/5] ✅ Сообщение успешно отправлено в группу Test Kwork
2025-03-06 21:49:02 | INFO | [Статистика] Время выполнения: 4.13 секунд
2025-03-06 21:49:02 | INFO | ✅ Успешно отправлено в группу Test Kwork через аккаунт +998944899059
