2025-03-07 20:52:52 | INFO | Инициализация SessionManager
2025-03-07 20:52:52 | DEBUG | Загружен существующий ключ шифрования
2025-03-07 20:53:03 | INFO | Получение клиента для сессии +380991183964.session
2025-03-07 20:53:03 | INFO | Клиент успешно создан для +380991183964.session
2025-03-07 20:54:24 | INFO | Получение клиента для сессии +380991183964.session
2025-03-07 20:54:24 | INFO | Клиент успешно создан для +380991183964.session
2025-03-07 20:54:24 | INFO | Создана задача отправки в группу Test Kwork через аккаунт +380991183964
2025-03-07 20:54:24 | INFO | [Этап 1/5] Начинаем отправку поста через аккаунт +380991183964 в группу 2417883175
2025-03-07 20:54:24 | INFO | [Этап 2/5] Попытка подписаться на группу -1002417883175
2025-03-07 20:54:25 | INFO | ✅ Успешно подписались на группу по invite link
2025-03-07 20:54:25 | INFO | [Этап 2/5] ✅ Успешно подписались на группу
2025-03-07 20:54:27 | INFO | [Этап 2/5] ✅ Успешно получили группу: Test Kwork
2025-03-07 20:54:27 | INFO | Проверяем доступ к группе 2417883175
2025-03-07 20:54:27 | INFO | Успешно получили группу: Test Kwork
2025-03-07 20:54:27 | INFO | Успешно получили права для группы Test Kwork
2025-03-07 20:54:27 | INFO | [Этап 2/5] ✅ Права доступа подтверждены для Test Kwork
2025-03-07 20:54:27 | INFO | [Этап 3/5] Подготовка сообщения к отправке
2025-03-07 20:54:27 | INFO | [Этап 3/5] Подготовка фото
2025-03-07 20:54:28 | INFO | [Этап 5/5] ✅ Сообщение успешно отправлено в группу Test Kwork
2025-03-07 20:54:28 | INFO | [Статистика] Время выполнения: 3.56 секунд
2025-03-07 20:54:28 | INFO | ✅ Успешно отправлено в группу Test Kwork через аккаунт +380991183964
2025-03-07 20:56:43 | INFO | Получение клиента для сессии +380991183964.session
2025-03-07 20:56:44 | INFO | Клиент успешно создан для +380991183964.session
2025-03-07 20:57:33 | INFO | Получение клиента для сессии +380991183964.session
2025-03-07 20:57:34 | INFO | Клиент успешно создан для +380991183964.session
2025-03-07 20:57:34 | INFO | Создана задача отправки в группу Black Niggers 🤣/Ko'rshapalaklar / Night Nigger /Night Hunters / White nigers / Qora negrlar and Dark code forces через аккаунт +380991183964
2025-03-07 20:57:34 | INFO | [Этап 1/5] Начинаем отправку поста через аккаунт +380991183964 в группу 2466959594
2025-03-07 20:57:34 | INFO | [Этап 2/5] Попытка подписаться на группу -1002466959594
2025-03-07 20:57:35 | INFO | ✅ Успешно подписались на группу @whomever_contact_test
2025-03-07 20:57:35 | INFO | [Этап 2/5] ✅ Успешно подписались на группу
2025-03-07 20:57:37 | INFO | [Этап 2/5] ✅ Успешно получили группу: Black Niggers 🤣/Ko'rshapalaklar / Night Nigger /Night Hunters / White nigers / Qora negrlar and Dark code forces
2025-03-07 20:57:37 | INFO | Проверяем доступ к группе 2466959594
2025-03-07 20:57:37 | INFO | Успешно получили группу: Black Niggers 🤣/Ko'rshapalaklar / Night Nigger /Night Hunters / White nigers / Qora negrlar and Dark code forces
2025-03-07 20:57:37 | INFO | Успешно получили права для группы Black Niggers 🤣/Ko'rshapalaklar / Night Nigger /Night Hunters / White nigers / Qora negrlar and Dark code forces
2025-03-07 20:57:37 | INFO | [Этап 2/5] ✅ Права доступа подтверждены для Black Niggers 🤣/Ko'rshapalaklar / Night Nigger /Night Hunters / White nigers / Qora negrlar and Dark code forces
2025-03-07 20:57:37 | INFO | [Этап 3/5] Подготовка сообщения к отправке
2025-03-07 20:57:37 | INFO | [Этап 5/5] ✅ Сообщение успешно отправлено в группу Black Niggers 🤣/Ko'rshapalaklar / Night Nigger /Night Hunters / White nigers / Qora negrlar and Dark code forces
2025-03-07 20:57:37 | INFO | [Статистика] Время выполнения: 3.02 секунд
2025-03-07 20:57:37 | INFO | ✅ Успешно отправлено в группу Black Niggers 🤣/Ko'rshapalaklar / Night Nigger /Night Hunters / White nigers / Qora negrlar and Dark code forces через аккаунт +380991183964
2025-03-07 20:57:37 | INFO | Получение клиента для сессии +380991183964.session
2025-03-07 20:57:38 | INFO | Клиент успешно создан для +380991183964.session
2025-03-07 20:57:38 | INFO | Создана задача отправки в группу Test Kwork через аккаунт +380991183964
2025-03-07 20:57:38 | INFO | [Этап 1/5] Начинаем отправку поста через аккаунт +380991183964 в группу 2417883175
2025-03-07 20:57:38 | INFO | [Этап 2/5] Попытка подписаться на группу -1002417883175
2025-03-07 20:57:38 | INFO | ✅ Успешно подписались на группу по invite link
2025-03-07 20:57:38 | INFO | [Этап 2/5] ✅ Успешно подписались на группу
2025-03-07 20:57:40 | INFO | [Этап 2/5] ✅ Успешно получили группу: Test Kwork
2025-03-07 20:57:40 | INFO | Проверяем доступ к группе 2417883175
2025-03-07 20:57:41 | INFO | Успешно получили группу: Test Kwork
2025-03-07 20:57:41 | INFO | Успешно получили права для группы Test Kwork
2025-03-07 20:57:41 | INFO | [Этап 2/5] ✅ Права доступа подтверждены для Test Kwork
2025-03-07 20:57:41 | INFO | [Этап 3/5] Подготовка сообщения к отправке
2025-03-07 20:57:41 | INFO | [Этап 5/5] ✅ Сообщение успешно отправлено в группу Test Kwork
2025-03-07 20:57:41 | INFO | [Статистика] Время выполнения: 2.98 секунд
2025-03-07 20:57:41 | INFO | ✅ Успешно отправлено в группу Test Kwork через аккаунт +380991183964
