2025-03-07 01:01:27 | INFO | Инициализация SessionManager
2025-03-07 01:01:27 | DEBUG | Загружен существующий ключ шифрования
2025-03-07 01:03:24 | INFO | Попытка добавления аккаунта с номером: +79964324353
2025-03-07 01:03:24 | INFO | Отправка запроса кода для номера +79964324353
2025-03-07 01:03:24 | INFO | Создание новой сессии для номера +79964324353
2025-03-07 01:03:26 | DEBUG | Подключение к Telegram установлено для +79964324353
2025-03-07 01:03:26 | INFO | Отправка запроса кода для +79964324353
2025-03-07 01:03:26 | INFO | Код успешно отправлен для +79964324353
2025-03-07 01:03:26 | INFO | Код подтверждения запрошен для номера +79964324353
2025-03-07 01:03:30 | INFO | Получен код подтверждения для номера +79964324353
2025-03-07 01:03:30 | DEBUG | phone_code_hash для +79964324353: 75ced5d0bc0a10d8bd
2025-03-07 01:03:30 | INFO | Попытка авторизации с кодом для номера +79964324353
2025-03-07 01:03:30 | INFO | Попытка авторизации по коду для +79964324353
2025-03-07 01:03:30 | DEBUG | Проверка кода для +79964324353
2025-03-07 01:03:31 | INFO | Требуется 2FA для +79964324353
2025-03-07 01:03:31 | INFO | Требуется 2FA для аккаунта +79964324353
2025-03-07 01:03:38 | INFO | Попытка авторизации по коду для +79964324353
2025-03-07 01:03:38 | DEBUG | Попытка входа с 2FA для +79964324353
2025-03-07 01:03:38 | ERROR | Критическая ошибка при авторизации +79964324353: The password (and thus its hash value) you entered is invalid (caused by CheckPasswordRequest)
Traceback (most recent call last):

  File "C:\Users\Asus\OneDrive\Рабочий стол\Kwork\chencnik\bot.py", line 1631, in <module>
    asyncio.run(main())
    │       │   └ <function main at 0x00000209AF4CBA60>
    │       └ <function run at 0x00000209A3AA5D00>
    └ <module 'asyncio' from 'C:\\Users\\Asus\\AppData\\Local\\Programs\\Python\\Python313\\Lib\\asyncio\\__init__.py'>

  File "C:\Users\Asus\AppData\Local\Programs\Python\Python313\Lib\asyncio\runners.py", line 194, in run
    return runner.run(main)
           │      │   └ <coroutine object main at 0x00000209AF03E200>
           │      └ <function Runner.run at 0x00000209A5E1EA20>
           └ <asyncio.runners.Runner object at 0x00000209AF4923C0>
  File "C:\Users\Asus\AppData\Local\Programs\Python\Python313\Lib\asyncio\runners.py", line 118, in run
    return self._loop.run_until_complete(task)
           │    │     │                  └ <Task pending name='Task-1' coro=<main() running at C:\Users\Asus\OneDrive\Рабочий стол\Kwork\chencnik\bot.py:1623> wait_for=...
           │    │     └ <function BaseEventLoop.run_until_complete at 0x00000209A5E1C5E0>
           │    └ <ProactorEventLoop running=True closed=False debug=False>
           └ <asyncio.runners.Runner object at 0x00000209AF4923C0>
  File "C:\Users\Asus\AppData\Local\Programs\Python\Python313\Lib\asyncio\base_events.py", line 708, in run_until_complete
    self.run_forever()
    │    └ <function BaseEventLoop.run_forever at 0x00000209A5E1C540>
    └ <ProactorEventLoop running=True closed=False debug=False>
  File "C:\Users\Asus\AppData\Local\Programs\Python\Python313\Lib\asyncio\base_events.py", line 679, in run_forever
    self._run_once()
    │    └ <function BaseEventLoop._run_once at 0x00000209A5E1E340>
    └ <ProactorEventLoop running=True closed=False debug=False>
  File "C:\Users\Asus\AppData\Local\Programs\Python\Python313\Lib\asyncio\base_events.py", line 2027, in _run_once
    handle._run()
    │      └ <function Handle._run at 0x00000209A5D4D300>
    └ <Handle Task.task_wakeup()>
  File "C:\Users\Asus\AppData\Local\Programs\Python\Python313\Lib\asyncio\events.py", line 89, in _run
    self._context.run(self._callback, *self._args)
    │    │            │    │           │    └ <member '_args' of 'Handle' objects>
    │    │            │    │           └ <Handle Task.task_wakeup()>
    │    │            │    └ <member '_callback' of 'Handle' objects>
    │    │            └ <Handle Task.task_wakeup()>
    │    └ <member '_context' of 'Handle' objects>
    └ <Handle Task.task_wakeup()>
  File "C:\Users\Asus\AppData\Local\Programs\Python\Python313\Lib\site-packages\aiogram\dispatcher\dispatcher.py", line 309, in _process_update
    response = await self.feed_update(bot, update, **kwargs)
                     │    │           │    │         └ {'dispatcher': <Dispatcher '0x209af490c20'>, 'bots': (<aiogram.client.bot.Bot object at 0x00000209AF37BA10>,)}
                     │    │           │    └ Update(update_id=334263456, message=Message(message_id=1231, date=datetime.datetime(2025, 3, 6, 20, 3, 40, tzinfo=TzInfo(UTC)...
                     │    │           └ <aiogram.client.bot.Bot object at 0x00000209AF37BA10>
                     │    └ <function Dispatcher.feed_update at 0x00000209AE2AF240>
                     └ <Dispatcher '0x209af490c20'>
  File "C:\Users\Asus\AppData\Local\Programs\Python\Python313\Lib\site-packages\aiogram\dispatcher\dispatcher.py", line 158, in feed_update
    response = await self.update.wrap_outer_middleware(
                     │    │      └ <function TelegramEventObserver.wrap_outer_middleware at 0x00000209AE2ADA80>
                     │    └ <aiogram.dispatcher.event.telegram.TelegramEventObserver object at 0x00000209AF49DED0>
                     └ <Dispatcher '0x209af490c20'>
  File "C:\Users\Asus\AppData\Local\Programs\Python\Python313\Lib\site-packages\aiogram\dispatcher\middlewares\error.py", line 25, in __call__
    return await handler(event, data)
                 │       │      └ {'dispatcher': <Dispatcher '0x209af490c20'>, 'bots': (<aiogram.client.bot.Bot object at 0x00000209AF37BA10>,), 'bot': <aiogra...
                 │       └ Update(update_id=334263456, message=Message(message_id=1231, date=datetime.datetime(2025, 3, 6, 20, 3, 40, tzinfo=TzInfo(UTC)...
                 └ functools.partial(<aiogram.dispatcher.middlewares.user_context.UserContextMiddleware object at 0x00000209AF491940>, functools...
  File "C:\Users\Asus\AppData\Local\Programs\Python\Python313\Lib\site-packages\aiogram\dispatcher\middlewares\user_context.py", line 56, in __call__
    return await handler(event, data)
                 │       │      └ {'dispatcher': <Dispatcher '0x209af490c20'>, 'bots': (<aiogram.client.bot.Bot object at 0x00000209AF37BA10>,), 'bot': <aiogra...
                 │       └ Update(update_id=334263456, message=Message(message_id=1231, date=datetime.datetime(2025, 3, 6, 20, 3, 40, tzinfo=TzInfo(UTC)...
                 └ functools.partial(<aiogram.fsm.middleware.FSMContextMiddleware object at 0x00000209AF491BE0>, <function TelegramEventObserver...
  File "C:\Users\Asus\AppData\Local\Programs\Python\Python313\Lib\site-packages\aiogram\fsm\middleware.py", line 42, in __call__
    return await handler(event, data)
                 │       │      └ {'dispatcher': <Dispatcher '0x209af490c20'>, 'bots': (<aiogram.client.bot.Bot object at 0x00000209AF37BA10>,), 'bot': <aiogra...
                 │       └ Update(update_id=334263456, message=Message(message_id=1231, date=datetime.datetime(2025, 3, 6, 20, 3, 40, tzinfo=TzInfo(UTC)...
                 └ <function TelegramEventObserver.trigger at 0x00000209B04E65C0>
  File "C:\Users\Asus\AppData\Local\Programs\Python\Python313\Lib\site-packages\aiogram\dispatcher\event\telegram.py", line 121, in trigger
    return await wrapped_inner(event, kwargs)
                 │             │      └ {'dispatcher': <Dispatcher '0x209af490c20'>, 'bots': (<aiogram.client.bot.Bot object at 0x00000209AF37BA10>,), 'bot': <aiogra...
                 │             └ Update(update_id=334263456, message=Message(message_id=1231, date=datetime.datetime(2025, 3, 6, 20, 3, 40, tzinfo=TzInfo(UTC)...
                 └ <function CallableObject.call at 0x00000209B04E6CA0>
  File "C:\Users\Asus\AppData\Local\Programs\Python\Python313\Lib\site-packages\aiogram\dispatcher\event\handler.py", line 43, in call
    return await wrapped()
                 └ functools.partial(<bound method Dispatcher._listen_update of <Dispatcher '0x209af490c20'>>, Update(update_id=334263456, messa...
  File "C:\Users\Asus\AppData\Local\Programs\Python\Python313\Lib\site-packages\aiogram\dispatcher\dispatcher.py", line 276, in _listen_update
    return await self.propagate_event(update_type=update_type, event=event, **kwargs)
                 │    │                           │                  │        └ {'dispatcher': <Dispatcher '0x209af490c20'>, 'bots': (<aiogram.client.bot.Bot object at 0x00000209AF37BA10>,), 'bot': <aiogra...
                 │    │                           │                  └ Message(message_id=1231, date=datetime.datetime(2025, 3, 6, 20, 3, 40, tzinfo=TzInfo(UTC)), chat=Chat(id=1914567632, type='pr...
                 │    │                           └ 'message'
                 │    └ <function Router.propagate_event at 0x00000209AE2AE840>
                 └ <Dispatcher '0x209af490c20'>
  File "C:\Users\Asus\AppData\Local\Programs\Python\Python313\Lib\site-packages\aiogram\dispatcher\router.py", line 146, in propagate_event
    return await observer.wrap_outer_middleware(_wrapped, event=event, data=kwargs)
                 │        │                     │               │           └ {'dispatcher': <Dispatcher '0x209af490c20'>, 'bots': (<aiogram.client.bot.Bot object at 0x00000209AF37BA10>,), 'bot': <aiogra...
                 │        │                     │               └ Message(message_id=1231, date=datetime.datetime(2025, 3, 6, 20, 3, 40, tzinfo=TzInfo(UTC)), chat=Chat(id=1914567632, type='pr...
                 │        │                     └ <function Router.propagate_event.<locals>._wrapped at 0x00000209B04E6B60>
                 │        └ <function TelegramEventObserver.wrap_outer_middleware at 0x00000209AE2ADA80>
                 └ <aiogram.dispatcher.event.telegram.TelegramEventObserver object at 0x00000209AF490980>
  File "C:\Users\Asus\AppData\Local\Programs\Python\Python313\Lib\site-packages\aiogram\dispatcher\router.py", line 141, in _wrapped
    return await self._propagate_event(
                 │    └ <function Router._propagate_event at 0x00000209AE2AE8E0>
                 └ <Dispatcher '0x209af490c20'>
  File "C:\Users\Asus\AppData\Local\Programs\Python\Python313\Lib\site-packages\aiogram\dispatcher\router.py", line 166, in _propagate_event
    response = await observer.trigger(event, **kwargs)
                     │        │       │        └ {'dispatcher': <Dispatcher '0x209af490c20'>, 'bots': (<aiogram.client.bot.Bot object at 0x00000209AF37BA10>,), 'bot': <aiogra...
                     │        │       └ Message(message_id=1231, date=datetime.datetime(2025, 3, 6, 20, 3, 40, tzinfo=TzInfo(UTC)), chat=Chat(id=1914567632, type='pr...
                     │        └ <function TelegramEventObserver.trigger at 0x00000209AE2ADBC0>
                     └ <aiogram.dispatcher.event.telegram.TelegramEventObserver object at 0x00000209AF490980>
  File "C:\Users\Asus\AppData\Local\Programs\Python\Python313\Lib\site-packages\aiogram\dispatcher\event\telegram.py", line 121, in trigger
    return await wrapped_inner(event, kwargs)
                 │             │      └ {'dispatcher': <Dispatcher '0x209af490c20'>, 'bots': (<aiogram.client.bot.Bot object at 0x00000209AF37BA10>,), 'bot': <aiogra...
                 │             └ Message(message_id=1231, date=datetime.datetime(2025, 3, 6, 20, 3, 40, tzinfo=TzInfo(UTC)), chat=Chat(id=1914567632, type='pr...
                 └ <function CallableObject.call at 0x00000209B04E6F20>
  File "C:\Users\Asus\AppData\Local\Programs\Python\Python313\Lib\site-packages\aiogram\dispatcher\event\handler.py", line 43, in call
    return await wrapped()
                 └ functools.partial(<function process_2fa at 0x00000209AF4C9080>, Message(message_id=1231, date=datetime.datetime(2025, 3, 6, 2...

  File "C:\Users\Asus\OneDrive\Рабочий стол\Kwork\chencnik\bot.py", line 236, in process_2fa
    success, result = await session_manager.auth_code(phone, None, password=password, phone_code_hash=phone_code_hash)
                            │               │         │                     │                         └ '75ced5d0bc0a10d8bd'
                            │               │         │                     └ 'Aysha'
                            │               │         └ '+79964324353'
                            │               └ <function SessionManager.auth_code at 0x00000209AF4872E0>
                            └ <utils.session_manager.SessionManager object at 0x00000209AF491E80>

> File "C:\Users\Asus\OneDrive\Рабочий стол\Kwork\chencnik\utils\session_manager.py", line 118, in auth_code
    await client.sign_in(password=password)
          │      │                └ 'Aysha'
          │      └ <function AuthMethods.sign_in at 0x00000209AF39C040>
          └ <telethon.client.telegramclient.TelegramClient object at 0x00000209B04D06E0>

  File "C:\Users\Asus\AppData\Local\Programs\Python\Python313\Lib\site-packages\telethon\client\auth.py", line 357, in sign_in
    result = await self(request)
                   │    └ <telethon.tl.functions.auth.CheckPasswordRequest object at 0x00000209B04D2A50>
                   └ <telethon.client.telegramclient.TelegramClient object at 0x00000209B04D06E0>
  File "C:\Users\Asus\AppData\Local\Programs\Python\Python313\Lib\site-packages\telethon\client\users.py", line 30, in __call__
    return await self._call(self._sender, request, ordered=ordered)
                 │    │     │    │        │                └ False
                 │    │     │    │        └ <telethon.tl.functions.auth.CheckPasswordRequest object at 0x00000209B04D2A50>
                 │    │     │    └ <telethon.network.mtprotosender.MTProtoSender object at 0x00000209B04D0980>
                 │    │     └ <telethon.client.telegramclient.TelegramClient object at 0x00000209B04D06E0>
                 │    └ <function UserMethods._call at 0x00000209AF24F2E0>
                 └ <telethon.client.telegramclient.TelegramClient object at 0x00000209B04D06E0>
  File "C:\Users\Asus\AppData\Local\Programs\Python\Python313\Lib\site-packages\telethon\client\users.py", line 87, in _call
    result = await future
                   └ <Future finished exception=PasswordHashInvalidError('The password (and thus its hash value) you entered is invalid (caused by...

telethon.errors.rpcerrorlist.PasswordHashInvalidError: The password (and thus its hash value) you entered is invalid (caused by CheckPasswordRequest)
2025-03-07 01:04:07 | INFO | Попытка добавления аккаунта с номером: +79964324353
2025-03-07 01:04:07 | INFO | Отправка запроса кода для номера +79964324353
2025-03-07 01:04:07 | INFO | Создание новой сессии для номера +79964324353
2025-03-07 01:04:09 | DEBUG | Подключение к Telegram установлено для +79964324353
2025-03-07 01:04:09 | INFO | Отправка запроса кода для +79964324353
2025-03-07 01:04:09 | INFO | Код успешно отправлен для +79964324353
2025-03-07 01:04:09 | INFO | Код подтверждения запрошен для номера +79964324353
2025-03-07 01:04:13 | INFO | Получен код подтверждения для номера +79964324353
2025-03-07 01:04:13 | DEBUG | phone_code_hash для +79964324353: cab4debca5a65cbd01
2025-03-07 01:04:13 | INFO | Попытка авторизации с кодом для номера +79964324353
2025-03-07 01:04:13 | INFO | Попытка авторизации по коду для +79964324353
2025-03-07 01:04:13 | DEBUG | Проверка кода для +79964324353
2025-03-07 01:04:13 | INFO | Требуется 2FA для +79964324353
2025-03-07 01:04:13 | INFO | Требуется 2FA для аккаунта +79964324353
2025-03-07 01:04:16 | INFO | Попытка авторизации по коду для +79964324353
2025-03-07 01:04:16 | DEBUG | Попытка входа с 2FA для +79964324353
2025-03-07 01:04:16 | INFO | 2FA пароль подтверждён для +79964324353
2025-03-07 01:04:16 | INFO | Сессия успешно сохранена в C:\Users\Asus\OneDrive\Рабочий стол\Kwork\chencnik\sessions\user.session
2025-03-07 01:05:02 | INFO | Получение клиента для сессии user.session
2025-03-07 01:05:03 | INFO | Клиент успешно создан для user.session
2025-03-07 01:05:48 | INFO | Получение клиента для сессии user.session
2025-03-07 01:05:49 | INFO | Клиент успешно создан для user.session
2025-03-07 01:05:49 | INFO | Создана задача отправки в группу Test Kwork через аккаунт +79964324353
2025-03-07 01:05:49 | INFO | [Этап 1/5] Начинаем отправку поста через аккаунт +79964324353 в группу 2417883175
2025-03-07 01:05:49 | INFO | [Этап 2/5] Попытка подписаться на группу -1002417883175
2025-03-07 01:05:49 | INFO | ✅ Успешно подписались на группу @Kwork_whomever
2025-03-07 01:05:49 | INFO | [Этап 2/5] ✅ Успешно подписались на группу
2025-03-07 01:05:51 | INFO | [Этап 2/5] ✅ Успешно получили группу: Test Kwork
2025-03-07 01:05:51 | INFO | Проверяем доступ к группе 2417883175
2025-03-07 01:05:52 | INFO | Успешно получили группу: Test Kwork
2025-03-07 01:05:52 | INFO | Успешно получили права для группы Test Kwork
2025-03-07 01:05:52 | INFO | [Этап 2/5] ✅ Права доступа подтверждены для Test Kwork
2025-03-07 01:05:52 | INFO | [Этап 3/5] Подготовка сообщения к отправке
2025-03-07 01:05:52 | INFO | [Этап 3/5] Подготовка фото
2025-03-07 01:05:54 | INFO | [Этап 5/5] ✅ Сообщение успешно отправлено в группу Test Kwork
2025-03-07 01:05:54 | INFO | [Статистика] Время выполнения: 4.87 секунд
2025-03-07 01:05:54 | INFO | ✅ Успешно отправлено в группу Test Kwork через аккаунт +79964324353
2025-03-07 01:07:21 | INFO | Получение клиента для сессии user.session
2025-03-07 01:07:22 | INFO | Клиент успешно создан для user.session
2025-03-07 01:07:22 | INFO | Создана задача отправки в группу Test Kwork через аккаунт +79964324353
2025-03-07 01:07:22 | INFO | [Этап 1/5] Начинаем отправку поста через аккаунт +79964324353 в группу 2417883175
2025-03-07 01:07:22 | INFO | [Этап 2/5] Попытка подписаться на группу -1002417883175
2025-03-07 01:07:22 | INFO | ✅ Успешно подписались на группу @Kwork_whomever
2025-03-07 01:07:22 | INFO | [Этап 2/5] ✅ Успешно подписались на группу
2025-03-07 01:07:24 | INFO | [Этап 2/5] ✅ Успешно получили группу: Test Kwork
2025-03-07 01:07:24 | INFO | Проверяем доступ к группе 2417883175
2025-03-07 01:07:24 | INFO | Успешно получили группу: Test Kwork
2025-03-07 01:07:25 | INFO | Успешно получили права для группы Test Kwork
2025-03-07 01:07:25 | INFO | [Этап 2/5] ✅ Права доступа подтверждены для Test Kwork
2025-03-07 01:07:25 | INFO | [Этап 3/5] Подготовка сообщения к отправке
2025-03-07 01:07:25 | INFO | [Этап 5/5] ✅ Сообщение успешно отправлено в группу Test Kwork
2025-03-07 01:07:25 | INFO | [Статистика] Время выполнения: 2.92 секунд
2025-03-07 01:07:25 | INFO | ✅ Успешно отправлено в группу Test Kwork через аккаунт +79964324353
2025-03-07 01:07:41 | INFO | Получение клиента для сессии user.session
2025-03-07 01:07:42 | INFO | Клиент успешно создан для user.session
2025-03-07 01:10:17 | INFO | Получение клиента для сессии user.session
2025-03-07 01:10:18 | INFO | Клиент успешно создан для user.session
2025-03-07 01:10:25 | INFO | Получение клиента для сессии user.session
2025-03-07 01:10:25 | INFO | Клиент успешно создан для user.session
2025-03-07 01:10:31 | INFO | Получение клиента для сессии user.session
2025-03-07 01:10:31 | INFO | Клиент успешно создан для user.session
2025-03-07 01:10:31 | ERROR | Ошибка при проверке группы @Whomever_test3: No user has "whomever_test3" as username
2025-03-07 01:10:39 | INFO | Получение клиента для сессии user.session
2025-03-07 01:10:40 | INFO | Клиент успешно создан для user.session
2025-03-07 01:10:40 | ERROR | Ошибка при проверке группы @Whomever_test4: No user has "whomever_test4" as username
2025-03-07 01:12:22 | INFO | Получение клиента для сессии user.session
2025-03-07 01:12:22 | INFO | Клиент успешно создан для user.session
2025-03-07 01:12:26 | INFO | Получение клиента для сессии user.session
2025-03-07 01:12:26 | INFO | Клиент успешно создан для user.session
2025-03-07 01:12:30 | INFO | Получение клиента для сессии user.session
2025-03-07 01:12:31 | INFO | Клиент успешно создан для user.session
2025-03-07 01:12:38 | INFO | Получение клиента для сессии user.session
2025-03-07 01:12:38 | INFO | Клиент успешно создан для user.session
2025-03-07 01:12:38 | INFO | Проверяем доступ к группе 2417883175
2025-03-07 01:12:38 | INFO | Успешно получили группу: Test Kwork
2025-03-07 01:12:39 | INFO | Успешно получили права для группы Test Kwork
2025-03-07 01:12:39 | INFO | Получение клиента для сессии user.session
2025-03-07 01:12:40 | INFO | Клиент успешно создан для user.session
2025-03-07 01:12:40 | INFO | Проверяем доступ к группе 2466959594
2025-03-07 01:12:40 | INFO | Успешно получили группу: Black Niggers 🤣/Ko'rshapalaklar / Night Nigger /Night Hunters / White nigers / Qora negrlar and Dark code forces
2025-03-07 01:12:40 | INFO | Успешно получили права для группы Black Niggers 🤣/Ko'rshapalaklar / Night Nigger /Night Hunters / White nigers / Qora negrlar and Dark code forces
2025-03-07 01:12:40 | INFO | Получение клиента для сессии user.session
2025-03-07 01:12:41 | INFO | Клиент успешно создан для user.session
2025-03-07 01:12:41 | INFO | Проверяем доступ к группе 2295736082
2025-03-07 01:12:41 | INFO | Успешно получили группу по username: 1231231
2025-03-07 01:12:42 | INFO | Успешно получили права для группы 1231231
2025-03-07 01:12:42 | INFO | Получение клиента для сессии user.session
2025-03-07 01:12:42 | INFO | Клиент успешно создан для user.session
2025-03-07 01:12:42 | INFO | Проверяем доступ к группе 2437874611
2025-03-07 01:12:42 | INFO | Успешно получили группу по username: Whomever_test
2025-03-07 01:12:43 | INFO | Успешно получили права для группы Whomever_test
2025-03-07 01:12:43 | INFO | Получение клиента для сессии user.session
2025-03-07 01:12:43 | INFO | Клиент успешно создан для user.session
2025-03-07 01:12:43 | INFO | Проверяем доступ к группе 2261556153
2025-03-07 01:12:44 | INFO | Успешно получили группу по username: Whomever_testad
2025-03-07 01:12:44 | INFO | Успешно получили права для группы Whomever_testad
2025-03-07 01:12:44 | INFO | Получение клиента для сессии user.session
2025-03-07 01:12:44 | INFO | Клиент успешно создан для user.session
2025-03-07 01:12:44 | INFO | Проверяем доступ к группе 2265285573
2025-03-07 01:12:45 | INFO | Успешно получили группу по username: Whomever_test2323
2025-03-07 01:12:45 | INFO | Успешно получили права для группы Whomever_test2323
2025-03-07 01:12:45 | INFO | Получение клиента для сессии user.session
2025-03-07 01:12:45 | INFO | Клиент успешно создан для user.session
2025-03-07 01:12:45 | INFO | Проверяем доступ к группе 2319912571
2025-03-07 01:12:46 | INFO | Успешно получили группу по username: Whomever_test55
2025-03-07 01:12:46 | INFO | Успешно получили права для группы Whomever_test55
2025-03-07 01:13:48 | INFO | Получение клиента для сессии user.session
2025-03-07 01:13:48 | INFO | Клиент успешно создан для user.session
2025-03-07 01:13:48 | INFO | Создана задача отправки в группу Test Kwork через аккаунт +79964324353
2025-03-07 01:13:49 | INFO | [Этап 1/5] Начинаем отправку поста через аккаунт +79964324353 в группу 2417883175
2025-03-07 01:13:49 | INFO | [Этап 2/5] Попытка подписаться на группу -1002417883175
2025-03-07 01:13:49 | INFO | ✅ Успешно подписались на группу @Kwork_whomever
2025-03-07 01:13:49 | INFO | [Этап 2/5] ✅ Успешно подписались на группу
2025-03-07 01:13:51 | INFO | [Этап 2/5] ✅ Успешно получили группу: Test Kwork
2025-03-07 01:13:51 | INFO | Проверяем доступ к группе 2417883175
2025-03-07 01:13:51 | INFO | Успешно получили группу: Test Kwork
2025-03-07 01:13:51 | INFO | Успешно получили права для группы Test Kwork
2025-03-07 01:13:51 | INFO | [Этап 2/5] ✅ Права доступа подтверждены для Test Kwork
2025-03-07 01:13:51 | INFO | [Этап 3/5] Подготовка сообщения к отправке
2025-03-07 01:13:52 | INFO | [Этап 5/5] ✅ Сообщение успешно отправлено в группу Test Kwork
2025-03-07 01:13:52 | INFO | [Статистика] Время выполнения: 3.10 секунд
2025-03-07 01:13:52 | INFO | ✅ Успешно отправлено в группу Test Kwork через аккаунт +79964324353
2025-03-07 01:13:52 | INFO | Получение клиента для сессии user.session
2025-03-07 01:13:52 | INFO | Клиент успешно создан для user.session
2025-03-07 01:13:52 | INFO | Создана задача отправки в группу 1231231 через аккаунт +79964324353
2025-03-07 01:13:53 | INFO | [Этап 1/5] Начинаем отправку поста через аккаунт +79964324353 в группу 2295736082
2025-03-07 01:13:53 | INFO | [Этап 2/5] Попытка подписаться на группу -1002295736082
2025-03-07 01:13:53 | INFO | ✅ Успешно подписались на группу @Whomever_test1
2025-03-07 01:13:53 | INFO | [Этап 2/5] ✅ Успешно подписались на группу
2025-03-07 01:13:55 | INFO | [Этап 2/5] ✅ Успешно получили группу: 1231231
2025-03-07 01:13:55 | INFO | Проверяем доступ к группе 2295736082
2025-03-07 01:13:55 | INFO | Успешно получили группу: 1231231
2025-03-07 01:13:55 | INFO | Успешно получили права для группы 1231231
2025-03-07 01:13:55 | INFO | [Этап 2/5] ✅ Права доступа подтверждены для 1231231
2025-03-07 01:13:55 | INFO | [Этап 3/5] Подготовка сообщения к отправке
2025-03-07 01:13:55 | INFO | [Этап 5/5] ✅ Сообщение успешно отправлено в группу 1231231
2025-03-07 01:13:55 | INFO | [Статистика] Время выполнения: 2.88 секунд
2025-03-07 01:13:55 | INFO | ✅ Успешно отправлено в группу 1231231 через аккаунт +79964324353
2025-03-07 01:13:56 | INFO | Получение клиента для сессии user.session
2025-03-07 01:13:56 | INFO | Клиент успешно создан для user.session
2025-03-07 01:13:56 | INFO | Создана задача отправки в группу Whomever_testad через аккаунт +79964324353
2025-03-07 01:13:56 | INFO | [Этап 1/5] Начинаем отправку поста через аккаунт +79964324353 в группу 2261556153
2025-03-07 01:13:56 | INFO | [Этап 2/5] Попытка подписаться на группу -1002261556153
2025-03-07 01:13:57 | INFO | ✅ Успешно подписались на группу @Whomever_test3
2025-03-07 01:13:57 | INFO | [Этап 2/5] ✅ Успешно подписались на группу
2025-03-07 01:13:59 | INFO | [Этап 2/5] ✅ Успешно получили группу: Whomever_testad
2025-03-07 01:13:59 | INFO | Проверяем доступ к группе 2261556153
2025-03-07 01:13:59 | INFO | Успешно получили группу: Whomever_testad
2025-03-07 01:13:59 | INFO | Успешно получили права для группы Whomever_testad
2025-03-07 01:13:59 | INFO | [Этап 2/5] ✅ Права доступа подтверждены для Whomever_testad
2025-03-07 01:13:59 | INFO | [Этап 3/5] Подготовка сообщения к отправке
2025-03-07 01:13:59 | INFO | [Этап 5/5] ✅ Сообщение успешно отправлено в группу Whomever_testad
2025-03-07 01:13:59 | INFO | [Статистика] Время выполнения: 2.92 секунд
2025-03-07 01:13:59 | INFO | ✅ Успешно отправлено в группу Whomever_testad через аккаунт +79964324353
2025-03-07 01:13:59 | INFO | Получение клиента для сессии user.session
2025-03-07 01:14:00 | INFO | Клиент успешно создан для user.session
2025-03-07 01:14:00 | INFO | Создана задача отправки в группу Whomever_test через аккаунт +79964324353
2025-03-07 01:14:00 | INFO | [Этап 1/5] Начинаем отправку поста через аккаунт +79964324353 в группу 2437874611
2025-03-07 01:14:00 | INFO | [Этап 2/5] Попытка подписаться на группу -1002437874611
2025-03-07 01:14:00 | INFO | ✅ Успешно подписались на группу @Whomever_test2
2025-03-07 01:14:00 | INFO | [Этап 2/5] ✅ Успешно подписались на группу
2025-03-07 01:14:02 | INFO | [Этап 2/5] ✅ Успешно получили группу: Whomever_test
2025-03-07 01:14:02 | INFO | Проверяем доступ к группе 2437874611
2025-03-07 01:14:03 | INFO | Успешно получили группу: Whomever_test
2025-03-07 01:14:03 | INFO | Успешно получили права для группы Whomever_test
2025-03-07 01:14:03 | INFO | [Этап 2/5] ✅ Права доступа подтверждены для Whomever_test
2025-03-07 01:14:03 | INFO | [Этап 3/5] Подготовка сообщения к отправке
2025-03-07 01:14:03 | INFO | [Этап 5/5] ✅ Сообщение успешно отправлено в группу Whomever_test
2025-03-07 01:14:03 | INFO | [Статистика] Время выполнения: 2.92 секунд
2025-03-07 01:14:03 | INFO | ✅ Успешно отправлено в группу Whomever_test через аккаунт +79964324353
2025-03-07 01:14:03 | INFO | Получение клиента для сессии user.session
2025-03-07 01:14:04 | INFO | Клиент успешно создан для user.session
2025-03-07 01:14:04 | INFO | Создана задача отправки в группу Black Niggers 🤣/Ko'rshapalaklar / Night Nigger /Night Hunters / White nigers / Qora negrlar and Dark code forces через аккаунт +79964324353
2025-03-07 01:14:04 | INFO | [Этап 1/5] Начинаем отправку поста через аккаунт +79964324353 в группу 2466959594
2025-03-07 01:14:04 | INFO | [Этап 2/5] Попытка подписаться на группу -1002466959594
2025-03-07 01:14:04 | INFO | ✅ Успешно подписались на группу @whomever_contact_test
2025-03-07 01:14:04 | INFO | [Этап 2/5] ✅ Успешно подписались на группу
2025-03-07 01:14:06 | INFO | [Этап 2/5] ✅ Успешно получили группу: Black Niggers 🤣/Ko'rshapalaklar / Night Nigger /Night Hunters / White nigers / Qora negrlar and Dark code forces
2025-03-07 01:14:06 | INFO | Проверяем доступ к группе 2466959594
2025-03-07 01:14:06 | INFO | Успешно получили группу: Black Niggers 🤣/Ko'rshapalaklar / Night Nigger /Night Hunters / White nigers / Qora negrlar and Dark code forces
2025-03-07 01:14:07 | INFO | Успешно получили права для группы Black Niggers 🤣/Ko'rshapalaklar / Night Nigger /Night Hunters / White nigers / Qora negrlar and Dark code forces
2025-03-07 01:14:07 | INFO | [Этап 2/5] ✅ Права доступа подтверждены для Black Niggers 🤣/Ko'rshapalaklar / Night Nigger /Night Hunters / White nigers / Qora negrlar and Dark code forces
2025-03-07 01:14:07 | INFO | [Этап 3/5] Подготовка сообщения к отправке
2025-03-07 01:14:07 | INFO | [Этап 5/5] ✅ Сообщение успешно отправлено в группу Black Niggers 🤣/Ko'rshapalaklar / Night Nigger /Night Hunters / White nigers / Qora negrlar and Dark code forces
2025-03-07 01:14:07 | INFO | [Статистика] Время выполнения: 2.93 секунд
2025-03-07 01:14:07 | INFO | ✅ Успешно отправлено в группу Black Niggers 🤣/Ko'rshapalaklar / Night Nigger /Night Hunters / White nigers / Qora negrlar and Dark code forces через аккаунт +79964324353
2025-03-07 01:14:07 | INFO | Получение клиента для сессии user.session
2025-03-07 01:14:08 | INFO | Клиент успешно создан для user.session
2025-03-07 01:14:08 | INFO | Создана задача отправки в группу Whomever_test2323 через аккаунт +79964324353
2025-03-07 01:14:08 | INFO | [Этап 1/5] Начинаем отправку поста через аккаунт +79964324353 в группу 2265285573
2025-03-07 01:14:08 | INFO | [Этап 2/5] Попытка подписаться на группу -1002265285573
2025-03-07 01:14:08 | INFO | ✅ Успешно подписались на группу @Whomever_test4
2025-03-07 01:14:08 | INFO | [Этап 2/5] ✅ Успешно подписались на группу
2025-03-07 01:14:10 | INFO | [Этап 2/5] ✅ Успешно получили группу: Whomever_test2323
2025-03-07 01:14:10 | INFO | Проверяем доступ к группе 2265285573
2025-03-07 01:14:11 | INFO | Успешно получили группу: Whomever_test2323
2025-03-07 01:14:11 | INFO | Успешно получили права для группы Whomever_test2323
2025-03-07 01:14:11 | INFO | [Этап 2/5] ✅ Права доступа подтверждены для Whomever_test2323
2025-03-07 01:14:11 | INFO | [Этап 3/5] Подготовка сообщения к отправке
2025-03-07 01:14:11 | INFO | [Этап 5/5] ✅ Сообщение успешно отправлено в группу Whomever_test2323
2025-03-07 01:14:11 | INFO | [Статистика] Время выполнения: 3.07 секунд
2025-03-07 01:14:11 | INFO | ✅ Успешно отправлено в группу Whomever_test2323 через аккаунт +79964324353
2025-03-07 01:14:11 | INFO | Получение клиента для сессии user.session
2025-03-07 01:14:12 | INFO | Клиент успешно создан для user.session
2025-03-07 01:14:12 | INFO | Создана задача отправки в группу Whomever_test55 через аккаунт +79964324353
2025-03-07 01:14:12 | INFO | [Этап 1/5] Начинаем отправку поста через аккаунт +79964324353 в группу 2319912571
2025-03-07 01:14:12 | INFO | [Этап 2/5] Попытка подписаться на группу -1002319912571
2025-03-07 01:14:12 | INFO | ✅ Успешно подписались на группу @Whomever_test5
2025-03-07 01:14:12 | INFO | [Этап 2/5] ✅ Успешно подписались на группу
2025-03-07 01:14:14 | INFO | [Этап 2/5] ✅ Успешно получили группу: Whomever_test55
2025-03-07 01:14:14 | INFO | Проверяем доступ к группе 2319912571
2025-03-07 01:14:14 | INFO | Успешно получили группу: Whomever_test55
2025-03-07 01:14:15 | INFO | Успешно получили права для группы Whomever_test55
2025-03-07 01:14:15 | INFO | [Этап 2/5] ✅ Права доступа подтверждены для Whomever_test55
2025-03-07 01:14:15 | INFO | [Этап 3/5] Подготовка сообщения к отправке
2025-03-07 01:14:15 | INFO | [Этап 5/5] ✅ Сообщение успешно отправлено в группу Whomever_test55
2025-03-07 01:14:15 | INFO | [Статистика] Время выполнения: 3.18 секунд
2025-03-07 01:14:15 | INFO | ✅ Успешно отправлено в группу Whomever_test55 через аккаунт +79964324353
2025-03-07 01:18:49 | INFO | Получение клиента для сессии user.session
2025-03-07 01:18:50 | INFO | Клиент успешно создан для user.session
2025-03-07 01:18:50 | INFO | Создана задача отправки в группу Black Niggers 🤣/Ko'rshapalaklar / Night Nigger /Night Hunters / White nigers / Qora negrlar and Dark code forces через аккаунт +79964324353
2025-03-07 01:18:50 | INFO | [Этап 1/5] Начинаем отправку поста через аккаунт +79964324353 в группу 2466959594
2025-03-07 01:18:50 | INFO | [Этап 2/5] Попытка подписаться на группу -1002466959594
2025-03-07 01:18:50 | INFO | ✅ Успешно подписались на группу @whomever_contact_test
2025-03-07 01:18:50 | INFO | [Этап 2/5] ✅ Успешно подписались на группу
2025-03-07 01:18:52 | INFO | [Этап 2/5] ✅ Успешно получили группу: Black Niggers 🤣/Ko'rshapalaklar / Night Nigger /Night Hunters / White nigers / Qora negrlar and Dark code forces
2025-03-07 01:18:52 | INFO | Проверяем доступ к группе 2466959594
2025-03-07 01:18:52 | INFO | Успешно получили группу: Black Niggers 🤣/Ko'rshapalaklar / Night Nigger /Night Hunters / White nigers / Qora negrlar and Dark code forces
2025-03-07 01:18:53 | INFO | Успешно получили права для группы Black Niggers 🤣/Ko'rshapalaklar / Night Nigger /Night Hunters / White nigers / Qora negrlar and Dark code forces
2025-03-07 01:18:53 | INFO | [Этап 2/5] ✅ Права доступа подтверждены для Black Niggers 🤣/Ko'rshapalaklar / Night Nigger /Night Hunters / White nigers / Qora negrlar and Dark code forces
2025-03-07 01:18:53 | INFO | [Этап 3/5] Подготовка сообщения к отправке
2025-03-07 01:18:53 | INFO | [Этап 5/5] ✅ Сообщение успешно отправлено в группу Black Niggers 🤣/Ko'rshapalaklar / Night Nigger /Night Hunters / White nigers / Qora negrlar and Dark code forces
2025-03-07 01:18:53 | INFO | [Статистика] Время выполнения: 3.28 секунд
2025-03-07 01:18:53 | INFO | ✅ Успешно отправлено в группу Black Niggers 🤣/Ko'rshapalaklar / Night Nigger /Night Hunters / White nigers / Qora negrlar and Dark code forces через аккаунт +79964324353
2025-03-07 01:19:33 | INFO | Получение клиента для сессии user.session
2025-03-07 01:19:34 | INFO | Клиент успешно создан для user.session
2025-03-07 01:19:34 | INFO | Создана задача отправки в группу Black Niggers 🤣/Ko'rshapalaklar / Night Nigger /Night Hunters / White nigers / Qora negrlar and Dark code forces через аккаунт +79964324353
2025-03-07 01:19:34 | INFO | [Этап 1/5] Начинаем отправку поста через аккаунт +79964324353 в группу 2466959594
2025-03-07 01:19:34 | INFO | [Этап 2/5] Попытка подписаться на группу -1002466959594
2025-03-07 01:19:34 | INFO | ✅ Успешно подписались на группу @whomever_contact_test
2025-03-07 01:19:34 | INFO | [Этап 2/5] ✅ Успешно подписались на группу
2025-03-07 01:19:36 | INFO | [Этап 2/5] ✅ Успешно получили группу: Black Niggers 🤣/Ko'rshapalaklar / Night Nigger /Night Hunters / White nigers / Qora negrlar and Dark code forces
2025-03-07 01:19:36 | INFO | Проверяем доступ к группе 2466959594
2025-03-07 01:19:36 | INFO | Успешно получили группу: Black Niggers 🤣/Ko'rshapalaklar / Night Nigger /Night Hunters / White nigers / Qora negrlar and Dark code forces
2025-03-07 01:19:37 | INFO | Успешно получили права для группы Black Niggers 🤣/Ko'rshapalaklar / Night Nigger /Night Hunters / White nigers / Qora negrlar and Dark code forces
2025-03-07 01:19:37 | INFO | [Этап 2/5] ✅ Права доступа подтверждены для Black Niggers 🤣/Ko'rshapalaklar / Night Nigger /Night Hunters / White nigers / Qora negrlar and Dark code forces
2025-03-07 01:19:37 | INFO | [Этап 3/5] Подготовка сообщения к отправке
2025-03-07 01:19:37 | INFO | [Этап 3/5] Подготовка документа
2025-03-07 01:19:52 | INFO | [Этап 5/5] ✅ Сообщение успешно отправлено в группу Black Niggers 🤣/Ko'rshapalaklar / Night Nigger /Night Hunters / White nigers / Qora negrlar and Dark code forces
2025-03-07 01:19:52 | INFO | [Статистика] Время выполнения: 18.41 секунд
2025-03-07 01:19:52 | INFO | ✅ Успешно отправлено в группу Black Niggers 🤣/Ko'rshapalaklar / Night Nigger /Night Hunters / White nigers / Qora negrlar and Dark code forces через аккаунт +79964324353
2025-03-07 01:19:52 | INFO | Получение клиента для сессии user.session
2025-03-07 01:19:53 | INFO | Клиент успешно создан для user.session
2025-03-07 01:19:53 | INFO | Создана задача отправки в группу 1231231 через аккаунт +79964324353
2025-03-07 01:19:53 | INFO | [Этап 1/5] Начинаем отправку поста через аккаунт +79964324353 в группу 2295736082
2025-03-07 01:19:53 | INFO | [Этап 2/5] Попытка подписаться на группу -1002295736082
2025-03-07 01:19:53 | INFO | ✅ Успешно подписались на группу @Whomever_test1
2025-03-07 01:19:53 | INFO | [Этап 2/5] ✅ Успешно подписались на группу
2025-03-07 01:19:55 | INFO | [Этап 2/5] ✅ Успешно получили группу: 1231231
2025-03-07 01:19:55 | INFO | Проверяем доступ к группе 2295736082
2025-03-07 01:19:56 | INFO | Успешно получили группу: 1231231
2025-03-07 01:19:56 | INFO | Успешно получили права для группы 1231231
2025-03-07 01:19:56 | INFO | [Этап 2/5] ✅ Права доступа подтверждены для 1231231
2025-03-07 01:19:56 | INFO | [Этап 3/5] Подготовка сообщения к отправке
2025-03-07 01:19:56 | INFO | [Этап 3/5] Подготовка документа
2025-03-07 01:20:10 | INFO | [Этап 5/5] ✅ Сообщение успешно отправлено в группу 1231231
2025-03-07 01:20:10 | INFO | [Статистика] Время выполнения: 16.45 секунд
2025-03-07 01:20:10 | INFO | ✅ Успешно отправлено в группу 1231231 через аккаунт +79964324353
2025-03-07 01:20:10 | INFO | Получение клиента для сессии user.session
2025-03-07 01:20:10 | INFO | Клиент успешно создан для user.session
2025-03-07 01:20:10 | INFO | Создана задача отправки в группу Whomever_test через аккаунт +79964324353
2025-03-07 01:20:10 | INFO | [Этап 1/5] Начинаем отправку поста через аккаунт +79964324353 в группу 2437874611
2025-03-07 01:20:10 | INFO | [Этап 2/5] Попытка подписаться на группу -1002437874611
2025-03-07 01:20:11 | INFO | ✅ Успешно подписались на группу @Whomever_test2
2025-03-07 01:20:11 | INFO | [Этап 2/5] ✅ Успешно подписались на группу
2025-03-07 01:20:13 | INFO | [Этап 2/5] ✅ Успешно получили группу: Whomever_test
2025-03-07 01:20:13 | INFO | Проверяем доступ к группе 2437874611
2025-03-07 01:20:13 | INFO | Успешно получили группу: Whomever_test
2025-03-07 01:20:13 | INFO | Успешно получили права для группы Whomever_test
2025-03-07 01:20:13 | INFO | [Этап 2/5] ✅ Права доступа подтверждены для Whomever_test
2025-03-07 01:20:13 | INFO | [Этап 3/5] Подготовка сообщения к отправке
2025-03-07 01:20:13 | INFO | [Этап 3/5] Подготовка документа
2025-03-07 01:20:27 | INFO | [Этап 5/5] ✅ Сообщение успешно отправлено в группу Whomever_test
2025-03-07 01:20:27 | INFO | [Статистика] Время выполнения: 16.26 секунд
2025-03-07 01:20:27 | INFO | ✅ Успешно отправлено в группу Whomever_test через аккаунт +79964324353
2025-03-07 01:20:27 | INFO | Получение клиента для сессии user.session
2025-03-07 01:20:28 | INFO | Клиент успешно создан для user.session
2025-03-07 01:20:28 | INFO | Создана задача отправки в группу Whomever_test2323 через аккаунт +79964324353
2025-03-07 01:20:28 | INFO | [Этап 1/5] Начинаем отправку поста через аккаунт +79964324353 в группу 2265285573
2025-03-07 01:20:28 | INFO | [Этап 2/5] Попытка подписаться на группу -1002265285573
2025-03-07 01:20:28 | INFO | ✅ Успешно подписались на группу @Whomever_test4
2025-03-07 01:20:28 | INFO | [Этап 2/5] ✅ Успешно подписались на группу
2025-03-07 01:20:30 | INFO | [Этап 2/5] ✅ Успешно получили группу: Whomever_test2323
2025-03-07 01:20:30 | INFO | Проверяем доступ к группе 2265285573
2025-03-07 01:20:30 | INFO | Успешно получили группу: Whomever_test2323
2025-03-07 01:20:31 | INFO | Успешно получили права для группы Whomever_test2323
2025-03-07 01:20:31 | INFO | [Этап 2/5] ✅ Права доступа подтверждены для Whomever_test2323
2025-03-07 01:20:31 | INFO | [Этап 3/5] Подготовка сообщения к отправке
2025-03-07 01:20:31 | INFO | [Этап 3/5] Подготовка документа
2025-03-07 01:20:43 | INFO | [Этап 5/5] ✅ Сообщение успешно отправлено в группу Whomever_test2323
2025-03-07 01:20:43 | INFO | [Статистика] Время выполнения: 15.67 секунд
2025-03-07 01:20:43 | INFO | ✅ Успешно отправлено в группу Whomever_test2323 через аккаунт +79964324353
2025-03-07 01:20:44 | INFO | Получение клиента для сессии user.session
2025-03-07 01:20:44 | INFO | Клиент успешно создан для user.session
2025-03-07 01:20:44 | INFO | Создана задача отправки в группу Whomever_test55 через аккаунт +79964324353
2025-03-07 01:20:44 | INFO | [Этап 1/5] Начинаем отправку поста через аккаунт +79964324353 в группу 2319912571
2025-03-07 01:20:44 | INFO | [Этап 2/5] Попытка подписаться на группу -1002319912571
2025-03-07 01:20:45 | INFO | ✅ Успешно подписались на группу @Whomever_test5
2025-03-07 01:20:45 | INFO | [Этап 2/5] ✅ Успешно подписались на группу
2025-03-07 01:20:47 | INFO | [Этап 2/5] ✅ Успешно получили группу: Whomever_test55
2025-03-07 01:20:47 | INFO | Проверяем доступ к группе 2319912571
2025-03-07 01:20:47 | INFO | Успешно получили группу: Whomever_test55
2025-03-07 01:20:47 | INFO | Успешно получили права для группы Whomever_test55
2025-03-07 01:20:47 | INFO | [Этап 2/5] ✅ Права доступа подтверждены для Whomever_test55
2025-03-07 01:20:47 | INFO | [Этап 3/5] Подготовка сообщения к отправке
2025-03-07 01:20:47 | INFO | [Этап 3/5] Подготовка документа
2025-03-07 01:21:01 | INFO | [Этап 5/5] ✅ Сообщение успешно отправлено в группу Whomever_test55
2025-03-07 01:21:01 | INFO | [Статистика] Время выполнения: 16.10 секунд
2025-03-07 01:21:01 | INFO | ✅ Успешно отправлено в группу Whomever_test55 через аккаунт +79964324353
2025-03-07 01:21:01 | INFO | Получение клиента для сессии user.session
2025-03-07 01:21:01 | INFO | Клиент успешно создан для user.session
2025-03-07 01:21:01 | INFO | Создана задача отправки в группу Whomever_testad через аккаунт +79964324353
2025-03-07 01:21:01 | INFO | [Этап 1/5] Начинаем отправку поста через аккаунт +79964324353 в группу 2261556153
2025-03-07 01:21:01 | INFO | [Этап 2/5] Попытка подписаться на группу -1002261556153
2025-03-07 01:21:02 | INFO | ✅ Успешно подписались на группу @Whomever_test3
2025-03-07 01:21:02 | INFO | [Этап 2/5] ✅ Успешно подписались на группу
2025-03-07 01:21:04 | INFO | [Этап 2/5] ✅ Успешно получили группу: Whomever_testad
2025-03-07 01:21:04 | INFO | Проверяем доступ к группе 2261556153
2025-03-07 01:21:04 | INFO | Успешно получили группу: Whomever_testad
2025-03-07 01:21:04 | INFO | Успешно получили права для группы Whomever_testad
2025-03-07 01:21:04 | INFO | [Этап 2/5] ✅ Права доступа подтверждены для Whomever_testad
2025-03-07 01:21:04 | INFO | [Этап 3/5] Подготовка сообщения к отправке
2025-03-07 01:21:04 | INFO | [Этап 3/5] Подготовка документа
2025-03-07 01:21:17 | INFO | [Этап 5/5] ✅ Сообщение успешно отправлено в группу Whomever_testad
2025-03-07 01:21:17 | INFO | [Статистика] Время выполнения: 16.10 секунд
2025-03-07 01:21:17 | INFO | ✅ Успешно отправлено в группу Whomever_testad через аккаунт +79964324353
2025-03-07 01:21:18 | INFO | Получение клиента для сессии user.session
2025-03-07 01:21:18 | INFO | Клиент успешно создан для user.session
2025-03-07 01:21:18 | INFO | Создана задача отправки в группу Test Kwork через аккаунт +79964324353
2025-03-07 01:21:18 | INFO | [Этап 1/5] Начинаем отправку поста через аккаунт +79964324353 в группу 2417883175
2025-03-07 01:21:18 | INFO | [Этап 2/5] Попытка подписаться на группу -1002417883175
2025-03-07 01:21:19 | INFO | ✅ Успешно подписались на группу @Kwork_whomever
2025-03-07 01:21:19 | INFO | [Этап 2/5] ✅ Успешно подписались на группу
2025-03-07 01:21:21 | INFO | [Этап 2/5] ✅ Успешно получили группу: Test Kwork
2025-03-07 01:21:21 | INFO | Проверяем доступ к группе 2417883175
2025-03-07 01:21:21 | INFO | Успешно получили группу: Test Kwork
2025-03-07 01:21:21 | INFO | Успешно получили права для группы Test Kwork
2025-03-07 01:21:21 | INFO | [Этап 2/5] ✅ Права доступа подтверждены для Test Kwork
2025-03-07 01:21:21 | INFO | [Этап 3/5] Подготовка сообщения к отправке
2025-03-07 01:21:21 | INFO | [Этап 3/5] Подготовка документа
2025-03-07 01:21:34 | INFO | [Этап 5/5] ✅ Сообщение успешно отправлено в группу Test Kwork
2025-03-07 01:21:34 | INFO | [Статистика] Время выполнения: 15.60 секунд
2025-03-07 01:21:34 | INFO | ✅ Успешно отправлено в группу Test Kwork через аккаунт +79964324353
