2025-03-07 04:04:49 | INFO | Инициализация SessionManager
2025-03-07 04:04:49 | DEBUG | Загружен существующий ключ шифрования
2025-03-07 04:05:20 | INFO | Получение клиента для сессии +79964324353.session
2025-03-07 04:05:21 | INFO | Клиент успешно создан для +79964324353.session
2025-03-07 04:05:21 | INFO | Создана задача отправки в группу Black Niggers 🤣/Ko'rshapalaklar / Night Nigger /Night Hunters / White nigers / Qora negrlar and Dark code forces через аккаунт +79964324353
2025-03-07 04:05:21 | INFO | Получение клиента для сессии +79964324353.session
2025-03-07 04:05:21 | INFO | [Этап 1/5] Начинаем отправку поста через аккаунт +79964324353 в группу 2466959594
2025-03-07 04:05:21 | INFO | [Этап 2/5] Попытка подписаться на группу -1002466959594
2025-03-07 04:05:21 | INFO | ✅ Успешно подписались на группу @whomever_contact_test
2025-03-07 04:05:21 | INFO | [Этап 2/5] ✅ Успешно подписались на группу
2025-03-07 04:05:21 | INFO | Клиент успешно создан для +79964324353.session
2025-03-07 04:05:21 | INFO | Создана задача отправки в группу Whomever_test55 через аккаунт +79964324353
2025-03-07 04:05:21 | INFO | Получение клиента для сессии +79964324353.session
2025-03-07 04:05:22 | INFO | [Этап 1/5] Начинаем отправку поста через аккаунт +79964324353 в группу 2319912571
2025-03-07 04:05:22 | INFO | [Этап 2/5] Попытка подписаться на группу -1002319912571
2025-03-07 04:05:22 | INFO | ✅ Успешно подписались на группу @Whomever_test5
2025-03-07 04:05:22 | INFO | [Этап 2/5] ✅ Успешно подписались на группу
2025-03-07 04:05:22 | INFO | Клиент успешно создан для +79964324353.session
2025-03-07 04:05:22 | INFO | Создана задача отправки в группу Test Kwork через аккаунт +79964324353
2025-03-07 04:05:22 | INFO | [Этап 1/5] Начинаем отправку поста через аккаунт +79964324353 в группу 2417883175
2025-03-07 04:05:22 | INFO | [Этап 2/5] Попытка подписаться на группу -1002417883175
2025-03-07 04:05:23 | INFO | ✅ Успешно подписались на группу @Kwork_whomever
2025-03-07 04:05:23 | INFO | [Этап 2/5] ✅ Успешно подписались на группу
2025-03-07 04:05:23 | INFO | [Этап 2/5] ✅ Успешно получили группу: Black Niggers 🤣/Ko'rshapalaklar / Night Nigger /Night Hunters / White nigers / Qora negrlar and Dark code forces
2025-03-07 04:05:23 | INFO | Проверяем доступ к группе 2466959594
2025-03-07 04:05:23 | INFO | Успешно получили группу: Black Niggers 🤣/Ko'rshapalaklar / Night Nigger /Night Hunters / White nigers / Qora negrlar and Dark code forces
2025-03-07 04:05:24 | INFO | Успешно получили права для группы Black Niggers 🤣/Ko'rshapalaklar / Night Nigger /Night Hunters / White nigers / Qora negrlar and Dark code forces
2025-03-07 04:05:24 | INFO | [Этап 2/5] ✅ Права доступа подтверждены для Black Niggers 🤣/Ko'rshapalaklar / Night Nigger /Night Hunters / White nigers / Qora negrlar and Dark code forces
2025-03-07 04:05:24 | INFO | [Этап 3/5] Подготовка сообщения к отправке
2025-03-07 04:05:24 | INFO | [Этап 3/5] Подготовка фото
2025-03-07 04:05:24 | INFO | [Этап 2/5] ✅ Успешно получили группу: Whomever_test55
2025-03-07 04:05:24 | INFO | Проверяем доступ к группе 2319912571
2025-03-07 04:05:24 | INFO | Успешно получили группу: Whomever_test55
2025-03-07 04:05:24 | INFO | Успешно получили права для группы Whomever_test55
2025-03-07 04:05:24 | INFO | [Этап 2/5] ✅ Права доступа подтверждены для Whomever_test55
2025-03-07 04:05:24 | INFO | [Этап 3/5] Подготовка сообщения к отправке
2025-03-07 04:05:24 | INFO | [Этап 3/5] Подготовка фото
2025-03-07 04:05:25 | INFO | [Этап 2/5] ✅ Успешно получили группу: Test Kwork
2025-03-07 04:05:25 | INFO | Проверяем доступ к группе 2417883175
2025-03-07 04:05:25 | INFO | Успешно получили группу: Test Kwork
2025-03-07 04:05:25 | ERROR | [Этап 4/5] ❌ Ошибка при отправке фото: [WinError 32] Процесс не может получить доступ к файлу, так как этот файл занят другим процессом: 'temp_media/photo_20250307_040524.jpg'
2025-03-07 04:05:25 | ERROR | [Этап 4/5] ❌ Ошибка при отправке сообщения: [WinError 32] Процесс не может получить доступ к файлу, так как этот файл занят другим процессом: 'temp_media/photo_20250307_040524.jpg'
2025-03-07 04:05:25 | INFO | [Повтор] Пробуем отправить снова через 30 сек (попытка 1/3)
2025-03-07 04:05:25 | INFO | Успешно получили права для группы Test Kwork
2025-03-07 04:05:25 | INFO | [Этап 2/5] ✅ Права доступа подтверждены для Test Kwork
2025-03-07 04:05:25 | INFO | [Этап 3/5] Подготовка сообщения к отправке
2025-03-07 04:05:25 | INFO | [Этап 3/5] Подготовка фото
2025-03-07 04:05:25 | INFO | [Этап 5/5] ✅ Сообщение успешно отправлено в группу Whomever_test55
2025-03-07 04:05:25 | INFO | [Статистика] Время выполнения: 3.65 секунд
2025-03-07 04:05:26 | INFO | [Этап 5/5] ✅ Сообщение успешно отправлено в группу Test Kwork
2025-03-07 04:05:26 | INFO | [Статистика] Время выполнения: 3.63 секунд
