2025-03-07 03:46:56 | INFO | Инициализация SessionManager
2025-03-07 03:46:56 | DEBUG | Загружен существующий ключ шифрования
2025-03-07 03:47:13 | INFO | Получение клиента для сессии +79964324353.session
2025-03-07 03:47:14 | INFO | Клиент успешно создан для +79964324353.session
2025-03-07 03:47:14 | INFO | Создана задача отправки в группу Whomever_test55 через аккаунт +79964324353
2025-03-07 03:47:14 | INFO | [Этап 1/5] Начинаем отправку поста через аккаунт +79964324353 в группу 2319912571
2025-03-07 03:47:14 | INFO | [Этап 2/5] Попытка подписаться на группу -1002319912571
2025-03-07 03:47:14 | INFO | ✅ Успешно подписались на группу @Whomever_test5
2025-03-07 03:47:14 | INFO | [Этап 2/5] ✅ Успешно подписались на группу
2025-03-07 03:47:16 | INFO | [Этап 2/5] ✅ Успешно получили группу: Whomever_test55
2025-03-07 03:47:16 | INFO | Проверяем доступ к группе 2319912571
2025-03-07 03:47:16 | INFO | Успешно получили группу: Whomever_test55
2025-03-07 03:47:16 | INFO | Успешно получили права для группы Whomever_test55
2025-03-07 03:47:16 | INFO | [Этап 2/5] ✅ Права доступа подтверждены для Whomever_test55
2025-03-07 03:47:16 | INFO | [Этап 3/5] Подготовка сообщения к отправке
2025-03-07 03:47:16 | INFO | [Этап 5/5] ✅ Сообщение успешно отправлено в группу Whomever_test55
2025-03-07 03:47:16 | INFO | [Статистика] Время выполнения: 2.84 секунд
2025-03-07 03:47:16 | INFO | ✅ Успешно отправлено в группу Whomever_test55 через аккаунт +79964324353
2025-03-07 03:47:16 | INFO | Получение клиента для сессии +79964324353.session
2025-03-07 03:47:17 | INFO | Клиент успешно создан для +79964324353.session
2025-03-07 03:47:17 | INFO | Создана задача отправки в группу Whomever_test2323 через аккаунт +79964324353
2025-03-07 03:47:17 | INFO | [Этап 1/5] Начинаем отправку поста через аккаунт +79964324353 в группу 2265285573
2025-03-07 03:47:17 | INFO | [Этап 2/5] Попытка подписаться на группу -1002265285573
2025-03-07 03:47:17 | INFO | ✅ Успешно подписались на группу @Whomever_test4
2025-03-07 03:47:17 | INFO | [Этап 2/5] ✅ Успешно подписались на группу
2025-03-07 03:47:19 | INFO | [Этап 2/5] ✅ Успешно получили группу: Whomever_test2323
2025-03-07 03:47:19 | INFO | Проверяем доступ к группе 2265285573
2025-03-07 03:47:20 | INFO | Успешно получили группу: Whomever_test2323
2025-03-07 03:47:20 | INFO | Успешно получили права для группы Whomever_test2323
2025-03-07 03:47:20 | INFO | [Этап 2/5] ✅ Права доступа подтверждены для Whomever_test2323
2025-03-07 03:47:20 | INFO | [Этап 3/5] Подготовка сообщения к отправке
2025-03-07 03:47:20 | INFO | [Этап 5/5] ✅ Сообщение успешно отправлено в группу Whomever_test2323
2025-03-07 03:47:20 | INFO | [Статистика] Время выполнения: 2.87 секунд
2025-03-07 03:47:20 | INFO | ✅ Успешно отправлено в группу Whomever_test2323 через аккаунт +79964324353
2025-03-07 03:47:20 | INFO | Получение клиента для сессии +79964324353.session
2025-03-07 03:47:21 | INFO | Клиент успешно создан для +79964324353.session
2025-03-07 03:47:21 | INFO | Создана задача отправки в группу Whomever_testad через аккаунт +79964324353
2025-03-07 03:47:21 | INFO | [Этап 1/5] Начинаем отправку поста через аккаунт +79964324353 в группу 2261556153
2025-03-07 03:47:21 | INFO | [Этап 2/5] Попытка подписаться на группу -1002261556153
2025-03-07 03:47:21 | INFO | ✅ Успешно подписались на группу @Whomever_test3
2025-03-07 03:47:21 | INFO | [Этап 2/5] ✅ Успешно подписались на группу
2025-03-07 03:47:23 | INFO | [Этап 2/5] ✅ Успешно получили группу: Whomever_testad
2025-03-07 03:47:23 | INFO | Проверяем доступ к группе 2261556153
2025-03-07 03:47:23 | INFO | Успешно получили группу: Whomever_testad
2025-03-07 03:47:23 | INFO | Успешно получили права для группы Whomever_testad
2025-03-07 03:47:23 | INFO | [Этап 2/5] ✅ Права доступа подтверждены для Whomever_testad
2025-03-07 03:47:23 | INFO | [Этап 3/5] Подготовка сообщения к отправке
2025-03-07 03:47:24 | INFO | [Этап 5/5] ✅ Сообщение успешно отправлено в группу Whomever_testad
2025-03-07 03:47:24 | INFO | [Статистика] Время выполнения: 2.85 секунд
2025-03-07 03:47:24 | INFO | ✅ Успешно отправлено в группу Whomever_testad через аккаунт +79964324353
2025-03-07 03:47:24 | INFO | Получение клиента для сессии +79964324353.session
2025-03-07 03:47:24 | INFO | Клиент успешно создан для +79964324353.session
2025-03-07 03:47:24 | INFO | Создана задача отправки в группу Whomever_test через аккаунт +79964324353
2025-03-07 03:47:24 | INFO | [Этап 1/5] Начинаем отправку поста через аккаунт +79964324353 в группу 2437874611
2025-03-07 03:47:24 | INFO | [Этап 2/5] Попытка подписаться на группу -1002437874611
2025-03-07 03:47:24 | INFO | ✅ Успешно подписались на группу @Whomever_test2
2025-03-07 03:47:24 | INFO | [Этап 2/5] ✅ Успешно подписались на группу
2025-03-07 03:47:27 | INFO | [Этап 2/5] ✅ Успешно получили группу: Whomever_test
2025-03-07 03:47:27 | INFO | Проверяем доступ к группе 2437874611
2025-03-07 03:47:27 | INFO | Успешно получили группу: Whomever_test
2025-03-07 03:47:27 | INFO | Успешно получили права для группы Whomever_test
2025-03-07 03:47:27 | INFO | [Этап 2/5] ✅ Права доступа подтверждены для Whomever_test
2025-03-07 03:47:27 | INFO | [Этап 3/5] Подготовка сообщения к отправке
2025-03-07 03:47:27 | INFO | [Этап 5/5] ✅ Сообщение успешно отправлено в группу Whomever_test
2025-03-07 03:47:27 | INFO | [Статистика] Время выполнения: 2.85 секунд
2025-03-07 03:47:27 | INFO | ✅ Успешно отправлено в группу Whomever_test через аккаунт +79964324353
2025-03-07 03:47:27 | INFO | Получение клиента для сессии +79964324353.session
2025-03-07 03:47:28 | INFO | Клиент успешно создан для +79964324353.session
2025-03-07 03:47:28 | INFO | Создана задача отправки в группу 1231231 через аккаунт +79964324353
2025-03-07 03:47:28 | INFO | [Этап 1/5] Начинаем отправку поста через аккаунт +79964324353 в группу 2295736082
2025-03-07 03:47:28 | INFO | [Этап 2/5] Попытка подписаться на группу -1002295736082
2025-03-07 03:47:28 | INFO | ✅ Успешно подписались на группу @Whomever_test1
2025-03-07 03:47:28 | INFO | [Этап 2/5] ✅ Успешно подписались на группу
2025-03-07 03:47:30 | INFO | [Этап 2/5] ✅ Успешно получили группу: 1231231
2025-03-07 03:47:30 | INFO | Проверяем доступ к группе 2295736082
2025-03-07 03:47:30 | INFO | Успешно получили группу: 1231231
2025-03-07 03:47:31 | INFO | Успешно получили права для группы 1231231
2025-03-07 03:47:31 | INFO | [Этап 2/5] ✅ Права доступа подтверждены для 1231231
2025-03-07 03:47:31 | INFO | [Этап 3/5] Подготовка сообщения к отправке
2025-03-07 03:47:31 | INFO | [Этап 5/5] ✅ Сообщение успешно отправлено в группу 1231231
2025-03-07 03:47:31 | INFO | [Статистика] Время выполнения: 2.88 секунд
2025-03-07 03:47:31 | INFO | ✅ Успешно отправлено в группу 1231231 через аккаунт +79964324353
2025-03-07 03:47:31 | INFO | Получение клиента для сессии +79964324353.session
2025-03-07 03:47:31 | INFO | Клиент успешно создан для +79964324353.session
2025-03-07 03:47:31 | INFO | Создана задача отправки в группу Black Niggers 🤣/Ko'rshapalaklar / Night Nigger /Night Hunters / White nigers / Qora negrlar and Dark code forces через аккаунт +79964324353
2025-03-07 03:47:31 | INFO | [Этап 1/5] Начинаем отправку поста через аккаунт +79964324353 в группу 2466959594
2025-03-07 03:47:31 | INFO | [Этап 2/5] Попытка подписаться на группу -1002466959594
2025-03-07 03:47:32 | INFO | ✅ Успешно подписались на группу @whomever_contact_test
2025-03-07 03:47:32 | INFO | [Этап 2/5] ✅ Успешно подписались на группу
2025-03-07 03:47:34 | INFO | [Этап 2/5] ✅ Успешно получили группу: Black Niggers 🤣/Ko'rshapalaklar / Night Nigger /Night Hunters / White nigers / Qora negrlar and Dark code forces
2025-03-07 03:47:34 | INFO | Проверяем доступ к группе 2466959594
2025-03-07 03:47:34 | INFO | Успешно получили группу: Black Niggers 🤣/Ko'rshapalaklar / Night Nigger /Night Hunters / White nigers / Qora negrlar and Dark code forces
2025-03-07 03:47:34 | INFO | Успешно получили права для группы Black Niggers 🤣/Ko'rshapalaklar / Night Nigger /Night Hunters / White nigers / Qora negrlar and Dark code forces
2025-03-07 03:47:34 | INFO | [Этап 2/5] ✅ Права доступа подтверждены для Black Niggers 🤣/Ko'rshapalaklar / Night Nigger /Night Hunters / White nigers / Qora negrlar and Dark code forces
2025-03-07 03:47:34 | INFO | [Этап 3/5] Подготовка сообщения к отправке
2025-03-07 03:47:34 | INFO | [Этап 5/5] ✅ Сообщение успешно отправлено в группу Black Niggers 🤣/Ko'rshapalaklar / Night Nigger /Night Hunters / White nigers / Qora negrlar and Dark code forces
2025-03-07 03:47:34 | INFO | [Статистика] Время выполнения: 2.87 секунд
2025-03-07 03:47:34 | INFO | ✅ Успешно отправлено в группу Black Niggers 🤣/Ko'rshapalaklar / Night Nigger /Night Hunters / White nigers / Qora negrlar and Dark code forces через аккаунт +79964324353
2025-03-07 03:47:34 | INFO | Получение клиента для сессии +79964324353.session
2025-03-07 03:47:35 | INFO | Клиент успешно создан для +79964324353.session
2025-03-07 03:47:35 | INFO | Создана задача отправки в группу Test Kwork через аккаунт +79964324353
2025-03-07 03:47:35 | INFO | [Этап 1/5] Начинаем отправку поста через аккаунт +79964324353 в группу 2417883175
2025-03-07 03:47:35 | INFO | [Этап 2/5] Попытка подписаться на группу -1002417883175
2025-03-07 03:47:35 | INFO | ✅ Успешно подписались на группу @Kwork_whomever
2025-03-07 03:47:35 | INFO | [Этап 2/5] ✅ Успешно подписались на группу
2025-03-07 03:47:37 | INFO | [Этап 2/5] ✅ Успешно получили группу: Test Kwork
2025-03-07 03:47:37 | INFO | Проверяем доступ к группе 2417883175
2025-03-07 03:47:37 | INFO | Успешно получили группу: Test Kwork
2025-03-07 03:47:38 | INFO | Успешно получили права для группы Test Kwork
2025-03-07 03:47:38 | INFO | [Этап 2/5] ✅ Права доступа подтверждены для Test Kwork
2025-03-07 03:47:38 | INFO | [Этап 3/5] Подготовка сообщения к отправке
2025-03-07 03:47:38 | INFO | [Этап 5/5] ✅ Сообщение успешно отправлено в группу Test Kwork
2025-03-07 03:47:38 | INFO | [Статистика] Время выполнения: 2.91 секунд
2025-03-07 03:47:38 | INFO | ✅ Успешно отправлено в группу Test Kwork через аккаунт +79964324353
