2025-03-07 02:34:00 | INFO | Инициализация SessionManager
2025-03-07 02:34:00 | DEBUG | Загружен существующий ключ шифрования
2025-03-07 02:35:03 | INFO | Получение клиента для сессии user.session
2025-03-07 02:35:04 | INFO | Клиент успешно создан для user.session
2025-03-07 02:35:04 | INFO | Создана задача отправки в группу Black Niggers 🤣/Ko'rshapalaklar / Night Nigger /Night Hunters / White nigers / Qora negrlar and Dark code forces через аккаунт +79964324353
2025-03-07 02:35:04 | INFO | [Этап 1/5] Начинаем отправку поста через аккаунт +79964324353 в группу 2466959594
2025-03-07 02:35:04 | INFO | [Этап 2/5] Попытка подписаться на группу -1002466959594
2025-03-07 02:35:04 | INFO | ✅ Успешно подписались на группу @whomever_contact_test
2025-03-07 02:35:04 | INFO | [Этап 2/5] ✅ Успешно подписались на группу
2025-03-07 02:35:06 | INFO | [Этап 2/5] ✅ Успешно получили группу: Black Niggers 🤣/Ko'rshapalaklar / Night Nigger /Night Hunters / White nigers / Qora negrlar and Dark code forces
2025-03-07 02:35:06 | INFO | Проверяем доступ к группе 2466959594
2025-03-07 02:35:06 | INFO | Успешно получили группу: Black Niggers 🤣/Ko'rshapalaklar / Night Nigger /Night Hunters / White nigers / Qora negrlar and Dark code forces
2025-03-07 02:35:06 | INFO | Успешно получили права для группы Black Niggers 🤣/Ko'rshapalaklar / Night Nigger /Night Hunters / White nigers / Qora negrlar and Dark code forces
2025-03-07 02:35:06 | INFO | [Этап 2/5] ✅ Права доступа подтверждены для Black Niggers 🤣/Ko'rshapalaklar / Night Nigger /Night Hunters / White nigers / Qora negrlar and Dark code forces
2025-03-07 02:35:06 | INFO | [Этап 3/5] Подготовка сообщения к отправке
2025-03-07 02:35:06 | INFO | [Этап 3/5] Подготовка фото
2025-03-07 02:35:07 | INFO | [Этап 5/5] ✅ Сообщение успешно отправлено в группу Black Niggers 🤣/Ko'rshapalaklar / Night Nigger /Night Hunters / White nigers / Qora negrlar and Dark code forces
2025-03-07 02:35:07 | INFO | [Статистика] Время выполнения: 3.66 секунд
2025-03-07 02:35:07 | INFO | ✅ Успешно отправлено в группу Black Niggers 🤣/Ko'rshapalaklar / Night Nigger /Night Hunters / White nigers / Qora negrlar and Dark code forces через аккаунт +79964324353
2025-03-07 02:35:07 | INFO | ✅ Пост #1 успешно отправлен
2025-03-07 02:40:00 | INFO | Отправка отложенного поста #2
2025-03-07 02:40:00 | INFO | Получение клиента для сессии user.session
2025-03-07 02:40:00 | INFO | Клиент успешно создан для user.session
2025-03-07 02:40:01 | INFO | Создана задача отправки в группу Black Niggers 🤣/Ko'rshapalaklar / Night Nigger /Night Hunters / White nigers / Qora negrlar and Dark code forces через аккаунт +79964324353
2025-03-07 02:40:01 | INFO | Получение клиента для сессии user.session
2025-03-07 02:40:01 | INFO | [Этап 1/5] Начинаем отправку поста через аккаунт +79964324353 в группу 2466959594
2025-03-07 02:40:01 | INFO | [Этап 2/5] Попытка подписаться на группу -1002466959594
2025-03-07 02:40:01 | INFO | ✅ Успешно подписались на группу @whomever_contact_test
2025-03-07 02:40:01 | INFO | [Этап 2/5] ✅ Успешно подписались на группу
2025-03-07 02:40:01 | INFO | Клиент успешно создан для user.session
2025-03-07 02:40:01 | INFO | Создана задача отправки в группу 1231231 через аккаунт +79964324353
2025-03-07 02:40:01 | INFO | Получение клиента для сессии user.session
2025-03-07 02:40:02 | INFO | [Этап 1/5] Начинаем отправку поста через аккаунт +79964324353 в группу 2295736082
2025-03-07 02:40:02 | INFO | [Этап 2/5] Попытка подписаться на группу -1002295736082
2025-03-07 02:40:02 | INFO | ✅ Успешно подписались на группу @Whomever_test1
2025-03-07 02:40:02 | INFO | [Этап 2/5] ✅ Успешно подписались на группу
2025-03-07 02:40:02 | INFO | Клиент успешно создан для user.session
2025-03-07 02:40:02 | INFO | Создана задача отправки в группу Whomever_test через аккаунт +79964324353
2025-03-07 02:40:02 | INFO | [Этап 1/5] Начинаем отправку поста через аккаунт +79964324353 в группу 2437874611
2025-03-07 02:40:02 | INFO | [Этап 2/5] Попытка подписаться на группу -1002437874611
2025-03-07 02:40:03 | INFO | ✅ Успешно подписались на группу @Whomever_test2
2025-03-07 02:40:03 | INFO | [Этап 2/5] ✅ Успешно подписались на группу
2025-03-07 02:40:03 | INFO | [Этап 2/5] ✅ Успешно получили группу: Black Niggers 🤣/Ko'rshapalaklar / Night Nigger /Night Hunters / White nigers / Qora negrlar and Dark code forces
2025-03-07 02:40:03 | INFO | Проверяем доступ к группе 2466959594
2025-03-07 02:40:03 | INFO | Успешно получили группу: Black Niggers 🤣/Ko'rshapalaklar / Night Nigger /Night Hunters / White nigers / Qora negrlar and Dark code forces
2025-03-07 02:40:04 | INFO | Успешно получили права для группы Black Niggers 🤣/Ko'rshapalaklar / Night Nigger /Night Hunters / White nigers / Qora negrlar and Dark code forces
2025-03-07 02:40:04 | INFO | [Этап 2/5] ✅ Права доступа подтверждены для Black Niggers 🤣/Ko'rshapalaklar / Night Nigger /Night Hunters / White nigers / Qora negrlar and Dark code forces
2025-03-07 02:40:04 | INFO | [Этап 3/5] Подготовка сообщения к отправке
2025-03-07 02:40:04 | INFO | [Этап 3/5] Подготовка фото
2025-03-07 02:40:04 | INFO | [Этап 2/5] ✅ Успешно получили группу: 1231231
2025-03-07 02:40:04 | INFO | Проверяем доступ к группе 2295736082
2025-03-07 02:40:04 | INFO | Успешно получили группу: 1231231
2025-03-07 02:40:04 | INFO | Успешно получили права для группы 1231231
2025-03-07 02:40:04 | INFO | [Этап 2/5] ✅ Права доступа подтверждены для 1231231
2025-03-07 02:40:04 | INFO | [Этап 3/5] Подготовка сообщения к отправке
2025-03-07 02:40:04 | INFO | [Этап 3/5] Подготовка фото
2025-03-07 02:40:05 | ERROR | [Этап 4/5] ❌ Ошибка при отправке фото: [WinError 32] Процесс не может получить доступ к файлу, так как этот файл занят другим процессом: 'temp_media/photo_20250307_024004.jpg'
2025-03-07 02:40:05 | ERROR | [Этап 4/5] ❌ Ошибка при отправке сообщения: [WinError 32] Процесс не может получить доступ к файлу, так как этот файл занят другим процессом: 'temp_media/photo_20250307_024004.jpg'
2025-03-07 02:40:05 | INFO | [Повтор] Пробуем отправить снова через 30 сек (попытка 1/3)
2025-03-07 02:40:05 | INFO | [Этап 2/5] ✅ Успешно получили группу: Whomever_test
2025-03-07 02:40:05 | INFO | Проверяем доступ к группе 2437874611
2025-03-07 02:40:05 | INFO | Успешно получили группу: Whomever_test
2025-03-07 02:40:05 | INFO | Успешно получили права для группы Whomever_test
2025-03-07 02:40:05 | INFO | [Этап 2/5] ✅ Права доступа подтверждены для Whomever_test
2025-03-07 02:40:05 | INFO | [Этап 3/5] Подготовка сообщения к отправке
2025-03-07 02:40:05 | INFO | [Этап 3/5] Подготовка фото
2025-03-07 02:40:05 | INFO | [Этап 5/5] ✅ Сообщение успешно отправлено в группу 1231231
2025-03-07 02:40:05 | INFO | [Статистика] Время выполнения: 3.62 секунд
2025-03-07 02:40:06 | INFO | [Этап 5/5] ✅ Сообщение успешно отправлено в группу Whomever_test
2025-03-07 02:40:06 | INFO | [Статистика] Время выполнения: 3.79 секунд
2025-03-07 02:40:35 | INFO | [Этап 1/5] Начинаем отправку поста через аккаунт +79964324353 в группу 2466959594
2025-03-07 02:40:35 | INFO | [Этап 2/5] Попытка подписаться на группу -1002466959594
2025-03-07 02:40:35 | INFO | ✅ Успешно подписались на группу @whomever_contact_test
2025-03-07 02:40:35 | INFO | [Этап 2/5] ✅ Успешно подписались на группу
2025-03-07 02:40:37 | INFO | [Этап 2/5] ✅ Успешно получили группу: Black Niggers 🤣/Ko'rshapalaklar / Night Nigger /Night Hunters / White nigers / Qora negrlar and Dark code forces
2025-03-07 02:40:37 | INFO | Проверяем доступ к группе 2466959594
2025-03-07 02:40:37 | INFO | Успешно получили группу: Black Niggers 🤣/Ko'rshapalaklar / Night Nigger /Night Hunters / White nigers / Qora negrlar and Dark code forces
2025-03-07 02:40:37 | INFO | Успешно получили права для группы Black Niggers 🤣/Ko'rshapalaklar / Night Nigger /Night Hunters / White nigers / Qora negrlar and Dark code forces
2025-03-07 02:40:37 | INFO | [Этап 2/5] ✅ Права доступа подтверждены для Black Niggers 🤣/Ko'rshapalaklar / Night Nigger /Night Hunters / White nigers / Qora negrlar and Dark code forces
2025-03-07 02:40:37 | INFO | [Этап 3/5] Подготовка сообщения к отправке
2025-03-07 02:40:37 | INFO | [Этап 3/5] Подготовка фото
2025-03-07 02:40:38 | INFO | [Этап 5/5] ✅ Сообщение успешно отправлено в группу Black Niggers 🤣/Ko'rshapalaklar / Night Nigger /Night Hunters / White nigers / Qora negrlar and Dark code forces
2025-03-07 02:40:38 | INFO | [Статистика] Время выполнения: 3.64 секунд
2025-03-07 02:40:38 | INFO | ✅ Успешно отправлено в группу Black Niggers 🤣/Ko'rshapalaklar / Night Nigger /Night Hunters / White nigers / Qora negrlar and Dark code forces через аккаунт +79964324353
2025-03-07 02:40:38 | INFO | ✅ Успешно отправлено в группу 1231231 через аккаунт +79964324353
2025-03-07 02:40:38 | INFO | ✅ Успешно отправлено в группу Whomever_test через аккаунт +79964324353
2025-03-07 02:40:38 | INFO | ✅ Пост #2 успешно отправлен
