2025-03-07 03:33:06 | INFO | Инициализация SessionManager
2025-03-07 03:33:06 | DEBUG | Загружен существующий ключ шифрования
2025-03-07 03:34:17 | INFO | Получение клиента для сессии +79964324353.session
2025-03-07 03:34:17 | INFO | Клиент успешно создан для +79964324353.session
2025-03-07 03:34:17 | INFO | Создана задача отправки в группу Black Niggers 🤣/Ko'rshapalaklar / Night Nigger /Night Hunters / White nigers / Qora negrlar and Dark code forces через аккаунт +79964324353
2025-03-07 03:34:17 | INFO | [Этап 1/5] Начинаем отправку поста через аккаунт +79964324353 в группу 2466959594
2025-03-07 03:34:17 | INFO | [Этап 2/5] Попытка подписаться на группу -1002466959594
2025-03-07 03:34:18 | INFO | ✅ Успешно подписались на группу @whomever_contact_test
2025-03-07 03:34:18 | INFO | [Этап 2/5] ✅ Успешно подписались на группу
2025-03-07 03:34:20 | INFO | [Этап 2/5] ✅ Успешно получили группу: Black Niggers 🤣/Ko'rshapalaklar / Night Nigger /Night Hunters / White nigers / Qora negrlar and Dark code forces
2025-03-07 03:34:20 | INFO | Проверяем доступ к группе 2466959594
2025-03-07 03:34:20 | INFO | Успешно получили группу: Black Niggers 🤣/Ko'rshapalaklar / Night Nigger /Night Hunters / White nigers / Qora negrlar and Dark code forces
2025-03-07 03:34:20 | INFO | Успешно получили права для группы Black Niggers 🤣/Ko'rshapalaklar / Night Nigger /Night Hunters / White nigers / Qora negrlar and Dark code forces
2025-03-07 03:34:20 | INFO | [Этап 2/5] ✅ Права доступа подтверждены для Black Niggers 🤣/Ko'rshapalaklar / Night Nigger /Night Hunters / White nigers / Qora negrlar and Dark code forces
2025-03-07 03:34:20 | INFO | [Этап 3/5] Подготовка сообщения к отправке
2025-03-07 03:34:20 | INFO | [Этап 3/5] Подготовка фото
2025-03-07 03:34:21 | INFO | [Этап 5/5] ✅ Сообщение успешно отправлено в группу Black Niggers 🤣/Ko'rshapalaklar / Night Nigger /Night Hunters / White nigers / Qora negrlar and Dark code forces
2025-03-07 03:34:21 | INFO | [Статистика] Время выполнения: 3.88 секунд
2025-03-07 03:34:21 | INFO | ✅ Успешно отправлено в группу Black Niggers 🤣/Ko'rshapalaklar / Night Nigger /Night Hunters / White nigers / Qora negrlar and Dark code forces через аккаунт +79964324353
2025-03-07 03:35:46 | INFO | Получение клиента для сессии +79964324353.session
2025-03-07 03:35:46 | INFO | Клиент успешно создан для +79964324353.session
2025-03-07 03:35:46 | INFO | Проверяем доступ к группе 2417883175
2025-03-07 03:35:47 | INFO | Успешно получили группу: Test Kwork
2025-03-07 03:35:47 | INFO | Успешно получили права для группы Test Kwork
2025-03-07 03:35:47 | INFO | Получение клиента для сессии +79964324353.session
2025-03-07 03:35:48 | INFO | Клиент успешно создан для +79964324353.session
2025-03-07 03:35:48 | INFO | Проверяем доступ к группе 2466959594
2025-03-07 03:35:48 | INFO | Успешно получили группу: Black Niggers 🤣/Ko'rshapalaklar / Night Nigger /Night Hunters / White nigers / Qora negrlar and Dark code forces
2025-03-07 03:35:48 | INFO | Успешно получили права для группы Black Niggers 🤣/Ko'rshapalaklar / Night Nigger /Night Hunters / White nigers / Qora negrlar and Dark code forces
2025-03-07 03:35:48 | INFO | Получение клиента для сессии +79964324353.session
2025-03-07 03:35:49 | INFO | Клиент успешно создан для +79964324353.session
2025-03-07 03:35:49 | INFO | Проверяем доступ к группе 2295736082
2025-03-07 03:35:49 | INFO | Успешно получили группу: 1231231
2025-03-07 03:35:49 | INFO | Успешно получили права для группы 1231231
2025-03-07 03:35:49 | INFO | Получение клиента для сессии +79964324353.session
2025-03-07 03:35:50 | INFO | Клиент успешно создан для +79964324353.session
2025-03-07 03:35:50 | INFO | Проверяем доступ к группе 2437874611
2025-03-07 03:35:50 | INFO | Успешно получили группу: Whomever_test
2025-03-07 03:35:50 | INFO | Успешно получили права для группы Whomever_test
2025-03-07 03:35:50 | INFO | Получение клиента для сессии +79964324353.session
2025-03-07 03:35:51 | INFO | Клиент успешно создан для +79964324353.session
2025-03-07 03:35:51 | INFO | Проверяем доступ к группе 2261556153
2025-03-07 03:35:51 | INFO | Успешно получили группу: Whomever_testad
2025-03-07 03:35:51 | INFO | Успешно получили права для группы Whomever_testad
2025-03-07 03:35:51 | INFO | Получение клиента для сессии +79964324353.session
2025-03-07 03:35:52 | INFO | Клиент успешно создан для +79964324353.session
2025-03-07 03:35:52 | INFO | Проверяем доступ к группе 2265285573
2025-03-07 03:35:52 | INFO | Успешно получили группу: Whomever_test2323
2025-03-07 03:35:52 | INFO | Успешно получили права для группы Whomever_test2323
2025-03-07 03:35:52 | INFO | Получение клиента для сессии +79964324353.session
2025-03-07 03:35:53 | INFO | Клиент успешно создан для +79964324353.session
2025-03-07 03:35:53 | INFO | Проверяем доступ к группе 2319912571
2025-03-07 03:35:53 | INFO | Успешно получили группу: Whomever_test55
2025-03-07 03:35:53 | INFO | Успешно получили права для группы Whomever_test55
