2025-03-06 21:05:55 | INFO | Инициализация SessionManager
2025-03-06 21:05:55 | DEBUG | Загружен существующий ключ шифрования
2025-03-06 21:06:04 | INFO | Попытка добавления аккаунта с номером: +998944899059
2025-03-06 21:06:04 | INFO | Отправка запроса кода для номера +998944899059
2025-03-06 21:06:04 | INFO | Создание новой сессии для номера +998944899059
2025-03-06 21:06:05 | DEBUG | Подключение к Telegram установлено для +998944899059
2025-03-06 21:06:06 | INFO | Отправка запроса кода для +998944899059
2025-03-06 21:06:06 | INFO | Код успешно отправлен для +998944899059
2025-03-06 21:06:06 | INFO | Код подтверждения запрошен для номера +998944899059
2025-03-06 21:06:19 | INFO | Получен код подтверждения для номера +998944899059
2025-03-06 21:06:19 | DEBUG | phone_code_hash для +998944899059: 5d67da2bd9c217434d
2025-03-06 21:06:19 | INFO | Попытка авторизации с кодом для номера +998944899059
2025-03-06 21:06:19 | INFO | Попытка авторизации по коду для +998944899059
2025-03-06 21:06:19 | DEBUG | Проверка кода для +998944899059
2025-03-06 21:06:19 | INFO | Требуется 2FA для +998944899059
2025-03-06 21:06:19 | INFO | Требуется 2FA для аккаунта +998944899059
2025-03-06 21:06:23 | INFO | Попытка авторизации по коду для +998944899059
2025-03-06 21:06:23 | DEBUG | Попытка входа с 2FA для +998944899059
2025-03-06 21:06:23 | INFO | 2FA пароль подтверждён для +998944899059
2025-03-06 21:06:23 | INFO | Сессия успешно сохранена в C:\Users\Asus\OneDrive\Рабочий стол\Kwork\chencnik\sessions\user.session
2025-03-06 21:06:32 | ERROR | Ошибка при подготовке к удалению аккаунта: Telegram server says - Bad Request: message is not modified: specified new message content and reply markup are exactly the same as a current content and reply markup of the message
