2025-03-07 03:50:05 | INFO | Инициализация SessionManager
2025-03-07 03:50:05 | DEBUG | Загружен существующий ключ шифрования
2025-03-07 03:50:23 | INFO | Получение клиента для сессии +79964324353.session
2025-03-07 03:50:23 | INFO | Клиент успешно создан для +79964324353.session
2025-03-07 03:50:23 | INFO | Создана задача отправки в группу Whomever_testad через аккаунт +79964324353
2025-03-07 03:50:23 | INFO | [Этап 1/5] Начинаем отправку поста через аккаунт +79964324353 в группу 2261556153
2025-03-07 03:50:23 | INFO | [Этап 2/5] Попытка подписаться на группу -1002261556153
2025-03-07 03:50:24 | INFO | ✅ Успешно подписались на группу @Whomever_test3
2025-03-07 03:50:24 | INFO | [Этап 2/5] ✅ Успешно подписались на группу
2025-03-07 03:50:26 | INFO | [Этап 2/5] ✅ Успешно получили группу: Whomever_testad
2025-03-07 03:50:26 | INFO | Проверяем доступ к группе 2261556153
2025-03-07 03:50:26 | INFO | Успешно получили группу: Whomever_testad
2025-03-07 03:50:26 | INFO | Успешно получили права для группы Whomever_testad
2025-03-07 03:50:26 | INFO | [Этап 2/5] ✅ Права доступа подтверждены для Whomever_testad
2025-03-07 03:50:26 | INFO | [Этап 3/5] Подготовка сообщения к отправке
2025-03-07 03:50:26 | INFO | [Этап 5/5] ✅ Сообщение успешно отправлено в группу Whomever_testad
2025-03-07 03:50:26 | INFO | [Статистика] Время выполнения: 2.85 секунд
2025-03-07 03:50:26 | INFO | ✅ Успешно отправлено в группу Whomever_testad через аккаунт +79964324353
2025-03-07 03:50:26 | INFO | Получение клиента для сессии +79964324353.session
2025-03-07 03:50:27 | INFO | Клиент успешно создан для +79964324353.session
2025-03-07 03:50:27 | INFO | Создана задача отправки в группу Black Niggers 🤣/Ko'rshapalaklar / Night Nigger /Night Hunters / White nigers / Qora negrlar and Dark code forces через аккаунт +79964324353
2025-03-07 03:50:27 | INFO | [Этап 1/5] Начинаем отправку поста через аккаунт +79964324353 в группу 2466959594
2025-03-07 03:50:27 | INFO | [Этап 2/5] Попытка подписаться на группу -1002466959594
2025-03-07 03:50:27 | INFO | ✅ Успешно подписались на группу @whomever_contact_test
2025-03-07 03:50:27 | INFO | [Этап 2/5] ✅ Успешно подписались на группу
2025-03-07 03:50:29 | INFO | [Этап 2/5] ✅ Успешно получили группу: Black Niggers 🤣/Ko'rshapalaklar / Night Nigger /Night Hunters / White nigers / Qora negrlar and Dark code forces
2025-03-07 03:50:29 | INFO | Проверяем доступ к группе 2466959594
2025-03-07 03:50:29 | INFO | Успешно получили группу: Black Niggers 🤣/Ko'rshapalaklar / Night Nigger /Night Hunters / White nigers / Qora negrlar and Dark code forces
2025-03-07 03:50:30 | INFO | Успешно получили права для группы Black Niggers 🤣/Ko'rshapalaklar / Night Nigger /Night Hunters / White nigers / Qora negrlar and Dark code forces
2025-03-07 03:50:30 | INFO | [Этап 2/5] ✅ Права доступа подтверждены для Black Niggers 🤣/Ko'rshapalaklar / Night Nigger /Night Hunters / White nigers / Qora negrlar and Dark code forces
2025-03-07 03:50:30 | INFO | [Этап 3/5] Подготовка сообщения к отправке
2025-03-07 03:50:30 | INFO | [Этап 5/5] ✅ Сообщение успешно отправлено в группу Black Niggers 🤣/Ko'rshapalaklar / Night Nigger /Night Hunters / White nigers / Qora negrlar and Dark code forces
2025-03-07 03:50:30 | INFO | [Статистика] Время выполнения: 2.95 секунд
2025-03-07 03:50:30 | INFO | ✅ Успешно отправлено в группу Black Niggers 🤣/Ko'rshapalaklar / Night Nigger /Night Hunters / White nigers / Qora negrlar and Dark code forces через аккаунт +79964324353
2025-03-07 03:50:30 | INFO | Получение клиента для сессии +79964324353.session
2025-03-07 03:50:31 | INFO | Клиент успешно создан для +79964324353.session
2025-03-07 03:50:31 | INFO | Создана задача отправки в группу Test Kwork через аккаунт +79964324353
2025-03-07 03:50:31 | INFO | [Этап 1/5] Начинаем отправку поста через аккаунт +79964324353 в группу 2417883175
2025-03-07 03:50:31 | INFO | [Этап 2/5] Попытка подписаться на группу -1002417883175
2025-03-07 03:50:31 | INFO | ✅ Успешно подписались на группу @Kwork_whomever
2025-03-07 03:50:31 | INFO | [Этап 2/5] ✅ Успешно подписались на группу
2025-03-07 03:50:33 | INFO | [Этап 2/5] ✅ Успешно получили группу: Test Kwork
2025-03-07 03:50:33 | INFO | Проверяем доступ к группе 2417883175
2025-03-07 03:50:34 | INFO | Успешно получили группу: Test Kwork
2025-03-07 03:50:34 | INFO | Успешно получили права для группы Test Kwork
2025-03-07 03:50:34 | INFO | [Этап 2/5] ✅ Права доступа подтверждены для Test Kwork
2025-03-07 03:50:34 | INFO | [Этап 3/5] Подготовка сообщения к отправке
2025-03-07 03:50:34 | INFO | [Этап 5/5] ✅ Сообщение успешно отправлено в группу Test Kwork
2025-03-07 03:50:34 | INFO | [Статистика] Время выполнения: 2.88 секунд
2025-03-07 03:50:34 | INFO | ✅ Успешно отправлено в группу Test Kwork через аккаунт +79964324353
2025-03-07 03:51:14 | INFO | Получение клиента для сессии +79964324353.session
2025-03-07 03:51:15 | INFO | Клиент успешно создан для +79964324353.session
2025-03-07 03:51:15 | INFO | Проверяем доступ к группе 2417883175
2025-03-07 03:51:15 | INFO | Успешно получили группу: Test Kwork
2025-03-07 03:51:15 | INFO | Успешно получили права для группы Test Kwork
2025-03-07 03:51:15 | INFO | Получение клиента для сессии +79964324353.session
2025-03-07 03:51:16 | INFO | Клиент успешно создан для +79964324353.session
2025-03-07 03:51:16 | INFO | Проверяем доступ к группе 2466959594
2025-03-07 03:51:16 | INFO | Успешно получили группу: Black Niggers 🤣/Ko'rshapalaklar / Night Nigger /Night Hunters / White nigers / Qora negrlar and Dark code forces
2025-03-07 03:51:16 | INFO | Успешно получили права для группы Black Niggers 🤣/Ko'rshapalaklar / Night Nigger /Night Hunters / White nigers / Qora negrlar and Dark code forces
2025-03-07 03:51:16 | INFO | Получение клиента для сессии +79964324353.session
2025-03-07 03:51:17 | INFO | Клиент успешно создан для +79964324353.session
2025-03-07 03:51:17 | INFO | Проверяем доступ к группе 2295736082
2025-03-07 03:51:17 | INFO | Успешно получили группу: 1231231
2025-03-07 03:51:17 | INFO | Успешно получили права для группы 1231231
2025-03-07 03:51:17 | INFO | Получение клиента для сессии +79964324353.session
2025-03-07 03:51:18 | INFO | Клиент успешно создан для +79964324353.session
2025-03-07 03:51:18 | INFO | Проверяем доступ к группе 2437874611
2025-03-07 03:51:18 | INFO | Успешно получили группу: Whomever_test
2025-03-07 03:51:18 | INFO | Успешно получили права для группы Whomever_test
2025-03-07 03:51:18 | INFO | Получение клиента для сессии +79964324353.session
2025-03-07 03:51:19 | INFO | Клиент успешно создан для +79964324353.session
2025-03-07 03:51:19 | INFO | Проверяем доступ к группе 2261556153
2025-03-07 03:51:19 | INFO | Успешно получили группу: Whomever_testad
2025-03-07 03:51:19 | INFO | Успешно получили права для группы Whomever_testad
2025-03-07 03:51:19 | INFO | Получение клиента для сессии +79964324353.session
2025-03-07 03:51:20 | INFO | Клиент успешно создан для +79964324353.session
2025-03-07 03:51:20 | INFO | Проверяем доступ к группе 2265285573
2025-03-07 03:51:20 | INFO | Успешно получили группу: Whomever_test2323
2025-03-07 03:51:21 | INFO | Успешно получили права для группы Whomever_test2323
2025-03-07 03:51:21 | INFO | Получение клиента для сессии +79964324353.session
2025-03-07 03:51:21 | INFO | Клиент успешно создан для +79964324353.session
2025-03-07 03:51:21 | INFO | Проверяем доступ к группе 2319912571
2025-03-07 03:51:21 | INFO | Успешно получили группу: Whomever_test55
2025-03-07 03:51:22 | INFO | Успешно получили права для группы Whomever_test55
2025-03-07 03:51:46 | INFO | Удален файл сессии: C:\Users\Asus\OneDrive\Рабочий стол\Kwork\chencnik\sessions\+79964324353.session
2025-03-07 03:51:46 | INFO | Удален аккаунт +79964324353 из базы данных
