2025-03-07 03:12:28 | INFO | Инициализация SessionManager
2025-03-07 03:12:28 | DEBUG | Загружен существующий ключ шифрования
2025-03-07 03:12:48 | INFO | Попытка добавления аккаунта с номером: +79964324353
2025-03-07 03:12:48 | INFO | Отправка запроса кода для номера +79964324353
2025-03-07 03:12:48 | INFO | Создание новой сессии для номера +79964324353
2025-03-07 03:12:50 | DEBUG | Подключение к Telegram установлено для +79964324353
2025-03-07 03:12:50 | INFO | Отправка запроса кода для +79964324353
2025-03-07 03:12:51 | INFO | Код успешно отправлен для +79964324353
2025-03-07 03:12:51 | INFO | Код подтверждения запрошен для номера +79964324353
2025-03-07 03:12:54 | INFO | Получен код подтверждения для номера +79964324353
2025-03-07 03:12:54 | DEBUG | phone_code_hash для +79964324353: 4baff240c855d0bdcd
2025-03-07 03:12:54 | INFO | Попытка авторизации с кодом для номера +79964324353
2025-03-07 03:12:54 | INFO | Попытка авторизации по коду для +79964324353
2025-03-07 03:12:54 | DEBUG | Проверка кода для +79964324353
2025-03-07 03:12:54 | INFO | Требуется 2FA для +79964324353
2025-03-07 03:12:54 | INFO | Требуется 2FA для аккаунта +79964324353
2025-03-07 03:12:56 | INFO | Попытка авторизации по коду для +79964324353
2025-03-07 03:12:56 | DEBUG | Попытка входа с 2FA для +79964324353
2025-03-07 03:12:57 | INFO | 2FA пароль подтверждён для +79964324353
2025-03-07 03:12:57 | INFO | Сессия успешно сохранена в C:\Users\Asus\OneDrive\Рабочий стол\Kwork\chencnik\sessions\+79964324353.session
2025-03-07 03:13:49 | ERROR | Ошибка при подготовке к удалению аккаунта: invalid literal for int() with base 10: 'confirm'
