2025-03-07 03:24:25 | INFO | Инициализация SessionManager
2025-03-07 03:24:25 | DEBUG | Загружен существующий ключ шифрования
2025-03-07 03:24:37 | INFO | Удален файл сессии: C:\Users\Asus\OneDrive\Рабочий стол\Kwork\chencnik\sessions\+79964324353.session
2025-03-07 03:24:37 | INFO | Удален аккаунт +79964324353 из базы данных
2025-03-07 03:25:02 | INFO | Попытка добавления аккаунта с номером: +79964324353
2025-03-07 03:25:02 | INFO | Отправка запроса кода для номера +79964324353
2025-03-07 03:25:02 | INFO | Создание новой сессии для номера +79964324353
2025-03-07 03:25:04 | DEBUG | Подключение к Telegram установлено для +79964324353
2025-03-07 03:25:04 | INFO | Отправка запроса кода для +79964324353
2025-03-07 03:25:05 | INFO | Код успешно отправлен для +79964324353
2025-03-07 03:25:05 | INFO | Код подтверждения запрошен для номера +79964324353
2025-03-07 03:25:09 | INFO | Получен код подтверждения для номера +79964324353
2025-03-07 03:25:09 | DEBUG | phone_code_hash для +79964324353: 959fad722629b2b0bd
2025-03-07 03:25:09 | INFO | Попытка авторизации с кодом для номера +79964324353
2025-03-07 03:25:09 | INFO | Попытка авторизации по коду для +79964324353
2025-03-07 03:25:09 | DEBUG | Проверка кода для +79964324353
2025-03-07 03:25:09 | INFO | Требуется 2FA для +79964324353
2025-03-07 03:25:09 | INFO | Требуется 2FA для аккаунта +79964324353
2025-03-07 03:25:14 | INFO | Попытка авторизации по коду для +79964324353
2025-03-07 03:25:14 | DEBUG | Попытка входа с 2FA для +79964324353
2025-03-07 03:25:15 | INFO | 2FA пароль подтверждён для +79964324353
2025-03-07 03:25:15 | INFO | Сессия успешно сохранена в C:\Users\Asus\OneDrive\Рабочий стол\Kwork\chencnik\sessions\+79964324353.session
2025-03-07 03:25:45 | INFO | Получение клиента для сессии +79964324353.session
2025-03-07 03:25:46 | INFO | Клиент успешно создан для +79964324353.session
2025-03-07 03:25:46 | INFO | Создана задача отправки в группу Whomever_test2323 через аккаунт +79964324353
2025-03-07 03:25:46 | INFO | [Этап 1/5] Начинаем отправку поста через аккаунт +79964324353 в группу 2265285573
2025-03-07 03:25:46 | INFO | [Этап 2/5] Попытка подписаться на группу -1002265285573
2025-03-07 03:25:46 | INFO | ✅ Успешно подписались на группу @Whomever_test4
2025-03-07 03:25:46 | INFO | [Этап 2/5] ✅ Успешно подписались на группу
2025-03-07 03:25:48 | INFO | [Этап 2/5] ✅ Успешно получили группу: Whomever_test2323
2025-03-07 03:25:48 | INFO | Проверяем доступ к группе 2265285573
2025-03-07 03:25:48 | INFO | Успешно получили группу: Whomever_test2323
2025-03-07 03:25:49 | INFO | Успешно получили права для группы Whomever_test2323
2025-03-07 03:25:49 | INFO | [Этап 2/5] ✅ Права доступа подтверждены для Whomever_test2323
2025-03-07 03:25:49 | INFO | [Этап 3/5] Подготовка сообщения к отправке
2025-03-07 03:25:49 | INFO | [Этап 3/5] Подготовка фото
2025-03-07 03:25:50 | INFO | [Этап 5/5] ✅ Сообщение успешно отправлено в группу Whomever_test2323
2025-03-07 03:25:50 | INFO | [Статистика] Время выполнения: 3.85 секунд
2025-03-07 03:25:50 | INFO | ✅ Успешно отправлено в группу Whomever_test2323 через аккаунт +79964324353
2025-03-07 03:25:50 | INFO | Получение клиента для сессии +79964324353.session
2025-03-07 03:25:50 | INFO | Клиент успешно создан для +79964324353.session
2025-03-07 03:25:50 | INFO | Создана задача отправки в группу Whomever_testad через аккаунт +79964324353
2025-03-07 03:25:51 | INFO | [Этап 1/5] Начинаем отправку поста через аккаунт +79964324353 в группу 2261556153
2025-03-07 03:25:51 | INFO | [Этап 2/5] Попытка подписаться на группу -1002261556153
2025-03-07 03:25:51 | INFO | ✅ Успешно подписались на группу @Whomever_test3
2025-03-07 03:25:51 | INFO | [Этап 2/5] ✅ Успешно подписались на группу
2025-03-07 03:25:53 | INFO | [Этап 2/5] ✅ Успешно получили группу: Whomever_testad
2025-03-07 03:25:53 | INFO | Проверяем доступ к группе 2261556153
2025-03-07 03:25:53 | INFO | Успешно получили группу: Whomever_testad
2025-03-07 03:25:53 | INFO | Успешно получили права для группы Whomever_testad
2025-03-07 03:25:53 | INFO | [Этап 2/5] ✅ Права доступа подтверждены для Whomever_testad
2025-03-07 03:25:53 | INFO | [Этап 3/5] Подготовка сообщения к отправке
2025-03-07 03:25:53 | INFO | [Этап 3/5] Подготовка фото
2025-03-07 03:25:54 | INFO | Получение клиента для сессии +79964324353.session
2025-03-07 03:25:54 | INFO | Клиент успешно создан для +79964324353.session
2025-03-07 03:25:55 | INFO | [Этап 5/5] ✅ Сообщение успешно отправлено в группу Whomever_testad
2025-03-07 03:25:55 | INFO | [Статистика] Время выполнения: 3.95 секунд
2025-03-07 03:25:55 | INFO | ✅ Успешно отправлено в группу Whomever_testad через аккаунт +79964324353
2025-03-07 03:25:55 | INFO | Получение клиента для сессии +79964324353.session
2025-03-07 03:25:55 | INFO | Создана задача отправки в группу Whomever_test2323 через аккаунт +79964324353
2025-03-07 03:25:55 | INFO | [Этап 1/5] Начинаем отправку поста через аккаунт +79964324353 в группу 2265285573
2025-03-07 03:25:55 | INFO | [Этап 2/5] Попытка подписаться на группу -1002265285573
2025-03-07 03:25:55 | INFO | ✅ Успешно подписались на группу @Whomever_test4
2025-03-07 03:25:55 | INFO | [Этап 2/5] ✅ Успешно подписались на группу
2025-03-07 03:25:55 | INFO | Клиент успешно создан для +79964324353.session
2025-03-07 03:25:55 | INFO | Создана задача отправки в группу Whomever_test через аккаунт +79964324353
2025-03-07 03:25:55 | INFO | [Этап 1/5] Начинаем отправку поста через аккаунт +79964324353 в группу 2437874611
2025-03-07 03:25:55 | INFO | [Этап 2/5] Попытка подписаться на группу -1002437874611
2025-03-07 03:25:56 | INFO | ✅ Успешно подписались на группу @Whomever_test2
2025-03-07 03:25:56 | INFO | [Этап 2/5] ✅ Успешно подписались на группу
2025-03-07 03:25:57 | INFO | [Этап 2/5] ✅ Успешно получили группу: Whomever_test2323
2025-03-07 03:25:57 | INFO | Проверяем доступ к группе 2265285573
2025-03-07 03:25:57 | INFO | Успешно получили группу: Whomever_test2323
2025-03-07 03:25:57 | INFO | Успешно получили права для группы Whomever_test2323
2025-03-07 03:25:57 | INFO | [Этап 2/5] ✅ Права доступа подтверждены для Whomever_test2323
2025-03-07 03:25:57 | INFO | [Этап 3/5] Подготовка сообщения к отправке
2025-03-07 03:25:57 | INFO | [Этап 3/5] Подготовка фото
2025-03-07 03:25:58 | INFO | [Этап 2/5] ✅ Успешно получили группу: Whomever_test
2025-03-07 03:25:58 | INFO | Проверяем доступ к группе 2437874611
2025-03-07 03:25:58 | INFO | Успешно получили группу: Whomever_test
2025-03-07 03:25:58 | INFO | Успешно получили права для группы Whomever_test
2025-03-07 03:25:58 | INFO | [Этап 2/5] ✅ Права доступа подтверждены для Whomever_test
2025-03-07 03:25:58 | INFO | [Этап 3/5] Подготовка сообщения к отправке
2025-03-07 03:25:58 | INFO | [Этап 3/5] Подготовка фото
2025-03-07 03:25:59 | INFO | [Этап 5/5] ✅ Сообщение успешно отправлено в группу Whomever_test2323
2025-03-07 03:25:59 | INFO | [Статистика] Время выполнения: 4.02 секунд
2025-03-07 03:25:59 | INFO | ✅ Успешно отправлено в группу Whomever_test2323 через аккаунт +79964324353
2025-03-07 03:25:59 | INFO | Получение клиента для сессии +79964324353.session
2025-03-07 03:25:59 | INFO | [Этап 5/5] ✅ Сообщение успешно отправлено в группу Whomever_test
2025-03-07 03:25:59 | INFO | [Статистика] Время выполнения: 4.01 секунд
2025-03-07 03:25:59 | INFO | ✅ Успешно отправлено в группу Whomever_test через аккаунт +79964324353
2025-03-07 03:25:59 | INFO | Получение клиента для сессии +79964324353.session
2025-03-07 03:25:59 | INFO | Клиент успешно создан для +79964324353.session
2025-03-07 03:25:59 | INFO | Создана задача отправки в группу Whomever_testad через аккаунт +79964324353
2025-03-07 03:26:00 | INFO | [Этап 1/5] Начинаем отправку поста через аккаунт +79964324353 в группу 2261556153
2025-03-07 03:26:00 | INFO | [Этап 2/5] Попытка подписаться на группу -1002261556153
2025-03-07 03:26:00 | INFO | ✅ Успешно подписались на группу @Whomever_test3
2025-03-07 03:26:00 | INFO | [Этап 2/5] ✅ Успешно подписались на группу
2025-03-07 03:26:00 | INFO | Клиент успешно создан для +79964324353.session
2025-03-07 03:26:00 | INFO | Создана задача отправки в группу 1231231 через аккаунт +79964324353
2025-03-07 03:26:00 | INFO | [Этап 1/5] Начинаем отправку поста через аккаунт +79964324353 в группу 2295736082
2025-03-07 03:26:00 | INFO | [Этап 2/5] Попытка подписаться на группу -1002295736082
2025-03-07 03:26:01 | INFO | ✅ Успешно подписались на группу @Whomever_test1
2025-03-07 03:26:01 | INFO | [Этап 2/5] ✅ Успешно подписались на группу
2025-03-07 03:26:02 | INFO | [Этап 2/5] ✅ Успешно получили группу: Whomever_testad
2025-03-07 03:26:02 | INFO | Проверяем доступ к группе 2261556153
2025-03-07 03:26:02 | INFO | Успешно получили группу: Whomever_testad
2025-03-07 03:26:02 | INFO | Успешно получили права для группы Whomever_testad
2025-03-07 03:26:02 | INFO | [Этап 2/5] ✅ Права доступа подтверждены для Whomever_testad
2025-03-07 03:26:02 | INFO | [Этап 3/5] Подготовка сообщения к отправке
2025-03-07 03:26:02 | INFO | [Этап 3/5] Подготовка фото
2025-03-07 03:26:03 | INFO | [Этап 2/5] ✅ Успешно получили группу: 1231231
2025-03-07 03:26:03 | INFO | Проверяем доступ к группе 2295736082
2025-03-07 03:26:03 | INFO | Успешно получили группу: 1231231
2025-03-07 03:26:03 | INFO | Успешно получили права для группы 1231231
2025-03-07 03:26:03 | INFO | [Этап 2/5] ✅ Права доступа подтверждены для 1231231
2025-03-07 03:26:03 | INFO | [Этап 3/5] Подготовка сообщения к отправке
2025-03-07 03:26:03 | INFO | [Этап 3/5] Подготовка фото
2025-03-07 03:26:03 | INFO | [Этап 5/5] ✅ Сообщение успешно отправлено в группу Whomever_testad
2025-03-07 03:26:03 | INFO | [Статистика] Время выполнения: 3.74 секунд
2025-03-07 03:26:03 | INFO | ✅ Успешно отправлено в группу Whomever_testad через аккаунт +79964324353
2025-03-07 03:26:03 | INFO | Получение клиента для сессии +79964324353.session
2025-03-07 03:26:04 | INFO | Клиент успешно создан для +79964324353.session
2025-03-07 03:26:04 | INFO | Создана задача отправки в группу Whomever_test через аккаунт +79964324353
2025-03-07 03:26:04 | INFO | [Этап 5/5] ✅ Сообщение успешно отправлено в группу 1231231
2025-03-07 03:26:04 | INFO | [Статистика] Время выполнения: 3.98 секунд
2025-03-07 03:26:04 | INFO | ✅ Успешно отправлено в группу 1231231 через аккаунт +79964324353
2025-03-07 03:26:04 | INFO | [Этап 1/5] Начинаем отправку поста через аккаунт +79964324353 в группу 2437874611
2025-03-07 03:26:04 | INFO | Получение клиента для сессии +79964324353.session
2025-03-07 03:26:04 | INFO | [Этап 2/5] Попытка подписаться на группу -1002437874611
2025-03-07 03:26:04 | INFO | ✅ Успешно подписались на группу @Whomever_test2
2025-03-07 03:26:04 | INFO | [Этап 2/5] ✅ Успешно подписались на группу
2025-03-07 03:26:05 | INFO | Клиент успешно создан для +79964324353.session
2025-03-07 03:26:05 | INFO | Создана задача отправки в группу Black Niggers 🤣/Ko'rshapalaklar / Night Nigger /Night Hunters / White nigers / Qora negrlar and Dark code forces через аккаунт +79964324353
2025-03-07 03:26:05 | INFO | [Этап 1/5] Начинаем отправку поста через аккаунт +79964324353 в группу 2466959594
2025-03-07 03:26:05 | INFO | [Этап 2/5] Попытка подписаться на группу -1002466959594
2025-03-07 03:26:05 | INFO | ✅ Успешно подписались на группу @whomever_contact_test
2025-03-07 03:26:05 | INFO | [Этап 2/5] ✅ Успешно подписались на группу
2025-03-07 03:26:06 | INFO | Получение клиента для сессии +79964324353.session
2025-03-07 03:26:06 | INFO | Клиент успешно создан для +79964324353.session
2025-03-07 03:26:07 | INFO | Создана задача отправки в группу Whomever_test2323 через аккаунт +79964324353
2025-03-07 03:26:07 | INFO | [Этап 2/5] ✅ Успешно получили группу: Whomever_test
2025-03-07 03:26:07 | INFO | Проверяем доступ к группе 2437874611
2025-03-07 03:26:07 | INFO | [Этап 1/5] Начинаем отправку поста через аккаунт +79964324353 в группу 2265285573
2025-03-07 03:26:07 | INFO | [Этап 2/5] Попытка подписаться на группу -1002265285573
2025-03-07 03:26:07 | INFO | Успешно получили группу: Whomever_test
2025-03-07 03:26:07 | INFO | ✅ Успешно подписались на группу @Whomever_test4
2025-03-07 03:26:07 | INFO | [Этап 2/5] ✅ Успешно подписались на группу
2025-03-07 03:26:07 | INFO | Успешно получили права для группы Whomever_test
2025-03-07 03:26:07 | INFO | [Этап 2/5] ✅ Права доступа подтверждены для Whomever_test
2025-03-07 03:26:07 | INFO | [Этап 3/5] Подготовка сообщения к отправке
2025-03-07 03:26:07 | INFO | [Этап 3/5] Подготовка фото
2025-03-07 03:26:07 | INFO | [Этап 2/5] ✅ Успешно получили группу: Black Niggers 🤣/Ko'rshapalaklar / Night Nigger /Night Hunters / White nigers / Qora negrlar and Dark code forces
2025-03-07 03:26:07 | INFO | Проверяем доступ к группе 2466959594
2025-03-07 03:26:08 | INFO | Успешно получили группу: Black Niggers 🤣/Ko'rshapalaklar / Night Nigger /Night Hunters / White nigers / Qora negrlar and Dark code forces
2025-03-07 03:26:08 | INFO | Успешно получили права для группы Black Niggers 🤣/Ko'rshapalaklar / Night Nigger /Night Hunters / White nigers / Qora negrlar and Dark code forces
2025-03-07 03:26:08 | INFO | [Этап 2/5] ✅ Права доступа подтверждены для Black Niggers 🤣/Ko'rshapalaklar / Night Nigger /Night Hunters / White nigers / Qora negrlar and Dark code forces
2025-03-07 03:26:08 | INFO | [Этап 3/5] Подготовка сообщения к отправке
2025-03-07 03:26:08 | INFO | [Этап 3/5] Подготовка фото
2025-03-07 03:26:08 | INFO | [Этап 5/5] ✅ Сообщение успешно отправлено в группу Whomever_test
2025-03-07 03:26:08 | INFO | [Статистика] Время выполнения: 3.75 секунд
2025-03-07 03:26:08 | INFO | ✅ Успешно отправлено в группу Whomever_test через аккаунт +79964324353
2025-03-07 03:26:08 | INFO | Получение клиента для сессии +79964324353.session
2025-03-07 03:26:09 | INFO | Клиент успешно создан для +79964324353.session
2025-03-07 03:26:09 | INFO | Создана задача отправки в группу 1231231 через аккаунт +79964324353
2025-03-07 03:26:09 | INFO | [Этап 1/5] Начинаем отправку поста через аккаунт +79964324353 в группу 2295736082
2025-03-07 03:26:09 | INFO | [Этап 2/5] Попытка подписаться на группу -1002295736082
2025-03-07 03:26:09 | INFO | [Этап 5/5] ✅ Сообщение успешно отправлено в группу Black Niggers 🤣/Ko'rshapalaklar / Night Nigger /Night Hunters / White nigers / Qora negrlar and Dark code forces
2025-03-07 03:26:09 | INFO | [Статистика] Время выполнения: 3.78 секунд
2025-03-07 03:26:09 | INFO | ✅ Успешно отправлено в группу Black Niggers 🤣/Ko'rshapalaklar / Night Nigger /Night Hunters / White nigers / Qora negrlar and Dark code forces через аккаунт +79964324353
2025-03-07 03:26:09 | INFO | Получение клиента для сессии +79964324353.session
2025-03-07 03:26:09 | INFO | ✅ Успешно подписались на группу @Whomever_test1
2025-03-07 03:26:09 | INFO | [Этап 2/5] ✅ Успешно подписались на группу
2025-03-07 03:26:09 | INFO | [Этап 2/5] ✅ Успешно получили группу: Whomever_test2323
2025-03-07 03:26:09 | INFO | Проверяем доступ к группе 2265285573
2025-03-07 03:26:09 | INFO | Успешно получили группу: Whomever_test2323
2025-03-07 03:26:09 | INFO | Клиент успешно создан для +79964324353.session
2025-03-07 03:26:09 | INFO | Успешно получили права для группы Whomever_test2323
2025-03-07 03:26:09 | INFO | [Этап 2/5] ✅ Права доступа подтверждены для Whomever_test2323
2025-03-07 03:26:09 | INFO | [Этап 3/5] Подготовка сообщения к отправке
2025-03-07 03:26:09 | INFO | [Этап 3/5] Подготовка фото
2025-03-07 03:26:09 | INFO | Создана задача отправки в группу Test Kwork через аккаунт +79964324353
2025-03-07 03:26:10 | INFO | [Этап 1/5] Начинаем отправку поста через аккаунт +79964324353 в группу 2417883175
2025-03-07 03:26:10 | INFO | [Этап 2/5] Попытка подписаться на группу -1002417883175
2025-03-07 03:26:10 | INFO | ✅ Успешно подписались на группу @Kwork_whomever
2025-03-07 03:26:10 | INFO | [Этап 2/5] ✅ Успешно подписались на группу
2025-03-07 03:26:10 | INFO | [Этап 5/5] ✅ Сообщение успешно отправлено в группу Whomever_test2323
2025-03-07 03:26:10 | INFO | [Статистика] Время выполнения: 3.80 секунд
2025-03-07 03:26:10 | INFO | ✅ Успешно отправлено в группу Whomever_test2323 через аккаунт +79964324353
2025-03-07 03:26:10 | INFO | Получение клиента для сессии +79964324353.session
2025-03-07 03:26:11 | INFO | Клиент успешно создан для +79964324353.session
2025-03-07 03:26:11 | INFO | Создана задача отправки в группу Whomever_testad через аккаунт +79964324353
2025-03-07 03:26:11 | INFO | [Этап 2/5] ✅ Успешно получили группу: 1231231
2025-03-07 03:26:11 | INFO | Проверяем доступ к группе 2295736082
2025-03-07 03:26:11 | INFO | [Этап 1/5] Начинаем отправку поста через аккаунт +79964324353 в группу 2261556153
2025-03-07 03:26:11 | INFO | [Этап 2/5] Попытка подписаться на группу -1002261556153
2025-03-07 03:26:11 | INFO | Успешно получили группу: 1231231
2025-03-07 03:26:11 | INFO | ✅ Успешно подписались на группу @Whomever_test3
2025-03-07 03:26:11 | INFO | [Этап 2/5] ✅ Успешно подписались на группу
2025-03-07 03:26:11 | INFO | Успешно получили права для группы 1231231
2025-03-07 03:26:11 | INFO | [Этап 2/5] ✅ Права доступа подтверждены для 1231231
2025-03-07 03:26:11 | INFO | [Этап 3/5] Подготовка сообщения к отправке
2025-03-07 03:26:11 | INFO | [Этап 3/5] Подготовка фото
2025-03-07 03:26:12 | INFO | [Этап 2/5] ✅ Успешно получили группу: Test Kwork
2025-03-07 03:26:12 | INFO | Проверяем доступ к группе 2417883175
2025-03-07 03:26:12 | INFO | Успешно получили группу: Test Kwork
2025-03-07 03:26:12 | INFO | Успешно получили права для группы Test Kwork
2025-03-07 03:26:12 | INFO | [Этап 2/5] ✅ Права доступа подтверждены для Test Kwork
2025-03-07 03:26:12 | INFO | [Этап 3/5] Подготовка сообщения к отправке
2025-03-07 03:26:12 | INFO | [Этап 3/5] Подготовка фото
2025-03-07 03:26:12 | INFO | [Этап 5/5] ✅ Сообщение успешно отправлено в группу 1231231
2025-03-07 03:26:12 | INFO | [Статистика] Время выполнения: 3.65 секунд
2025-03-07 03:26:12 | INFO | ✅ Успешно отправлено в группу 1231231 через аккаунт +79964324353
2025-03-07 03:26:12 | INFO | Получение клиента для сессии +79964324353.session
2025-03-07 03:26:13 | INFO | Получение клиента для сессии +79964324353.session
2025-03-07 03:26:13 | INFO | Клиент успешно создан для +79964324353.session
2025-03-07 03:26:13 | INFO | Создана задача отправки в группу Black Niggers 🤣/Ko'rshapalaklar / Night Nigger /Night Hunters / White nigers / Qora negrlar and Dark code forces через аккаунт +79964324353
2025-03-07 03:26:13 | INFO | [Этап 1/5] Начинаем отправку поста через аккаунт +79964324353 в группу 2466959594
2025-03-07 03:26:13 | INFO | [Этап 2/5] Попытка подписаться на группу -1002466959594
2025-03-07 03:26:13 | INFO | [Этап 5/5] ✅ Сообщение успешно отправлено в группу Test Kwork
2025-03-07 03:26:13 | INFO | [Статистика] Время выполнения: 3.73 секунд
2025-03-07 03:26:13 | INFO | ✅ Успешно отправлено в группу Test Kwork через аккаунт +79964324353
2025-03-07 03:26:13 | INFO | Получение клиента для сессии +79964324353.session
2025-03-07 03:26:13 | INFO | Клиент успешно создан для +79964324353.session
2025-03-07 03:26:13 | INFO | ✅ Успешно подписались на группу @whomever_contact_test
2025-03-07 03:26:13 | INFO | [Этап 2/5] ✅ Успешно подписались на группу
2025-03-07 03:26:14 | INFO | [Этап 2/5] ✅ Успешно получили группу: Whomever_testad
2025-03-07 03:26:14 | INFO | Проверяем доступ к группе 2261556153
2025-03-07 03:26:14 | INFO | Создана задача отправки в группу Whomever_test2323 через аккаунт +79964324353
2025-03-07 03:26:14 | INFO | Успешно получили группу: Whomever_testad
2025-03-07 03:26:14 | INFO | [Этап 1/5] Начинаем отправку поста через аккаунт +79964324353 в группу 2265285573
2025-03-07 03:26:14 | INFO | [Этап 2/5] Попытка подписаться на группу -1002265285573
2025-03-07 03:26:14 | INFO | Клиент успешно создан для +79964324353.session
2025-03-07 03:26:14 | INFO | Успешно получили права для группы Whomever_testad
2025-03-07 03:26:14 | INFO | [Этап 2/5] ✅ Права доступа подтверждены для Whomever_testad
2025-03-07 03:26:14 | INFO | [Этап 3/5] Подготовка сообщения к отправке
2025-03-07 03:26:14 | INFO | [Этап 3/5] Подготовка фото
2025-03-07 03:26:14 | INFO | ✅ Успешно подписались на группу @Whomever_test4
2025-03-07 03:26:14 | INFO | [Этап 2/5] ✅ Успешно подписались на группу
2025-03-07 03:26:14 | INFO | Создана задача отправки в группу Whomever_test55 через аккаунт +79964324353
2025-03-07 03:26:14 | INFO | [Этап 1/5] Начинаем отправку поста через аккаунт +79964324353 в группу 2319912571
2025-03-07 03:26:14 | INFO | [Этап 2/5] Попытка подписаться на группу -1002319912571
2025-03-07 03:26:14 | INFO | ✅ Успешно подписались на группу @Whomever_test5
2025-03-07 03:26:14 | INFO | [Этап 2/5] ✅ Успешно подписались на группу
2025-03-07 03:26:15 | INFO | [Этап 5/5] ✅ Сообщение успешно отправлено в группу Whomever_testad
2025-03-07 03:26:15 | INFO | [Статистика] Время выполнения: 3.66 секунд
2025-03-07 03:26:15 | INFO | ✅ Успешно отправлено в группу Whomever_testad через аккаунт +79964324353
2025-03-07 03:26:15 | INFO | Получение клиента для сессии +79964324353.session
2025-03-07 03:26:15 | INFO | Клиент успешно создан для +79964324353.session
2025-03-07 03:26:16 | INFO | Создана задача отправки в группу Whomever_test через аккаунт +79964324353
2025-03-07 03:26:16 | INFO | [Этап 2/5] ✅ Успешно получили группу: Black Niggers 🤣/Ko'rshapalaklar / Night Nigger /Night Hunters / White nigers / Qora negrlar and Dark code forces
2025-03-07 03:26:16 | INFO | Проверяем доступ к группе 2466959594
2025-03-07 03:26:16 | INFO | [Этап 1/5] Начинаем отправку поста через аккаунт +79964324353 в группу 2437874611
2025-03-07 03:26:16 | INFO | [Этап 2/5] Попытка подписаться на группу -1002437874611
2025-03-07 03:26:16 | INFO | Успешно получили группу: Black Niggers 🤣/Ko'rshapalaklar / Night Nigger /Night Hunters / White nigers / Qora negrlar and Dark code forces
2025-03-07 03:26:16 | INFO | ✅ Успешно подписались на группу @Whomever_test2
2025-03-07 03:26:16 | INFO | [Этап 2/5] ✅ Успешно подписались на группу
2025-03-07 03:26:16 | INFO | Успешно получили права для группы Black Niggers 🤣/Ko'rshapalaklar / Night Nigger /Night Hunters / White nigers / Qora negrlar and Dark code forces
2025-03-07 03:26:16 | INFO | [Этап 2/5] ✅ Права доступа подтверждены для Black Niggers 🤣/Ko'rshapalaklar / Night Nigger /Night Hunters / White nigers / Qora negrlar and Dark code forces
2025-03-07 03:26:16 | INFO | [Этап 3/5] Подготовка сообщения к отправке
2025-03-07 03:26:16 | INFO | [Этап 3/5] Подготовка фото
2025-03-07 03:26:16 | INFO | [Этап 2/5] ✅ Успешно получили группу: Whomever_test2323
2025-03-07 03:26:16 | INFO | Проверяем доступ к группе 2265285573
2025-03-07 03:26:16 | INFO | Успешно получили группу: Whomever_test2323
2025-03-07 03:26:16 | INFO | Успешно получили права для группы Whomever_test2323
2025-03-07 03:26:16 | INFO | [Этап 2/5] ✅ Права доступа подтверждены для Whomever_test2323
2025-03-07 03:26:16 | INFO | [Этап 3/5] Подготовка сообщения к отправке
2025-03-07 03:26:16 | INFO | [Этап 3/5] Подготовка фото
2025-03-07 03:26:17 | INFO | [Этап 2/5] ✅ Успешно получили группу: Whomever_test55
2025-03-07 03:26:17 | INFO | Проверяем доступ к группе 2319912571
2025-03-07 03:26:17 | INFO | Успешно получили группу: Whomever_test55
2025-03-07 03:26:17 | INFO | Успешно получили права для группы Whomever_test55
2025-03-07 03:26:17 | INFO | [Этап 2/5] ✅ Права доступа подтверждены для Whomever_test55
2025-03-07 03:26:17 | INFO | [Этап 3/5] Подготовка сообщения к отправке
2025-03-07 03:26:17 | INFO | [Этап 3/5] Подготовка фото
2025-03-07 03:26:17 | ERROR | [Этап 4/5] ❌ Ошибка при отправке фото: [WinError 32] Процесс не может получить доступ к файлу, так как этот файл занят другим процессом: 'temp_media/photo_20250307_032616.jpg'
2025-03-07 03:26:17 | ERROR | [Этап 4/5] ❌ Ошибка при отправке сообщения: [WinError 32] Процесс не может получить доступ к файлу, так как этот файл занят другим процессом: 'temp_media/photo_20250307_032616.jpg'
2025-03-07 03:26:17 | INFO | [Повтор] Пробуем отправить снова через 30 сек (попытка 1/3)
2025-03-07 03:26:17 | INFO | [Этап 5/5] ✅ Сообщение успешно отправлено в группу Whomever_test2323
2025-03-07 03:26:17 | INFO | [Статистика] Время выполнения: 3.69 секунд
2025-03-07 03:26:17 | INFO | ✅ Успешно отправлено в группу Whomever_test2323 через аккаунт +79964324353
2025-03-07 03:26:17 | INFO | Получение клиента для сессии +79964324353.session
2025-03-07 03:26:18 | INFO | [Этап 5/5] ✅ Сообщение успешно отправлено в группу Whomever_test55
2025-03-07 03:26:18 | INFO | [Статистика] Время выполнения: 3.82 секунд
2025-03-07 03:26:18 | INFO | ✅ Успешно отправлено в группу Whomever_test55 через аккаунт +79964324353
2025-03-07 03:26:18 | INFO | [Этап 2/5] ✅ Успешно получили группу: Whomever_test
2025-03-07 03:26:18 | INFO | Проверяем доступ к группе 2437874611
2025-03-07 03:26:18 | INFO | Клиент успешно создан для +79964324353.session
2025-03-07 03:26:18 | INFO | Успешно получили группу: Whomever_test
2025-03-07 03:26:18 | INFO | Создана задача отправки в группу Whomever_testad через аккаунт +79964324353
2025-03-07 03:26:18 | INFO | [Этап 1/5] Начинаем отправку поста через аккаунт +79964324353 в группу 2261556153
2025-03-07 03:26:18 | INFO | [Этап 2/5] Попытка подписаться на группу -1002261556153
2025-03-07 03:26:18 | INFO | Успешно получили права для группы Whomever_test
2025-03-07 03:26:18 | INFO | [Этап 2/5] ✅ Права доступа подтверждены для Whomever_test
2025-03-07 03:26:18 | INFO | [Этап 3/5] Подготовка сообщения к отправке
2025-03-07 03:26:18 | INFO | [Этап 3/5] Подготовка фото
2025-03-07 03:26:18 | INFO | ✅ Успешно подписались на группу @Whomever_test3
2025-03-07 03:26:18 | INFO | [Этап 2/5] ✅ Успешно подписались на группу
2025-03-07 03:26:19 | INFO | [Этап 5/5] ✅ Сообщение успешно отправлено в группу Whomever_test
2025-03-07 03:26:19 | INFO | [Статистика] Время выполнения: 3.71 секунд
2025-03-07 03:26:19 | INFO | ✅ Успешно отправлено в группу Whomever_test через аккаунт +79964324353
2025-03-07 03:26:19 | INFO | Получение клиента для сессии +79964324353.session
2025-03-07 03:26:20 | INFO | Клиент успешно создан для +79964324353.session
2025-03-07 03:26:20 | INFO | Создана задача отправки в группу 1231231 через аккаунт +79964324353
2025-03-07 03:26:20 | INFO | [Этап 1/5] Начинаем отправку поста через аккаунт +79964324353 в группу 2295736082
2025-03-07 03:26:20 | INFO | [Этап 2/5] Попытка подписаться на группу -1002295736082
2025-03-07 03:26:20 | INFO | ✅ Успешно подписались на группу @Whomever_test1
2025-03-07 03:26:20 | INFO | [Этап 2/5] ✅ Успешно подписались на группу
2025-03-07 03:26:21 | INFO | [Этап 2/5] ✅ Успешно получили группу: Whomever_testad
2025-03-07 03:26:21 | INFO | Проверяем доступ к группе 2261556153
2025-03-07 03:26:21 | INFO | Успешно получили группу: Whomever_testad
2025-03-07 03:26:21 | INFO | Успешно получили права для группы Whomever_testad
2025-03-07 03:26:21 | INFO | [Этап 2/5] ✅ Права доступа подтверждены для Whomever_testad
2025-03-07 03:26:21 | INFO | [Этап 3/5] Подготовка сообщения к отправке
2025-03-07 03:26:21 | INFO | [Этап 3/5] Подготовка фото
2025-03-07 03:26:22 | INFO | [Этап 5/5] ✅ Сообщение успешно отправлено в группу Whomever_testad
2025-03-07 03:26:22 | INFO | [Статистика] Время выполнения: 3.68 секунд
2025-03-07 03:26:22 | INFO | ✅ Успешно отправлено в группу Whomever_testad через аккаунт +79964324353
2025-03-07 03:26:22 | INFO | Получение клиента для сессии +79964324353.session
2025-03-07 03:26:22 | INFO | Клиент успешно создан для +79964324353.session
2025-03-07 03:26:23 | INFO | [Этап 2/5] ✅ Успешно получили группу: 1231231
2025-03-07 03:26:23 | INFO | Проверяем доступ к группе 2295736082
2025-03-07 03:26:23 | INFO | Создана задача отправки в группу Whomever_test через аккаунт +79964324353
2025-03-07 03:26:23 | INFO | Успешно получили группу: 1231231
2025-03-07 03:26:23 | INFO | [Этап 1/5] Начинаем отправку поста через аккаунт +79964324353 в группу 2437874611
2025-03-07 03:26:23 | INFO | [Этап 2/5] Попытка подписаться на группу -1002437874611
2025-03-07 03:26:23 | INFO | ✅ Успешно подписались на группу @Whomever_test2
2025-03-07 03:26:23 | INFO | [Этап 2/5] ✅ Успешно подписались на группу
2025-03-07 03:26:23 | INFO | Успешно получили права для группы 1231231
2025-03-07 03:26:23 | INFO | [Этап 2/5] ✅ Права доступа подтверждены для 1231231
2025-03-07 03:26:23 | INFO | [Этап 3/5] Подготовка сообщения к отправке
2025-03-07 03:26:23 | INFO | [Этап 3/5] Подготовка фото
2025-03-07 03:26:24 | INFO | [Этап 5/5] ✅ Сообщение успешно отправлено в группу 1231231
2025-03-07 03:26:24 | INFO | [Статистика] Время выполнения: 3.72 секунд
2025-03-07 03:26:24 | INFO | ✅ Успешно отправлено в группу 1231231 через аккаунт +79964324353
2025-03-07 03:26:24 | INFO | Получение клиента для сессии +79964324353.session
2025-03-07 03:26:24 | INFO | Клиент успешно создан для +79964324353.session
2025-03-07 03:26:25 | INFO | Создана задача отправки в группу Black Niggers 🤣/Ko'rshapalaklar / Night Nigger /Night Hunters / White nigers / Qora negrlar and Dark code forces через аккаунт +79964324353
2025-03-07 03:26:25 | INFO | [Этап 1/5] Начинаем отправку поста через аккаунт +79964324353 в группу 2466959594
2025-03-07 03:26:25 | INFO | [Этап 2/5] Попытка подписаться на группу -1002466959594
2025-03-07 03:26:25 | INFO | ✅ Успешно подписались на группу @whomever_contact_test
2025-03-07 03:26:25 | INFO | [Этап 2/5] ✅ Успешно подписались на группу
2025-03-07 03:26:25 | INFO | [Этап 2/5] ✅ Успешно получили группу: Whomever_test
2025-03-07 03:26:25 | INFO | Проверяем доступ к группе 2437874611
2025-03-07 03:26:25 | INFO | Успешно получили группу: Whomever_test
2025-03-07 03:26:25 | INFO | Успешно получили права для группы Whomever_test
2025-03-07 03:26:25 | INFO | [Этап 2/5] ✅ Права доступа подтверждены для Whomever_test
2025-03-07 03:26:25 | INFO | [Этап 3/5] Подготовка сообщения к отправке
2025-03-07 03:26:25 | INFO | [Этап 3/5] Подготовка фото
2025-03-07 03:26:26 | INFO | [Этап 5/5] ✅ Сообщение успешно отправлено в группу Whomever_test
2025-03-07 03:26:26 | INFO | [Статистика] Время выполнения: 3.65 секунд
2025-03-07 03:26:26 | INFO | ✅ Успешно отправлено в группу Whomever_test через аккаунт +79964324353
2025-03-07 03:26:26 | INFO | Получение клиента для сессии +79964324353.session
2025-03-07 03:26:27 | INFO | Клиент успешно создан для +79964324353.session
2025-03-07 03:26:27 | INFO | Создана задача отправки в группу 1231231 через аккаунт +79964324353
2025-03-07 03:26:27 | INFO | [Этап 2/5] ✅ Успешно получили группу: Black Niggers 🤣/Ko'rshapalaklar / Night Nigger /Night Hunters / White nigers / Qora negrlar and Dark code forces
2025-03-07 03:26:27 | INFO | Проверяем доступ к группе 2466959594
2025-03-07 03:26:27 | INFO | [Этап 1/5] Начинаем отправку поста через аккаунт +79964324353 в группу 2295736082
2025-03-07 03:26:27 | INFO | [Этап 2/5] Попытка подписаться на группу -1002295736082
2025-03-07 03:26:27 | INFO | Успешно получили группу: Black Niggers 🤣/Ko'rshapalaklar / Night Nigger /Night Hunters / White nigers / Qora negrlar and Dark code forces
2025-03-07 03:26:27 | INFO | ✅ Успешно подписались на группу @Whomever_test1
2025-03-07 03:26:27 | INFO | [Этап 2/5] ✅ Успешно подписались на группу
2025-03-07 03:26:27 | INFO | Успешно получили права для группы Black Niggers 🤣/Ko'rshapalaklar / Night Nigger /Night Hunters / White nigers / Qora negrlar and Dark code forces
2025-03-07 03:26:27 | INFO | [Этап 2/5] ✅ Права доступа подтверждены для Black Niggers 🤣/Ko'rshapalaklar / Night Nigger /Night Hunters / White nigers / Qora negrlar and Dark code forces
2025-03-07 03:26:27 | INFO | [Этап 3/5] Подготовка сообщения к отправке
2025-03-07 03:26:27 | INFO | [Этап 3/5] Подготовка фото
2025-03-07 03:26:28 | INFO | [Этап 5/5] ✅ Сообщение успешно отправлено в группу Black Niggers 🤣/Ko'rshapalaklar / Night Nigger /Night Hunters / White nigers / Qora negrlar and Dark code forces
2025-03-07 03:26:28 | INFO | [Статистика] Время выполнения: 3.71 секунд
2025-03-07 03:26:28 | INFO | ✅ Успешно отправлено в группу Black Niggers 🤣/Ko'rshapalaklar / Night Nigger /Night Hunters / White nigers / Qora negrlar and Dark code forces через аккаунт +79964324353
2025-03-07 03:26:28 | INFO | Получение клиента для сессии +79964324353.session
2025-03-07 03:26:29 | INFO | Клиент успешно создан для +79964324353.session
2025-03-07 03:26:29 | INFO | Создана задача отправки в группу Test Kwork через аккаунт +79964324353
2025-03-07 03:26:29 | INFO | [Этап 1/5] Начинаем отправку поста через аккаунт +79964324353 в группу 2417883175
2025-03-07 03:26:29 | INFO | [Этап 2/5] Попытка подписаться на группу -1002417883175
2025-03-07 03:26:29 | INFO | ✅ Успешно подписались на группу @Kwork_whomever
2025-03-07 03:26:29 | INFO | [Этап 2/5] ✅ Успешно подписались на группу
2025-03-07 03:26:29 | INFO | [Этап 2/5] ✅ Успешно получили группу: 1231231
2025-03-07 03:26:29 | INFO | Проверяем доступ к группе 2295736082
2025-03-07 03:26:29 | INFO | Успешно получили группу: 1231231
2025-03-07 03:26:30 | INFO | Успешно получили права для группы 1231231
2025-03-07 03:26:30 | INFO | [Этап 2/5] ✅ Права доступа подтверждены для 1231231
2025-03-07 03:26:30 | INFO | [Этап 3/5] Подготовка сообщения к отправке
2025-03-07 03:26:30 | INFO | [Этап 3/5] Подготовка фото
2025-03-07 03:26:31 | INFO | [Этап 5/5] ✅ Сообщение успешно отправлено в группу 1231231
2025-03-07 03:26:31 | INFO | [Статистика] Время выполнения: 3.60 секунд
2025-03-07 03:26:31 | INFO | ✅ Успешно отправлено в группу 1231231 через аккаунт +79964324353
2025-03-07 03:26:31 | INFO | Получение клиента для сессии +79964324353.session
2025-03-07 03:26:31 | INFO | Клиент успешно создан для +79964324353.session
2025-03-07 03:26:31 | INFO | Создана задача отправки в группу Black Niggers 🤣/Ko'rshapalaklar / Night Nigger /Night Hunters / White nigers / Qora negrlar and Dark code forces через аккаунт +79964324353
2025-03-07 03:26:31 | INFO | [Этап 2/5] ✅ Успешно получили группу: Test Kwork
2025-03-07 03:26:31 | INFO | Проверяем доступ к группе 2417883175
2025-03-07 03:26:31 | INFO | [Этап 1/5] Начинаем отправку поста через аккаунт +79964324353 в группу 2466959594
2025-03-07 03:26:31 | INFO | [Этап 2/5] Попытка подписаться на группу -1002466959594
2025-03-07 03:26:32 | INFO | Успешно получили группу: Test Kwork
2025-03-07 03:26:32 | INFO | ✅ Успешно подписались на группу @whomever_contact_test
2025-03-07 03:26:32 | INFO | [Этап 2/5] ✅ Успешно подписались на группу
2025-03-07 03:26:32 | INFO | Успешно получили права для группы Test Kwork
2025-03-07 03:26:32 | INFO | [Этап 2/5] ✅ Права доступа подтверждены для Test Kwork
2025-03-07 03:26:32 | INFO | [Этап 3/5] Подготовка сообщения к отправке
2025-03-07 03:26:32 | INFO | [Этап 3/5] Подготовка фото
2025-03-07 03:26:33 | INFO | [Этап 5/5] ✅ Сообщение успешно отправлено в группу Test Kwork
2025-03-07 03:26:33 | INFO | [Статистика] Время выполнения: 3.66 секунд
2025-03-07 03:26:33 | INFO | ✅ Успешно отправлено в группу Test Kwork через аккаунт +79964324353
2025-03-07 03:26:33 | INFO | Получение клиента для сессии +79964324353.session
2025-03-07 03:26:33 | INFO | Клиент успешно создан для +79964324353.session
2025-03-07 03:26:33 | INFO | Создана задача отправки в группу Whomever_test55 через аккаунт +79964324353
2025-03-07 03:26:34 | INFO | [Этап 1/5] Начинаем отправку поста через аккаунт +79964324353 в группу 2319912571
2025-03-07 03:26:34 | INFO | [Этап 2/5] Попытка подписаться на группу -1002319912571
2025-03-07 03:26:34 | INFO | ✅ Успешно подписались на группу @Whomever_test5
2025-03-07 03:26:34 | INFO | [Этап 2/5] ✅ Успешно подписались на группу
2025-03-07 03:26:34 | INFO | [Этап 2/5] ✅ Успешно получили группу: Black Niggers 🤣/Ko'rshapalaklar / Night Nigger /Night Hunters / White nigers / Qora negrlar and Dark code forces
2025-03-07 03:26:34 | INFO | Проверяем доступ к группе 2466959594
2025-03-07 03:26:34 | INFO | Успешно получили группу: Black Niggers 🤣/Ko'rshapalaklar / Night Nigger /Night Hunters / White nigers / Qora negrlar and Dark code forces
2025-03-07 03:26:34 | INFO | Успешно получили права для группы Black Niggers 🤣/Ko'rshapalaklar / Night Nigger /Night Hunters / White nigers / Qora negrlar and Dark code forces
2025-03-07 03:26:34 | INFO | [Этап 2/5] ✅ Права доступа подтверждены для Black Niggers 🤣/Ko'rshapalaklar / Night Nigger /Night Hunters / White nigers / Qora negrlar and Dark code forces
2025-03-07 03:26:34 | INFO | [Этап 3/5] Подготовка сообщения к отправке
2025-03-07 03:26:34 | INFO | [Этап 3/5] Подготовка фото
2025-03-07 03:26:35 | INFO | [Этап 5/5] ✅ Сообщение успешно отправлено в группу Black Niggers 🤣/Ko'rshapalaklar / Night Nigger /Night Hunters / White nigers / Qora negrlar and Dark code forces
2025-03-07 03:26:35 | INFO | [Статистика] Время выполнения: 3.78 секунд
2025-03-07 03:26:35 | INFO | ✅ Успешно отправлено в группу Black Niggers 🤣/Ko'rshapalaklar / Night Nigger /Night Hunters / White nigers / Qora negrlar and Dark code forces через аккаунт +79964324353
2025-03-07 03:26:35 | INFO | Получение клиента для сессии +79964324353.session
2025-03-07 03:26:36 | INFO | Клиент успешно создан для +79964324353.session
2025-03-07 03:26:36 | INFO | [Этап 2/5] ✅ Успешно получили группу: Whomever_test55
2025-03-07 03:26:36 | INFO | Проверяем доступ к группе 2319912571
2025-03-07 03:26:36 | INFO | Создана задача отправки в группу Test Kwork через аккаунт +79964324353
2025-03-07 03:26:36 | INFO | Успешно получили группу: Whomever_test55
2025-03-07 03:26:36 | INFO | [Этап 1/5] Начинаем отправку поста через аккаунт +79964324353 в группу 2417883175
2025-03-07 03:26:36 | INFO | [Этап 2/5] Попытка подписаться на группу -1002417883175
2025-03-07 03:26:36 | INFO | Успешно получили права для группы Whomever_test55
2025-03-07 03:26:36 | INFO | [Этап 2/5] ✅ Права доступа подтверждены для Whomever_test55
2025-03-07 03:26:36 | INFO | [Этап 3/5] Подготовка сообщения к отправке
2025-03-07 03:26:36 | INFO | [Этап 3/5] Подготовка фото
2025-03-07 03:26:36 | INFO | ✅ Успешно подписались на группу @Kwork_whomever
2025-03-07 03:26:36 | INFO | [Этап 2/5] ✅ Успешно подписались на группу
2025-03-07 03:26:37 | INFO | [Этап 5/5] ✅ Сообщение успешно отправлено в группу Whomever_test55
2025-03-07 03:26:37 | INFO | [Статистика] Время выполнения: 3.72 секунд
2025-03-07 03:26:37 | INFO | ✅ Успешно отправлено в группу Whomever_test55 через аккаунт +79964324353
2025-03-07 03:26:37 | ERROR | Ошибка при подтверждении аккаунтов: Telegram server says - Bad Request: message is not modified: specified new message content and reply markup are exactly the same as a current content and reply markup of the message
Traceback (most recent call last):

  File "C:\Users\Asus\OneDrive\Рабочий стол\Kwork\chencnik\bot.py", line 1688, in <module>
    asyncio.run(main())
    │       │   └ <function main at 0x000002C2BBAF3880>
    │       └ <function run at 0x000002C2AF125B20>
    └ <module 'asyncio' from 'C:\\Users\\Asus\\AppData\\Local\\Programs\\Python\\Python313\\Lib\\asyncio\\__init__.py'>

  File "C:\Users\Asus\AppData\Local\Programs\Python\Python313\Lib\asyncio\runners.py", line 194, in run
    return runner.run(main)
           │      │   └ <coroutine object main at 0x000002C2BA68E200>
           │      └ <function Runner.run at 0x000002C2B15168E0>
           └ <asyncio.runners.Runner object at 0x000002C2BAAE6660>
  File "C:\Users\Asus\AppData\Local\Programs\Python\Python313\Lib\asyncio\runners.py", line 118, in run
    return self._loop.run_until_complete(task)
           │    │     │                  └ <Task pending name='Task-1' coro=<main() running at C:\Users\Asus\OneDrive\Рабочий стол\Kwork\chencnik\bot.py:1680> wait_for=...
           │    │     └ <function BaseEventLoop.run_until_complete at 0x000002C2B15144A0>
           │    └ <ProactorEventLoop running=True closed=False debug=False>
           └ <asyncio.runners.Runner object at 0x000002C2BAAE6660>
  File "C:\Users\Asus\AppData\Local\Programs\Python\Python313\Lib\asyncio\base_events.py", line 708, in run_until_complete
    self.run_forever()
    │    └ <function BaseEventLoop.run_forever at 0x000002C2B1514400>
    └ <ProactorEventLoop running=True closed=False debug=False>
  File "C:\Users\Asus\AppData\Local\Programs\Python\Python313\Lib\asyncio\base_events.py", line 679, in run_forever
    self._run_once()
    │    └ <function BaseEventLoop._run_once at 0x000002C2B1516200>
    └ <ProactorEventLoop running=True closed=False debug=False>
  File "C:\Users\Asus\AppData\Local\Programs\Python\Python313\Lib\asyncio\base_events.py", line 2027, in _run_once
    handle._run()
    │      └ <function Handle._run at 0x000002C2B13451C0>
    └ <Handle Task.task_wakeup()>
  File "C:\Users\Asus\AppData\Local\Programs\Python\Python313\Lib\asyncio\events.py", line 89, in _run
    self._context.run(self._callback, *self._args)
    │    │            │    │           │    └ <member '_args' of 'Handle' objects>
    │    │            │    │           └ <Handle Task.task_wakeup()>
    │    │            │    └ <member '_callback' of 'Handle' objects>
    │    │            └ <Handle Task.task_wakeup()>
    │    └ <member '_context' of 'Handle' objects>
    └ <Handle Task.task_wakeup()>
  File "C:\Users\Asus\AppData\Local\Programs\Python\Python313\Lib\site-packages\aiogram\dispatcher\dispatcher.py", line 309, in _process_update
    response = await self.feed_update(bot, update, **kwargs)
                     │    │           │    │         └ {'dispatcher': <Dispatcher '0x2c2baae4ec0'>, 'bots': (<aiogram.client.bot.Bot object at 0x000002C2BA9B3CB0>,)}
                     │    │           │    └ Update(update_id=334263665, message=None, edited_message=None, channel_post=None, edited_channel_post=None, business_connecti...
                     │    │           └ <aiogram.client.bot.Bot object at 0x000002C2BA9B3CB0>
                     │    └ <function Dispatcher.feed_update at 0x000002C2B990F100>
                     └ <Dispatcher '0x2c2baae4ec0'>
  File "C:\Users\Asus\AppData\Local\Programs\Python\Python313\Lib\site-packages\aiogram\dispatcher\dispatcher.py", line 158, in feed_update
    response = await self.update.wrap_outer_middleware(
                     │    │      └ <function TelegramEventObserver.wrap_outer_middleware at 0x000002C2B990D940>
                     │    └ <aiogram.dispatcher.event.telegram.TelegramEventObserver object at 0x000002C2BAAEE050>
                     └ <Dispatcher '0x2c2baae4ec0'>
  File "C:\Users\Asus\AppData\Local\Programs\Python\Python313\Lib\site-packages\aiogram\dispatcher\middlewares\error.py", line 25, in __call__
    return await handler(event, data)
                 │       │      └ {'dispatcher': <Dispatcher '0x2c2baae4ec0'>, 'bots': (<aiogram.client.bot.Bot object at 0x000002C2BA9B3CB0>,), 'bot': <aiogra...
                 │       └ Update(update_id=334263665, message=None, edited_message=None, channel_post=None, edited_channel_post=None, business_connecti...
                 └ functools.partial(<aiogram.dispatcher.middlewares.user_context.UserContextMiddleware object at 0x000002C2BAAE5BE0>, functools...
  File "C:\Users\Asus\AppData\Local\Programs\Python\Python313\Lib\site-packages\aiogram\dispatcher\middlewares\user_context.py", line 56, in __call__
    return await handler(event, data)
                 │       │      └ {'dispatcher': <Dispatcher '0x2c2baae4ec0'>, 'bots': (<aiogram.client.bot.Bot object at 0x000002C2BA9B3CB0>,), 'bot': <aiogra...
                 │       └ Update(update_id=334263665, message=None, edited_message=None, channel_post=None, edited_channel_post=None, business_connecti...
                 └ functools.partial(<aiogram.fsm.middleware.FSMContextMiddleware object at 0x000002C2BAAE5E80>, <function TelegramEventObserver...
  File "C:\Users\Asus\AppData\Local\Programs\Python\Python313\Lib\site-packages\aiogram\fsm\middleware.py", line 42, in __call__
    return await handler(event, data)
                 │       │      └ {'dispatcher': <Dispatcher '0x2c2baae4ec0'>, 'bots': (<aiogram.client.bot.Bot object at 0x000002C2BA9B3CB0>,), 'bot': <aiogra...
                 │       └ Update(update_id=334263665, message=None, edited_message=None, channel_post=None, edited_channel_post=None, business_connecti...
                 └ <function TelegramEventObserver.trigger at 0x000002C2BBF10B80>
  File "C:\Users\Asus\AppData\Local\Programs\Python\Python313\Lib\site-packages\aiogram\dispatcher\event\telegram.py", line 121, in trigger
    return await wrapped_inner(event, kwargs)
                 │             │      └ {'dispatcher': <Dispatcher '0x2c2baae4ec0'>, 'bots': (<aiogram.client.bot.Bot object at 0x000002C2BA9B3CB0>,), 'bot': <aiogra...
                 │             └ Update(update_id=334263665, message=None, edited_message=None, channel_post=None, edited_channel_post=None, business_connecti...
                 └ <function CallableObject.call at 0x000002C2BBF10CC0>
  File "C:\Users\Asus\AppData\Local\Programs\Python\Python313\Lib\site-packages\aiogram\dispatcher\event\handler.py", line 43, in call
    return await wrapped()
                 └ functools.partial(<bound method Dispatcher._listen_update of <Dispatcher '0x2c2baae4ec0'>>, Update(update_id=334263665, messa...
  File "C:\Users\Asus\AppData\Local\Programs\Python\Python313\Lib\site-packages\aiogram\dispatcher\dispatcher.py", line 276, in _listen_update
    return await self.propagate_event(update_type=update_type, event=event, **kwargs)
                 │    │                           │                  │        └ {'dispatcher': <Dispatcher '0x2c2baae4ec0'>, 'bots': (<aiogram.client.bot.Bot object at 0x000002C2BA9B3CB0>,), 'bot': <aiogra...
                 │    │                           │                  └ CallbackQuery(id='8223005367482816427', from_user=User(id=1914567632, is_bot=False, first_name='Нуритдинов Шохрух', last_name...
                 │    │                           └ 'callback_query'
                 │    └ <function Router.propagate_event at 0x000002C2B990E700>
                 └ <Dispatcher '0x2c2baae4ec0'>
  File "C:\Users\Asus\AppData\Local\Programs\Python\Python313\Lib\site-packages\aiogram\dispatcher\router.py", line 146, in propagate_event
    return await observer.wrap_outer_middleware(_wrapped, event=event, data=kwargs)
                 │        │                     │               │           └ {'dispatcher': <Dispatcher '0x2c2baae4ec0'>, 'bots': (<aiogram.client.bot.Bot object at 0x000002C2BA9B3CB0>,), 'bot': <aiogra...
                 │        │                     │               └ CallbackQuery(id='8223005367482816427', from_user=User(id=1914567632, is_bot=False, first_name='Нуритдинов Шохрух', last_name...
                 │        │                     └ <function Router.propagate_event.<locals>._wrapped at 0x000002C2BBF10900>
                 │        └ <function TelegramEventObserver.wrap_outer_middleware at 0x000002C2B990D940>
                 └ <aiogram.dispatcher.event.telegram.TelegramEventObserver object at 0x000002C2BAA9DBF0>
  File "C:\Users\Asus\AppData\Local\Programs\Python\Python313\Lib\site-packages\aiogram\dispatcher\router.py", line 141, in _wrapped
    return await self._propagate_event(
                 │    └ <function Router._propagate_event at 0x000002C2B990E7A0>
                 └ <Dispatcher '0x2c2baae4ec0'>
  File "C:\Users\Asus\AppData\Local\Programs\Python\Python313\Lib\site-packages\aiogram\dispatcher\router.py", line 166, in _propagate_event
    response = await observer.trigger(event, **kwargs)
                     │        │       │        └ {'dispatcher': <Dispatcher '0x2c2baae4ec0'>, 'bots': (<aiogram.client.bot.Bot object at 0x000002C2BA9B3CB0>,), 'bot': <aiogra...
                     │        │       └ CallbackQuery(id='8223005367482816427', from_user=User(id=1914567632, is_bot=False, first_name='Нуритдинов Шохрух', last_name...
                     │        └ <function TelegramEventObserver.trigger at 0x000002C2B990DA80>
                     └ <aiogram.dispatcher.event.telegram.TelegramEventObserver object at 0x000002C2BAA9DBF0>
  File "C:\Users\Asus\AppData\Local\Programs\Python\Python313\Lib\site-packages\aiogram\dispatcher\event\telegram.py", line 121, in trigger
    return await wrapped_inner(event, kwargs)
                 │             │      └ {'dispatcher': <Dispatcher '0x2c2baae4ec0'>, 'bots': (<aiogram.client.bot.Bot object at 0x000002C2BA9B3CB0>,), 'bot': <aiogra...
                 │             └ CallbackQuery(id='8223005367482816427', from_user=User(id=1914567632, is_bot=False, first_name='Нуритдинов Шохрух', last_name...
                 └ <function CallableObject.call at 0x000002C2BBF10C20>
  File "C:\Users\Asus\AppData\Local\Programs\Python\Python313\Lib\site-packages\aiogram\dispatcher\event\handler.py", line 43, in call
    return await wrapped()
                 └ functools.partial(<function confirm_accounts at 0x000002C2BBAF1C60>, CallbackQuery(id='8223005367482816427', from_user=User(i...

> File "C:\Users\Asus\OneDrive\Рабочий стол\Kwork\chencnik\bot.py", line 861, in confirm_accounts
    await callback.message.edit_text(
          │        │       └ <function Message.edit_text at 0x000002C2B2332520>
          │        └ Message(message_id=1440, date=datetime.datetime(2025, 3, 6, 22, 25, 36, tzinfo=TzInfo(UTC)), chat=Chat(id=1914567632, type='p...
          └ CallbackQuery(id='8223005367482816427', from_user=User(id=1914567632, is_bot=False, first_name='Нуритдинов Шохрух', last_name...

  File "C:\Users\Asus\AppData\Local\Programs\Python\Python313\Lib\site-packages\aiogram\methods\base.py", line 84, in emit
    return await bot(self)
                 │   └ EditMessageText(text='📊 Результаты отправки:\n✅ Успешно: 7\n❌ Ошибок: 0', business_connection_id=None, chat_id=1914567632, me...
                 └ <aiogram.client.bot.Bot object at 0x000002C2BA9B3CB0>
  File "C:\Users\Asus\AppData\Local\Programs\Python\Python313\Lib\site-packages\aiogram\client\bot.py", line 498, in __call__
    return await self.session(self, method, timeout=request_timeout)
                 │    │       │     │               └ None
                 │    │       │     └ EditMessageText(text='📊 Результаты отправки:\n✅ Успешно: 7\n❌ Ошибок: 0', business_connection_id=None, chat_id=1914567632, me...
                 │    │       └ <aiogram.client.bot.Bot object at 0x000002C2BA9B3CB0>
                 │    └ <aiogram.client.session.aiohttp.AiohttpSession object at 0x000002C2BAAE5010>
                 └ <aiogram.client.bot.Bot object at 0x000002C2BA9B3CB0>
  File "C:\Users\Asus\AppData\Local\Programs\Python\Python313\Lib\site-packages\aiogram\client\session\base.py", line 254, in __call__
    return cast(TelegramType, await middleware(bot, method))
           │    │                   │          │    └ EditMessageText(text='📊 Результаты отправки:\n✅ Успешно: 7\n❌ Ошибок: 0', business_connection_id=None, chat_id=1914567632, me...
           │    │                   │          └ <aiogram.client.bot.Bot object at 0x000002C2BA9B3CB0>
           │    │                   └ functools.partial(<bound method AiohttpSession.make_request of <aiogram.client.session.aiohttp.AiohttpSession object at 0x000...
           │    └ ~TelegramType
           └ <function cast at 0x000002C2B14FF9C0>
  File "C:\Users\Asus\AppData\Local\Programs\Python\Python313\Lib\site-packages\aiogram\client\session\aiohttp.py", line 189, in make_request
    response = self.check_response(
               │    └ <function BaseSession.check_response at 0x000002C2B986FBA0>
               └ <aiogram.client.session.aiohttp.AiohttpSession object at 0x000002C2BAAE5010>
  File "C:\Users\Asus\AppData\Local\Programs\Python\Python313\Lib\site-packages\aiogram\client\session\base.py", line 120, in check_response
    raise TelegramBadRequest(method=method, message=description)
          │                         │               └ 'Bad Request: message is not modified: specified new message content and reply markup are exactly the same as a current conte...
          │                         └ EditMessageText(text='📊 Результаты отправки:\n✅ Успешно: 7\n❌ Ошибок: 0', business_connection_id=None, chat_id=1914567632, me...
          └ <class 'aiogram.exceptions.TelegramBadRequest'>

aiogram.exceptions.TelegramBadRequest: Telegram server says - Bad Request: message is not modified: specified new message content and reply markup are exactly the same as a current content and reply markup of the message
2025-03-07 03:26:38 | INFO | [Этап 2/5] ✅ Успешно получили группу: Test Kwork
2025-03-07 03:26:38 | INFO | Проверяем доступ к группе 2417883175
2025-03-07 03:26:39 | INFO | Успешно получили группу: Test Kwork
2025-03-07 03:26:39 | INFO | Успешно получили права для группы Test Kwork
2025-03-07 03:26:39 | INFO | [Этап 2/5] ✅ Права доступа подтверждены для Test Kwork
2025-03-07 03:26:39 | INFO | [Этап 3/5] Подготовка сообщения к отправке
2025-03-07 03:26:39 | INFO | [Этап 3/5] Подготовка фото
2025-03-07 03:26:40 | INFO | [Этап 5/5] ✅ Сообщение успешно отправлено в группу Test Kwork
2025-03-07 03:26:40 | INFO | [Статистика] Время выполнения: 3.80 секунд
2025-03-07 03:26:40 | INFO | ✅ Успешно отправлено в группу Test Kwork через аккаунт +79964324353
2025-03-07 03:26:40 | INFO | Получение клиента для сессии +79964324353.session
2025-03-07 03:26:41 | INFO | Клиент успешно создан для +79964324353.session
2025-03-07 03:26:41 | INFO | Создана задача отправки в группу Whomever_test55 через аккаунт +79964324353
2025-03-07 03:26:41 | INFO | [Этап 1/5] Начинаем отправку поста через аккаунт +79964324353 в группу 2319912571
2025-03-07 03:26:41 | INFO | [Этап 2/5] Попытка подписаться на группу -1002319912571
2025-03-07 03:26:41 | INFO | ✅ Успешно подписались на группу @Whomever_test5
2025-03-07 03:26:41 | INFO | [Этап 2/5] ✅ Успешно подписались на группу
2025-03-07 03:26:43 | INFO | [Этап 2/5] ✅ Успешно получили группу: Whomever_test55
2025-03-07 03:26:43 | INFO | Проверяем доступ к группе 2319912571
2025-03-07 03:26:43 | INFO | Успешно получили группу: Whomever_test55
2025-03-07 03:26:44 | INFO | Успешно получили права для группы Whomever_test55
2025-03-07 03:26:44 | INFO | [Этап 2/5] ✅ Права доступа подтверждены для Whomever_test55
2025-03-07 03:26:44 | INFO | [Этап 3/5] Подготовка сообщения к отправке
2025-03-07 03:26:44 | INFO | [Этап 3/5] Подготовка фото
2025-03-07 03:26:45 | INFO | [Этап 5/5] ✅ Сообщение успешно отправлено в группу Whomever_test55
2025-03-07 03:26:45 | INFO | [Статистика] Время выполнения: 3.98 секунд
2025-03-07 03:26:45 | INFO | ✅ Успешно отправлено в группу Whomever_test55 через аккаунт +79964324353
2025-03-07 03:26:47 | INFO | [Этап 1/5] Начинаем отправку поста через аккаунт +79964324353 в группу 2466959594
2025-03-07 03:26:47 | INFO | [Этап 2/5] Попытка подписаться на группу -1002466959594
2025-03-07 03:26:47 | INFO | ✅ Успешно подписались на группу @whomever_contact_test
2025-03-07 03:26:47 | INFO | [Этап 2/5] ✅ Успешно подписались на группу
2025-03-07 03:26:49 | INFO | [Этап 2/5] ✅ Успешно получили группу: Black Niggers 🤣/Ko'rshapalaklar / Night Nigger /Night Hunters / White nigers / Qora negrlar and Dark code forces
2025-03-07 03:26:49 | INFO | Проверяем доступ к группе 2466959594
2025-03-07 03:26:50 | INFO | Успешно получили группу: Black Niggers 🤣/Ko'rshapalaklar / Night Nigger /Night Hunters / White nigers / Qora negrlar and Dark code forces
2025-03-07 03:26:50 | INFO | Успешно получили права для группы Black Niggers 🤣/Ko'rshapalaklar / Night Nigger /Night Hunters / White nigers / Qora negrlar and Dark code forces
2025-03-07 03:26:50 | INFO | [Этап 2/5] ✅ Права доступа подтверждены для Black Niggers 🤣/Ko'rshapalaklar / Night Nigger /Night Hunters / White nigers / Qora negrlar and Dark code forces
2025-03-07 03:26:50 | INFO | [Этап 3/5] Подготовка сообщения к отправке
2025-03-07 03:26:50 | INFO | [Этап 3/5] Подготовка фото
2025-03-07 03:26:51 | INFO | [Этап 5/5] ✅ Сообщение успешно отправлено в группу Black Niggers 🤣/Ko'rshapalaklar / Night Nigger /Night Hunters / White nigers / Qora negrlar and Dark code forces
2025-03-07 03:26:51 | INFO | [Статистика] Время выполнения: 3.42 секунд
2025-03-07 03:26:51 | INFO | ✅ Успешно отправлено в группу Black Niggers 🤣/Ko'rshapalaklar / Night Nigger /Night Hunters / White nigers / Qora negrlar and Dark code forces через аккаунт +79964324353
2025-03-07 03:26:51 | INFO | Получение клиента для сессии +79964324353.session
2025-03-07 03:26:51 | INFO | Клиент успешно создан для +79964324353.session
2025-03-07 03:26:51 | INFO | Создана задача отправки в группу Test Kwork через аккаунт +79964324353
2025-03-07 03:26:51 | INFO | [Этап 1/5] Начинаем отправку поста через аккаунт +79964324353 в группу 2417883175
2025-03-07 03:26:51 | INFO | [Этап 2/5] Попытка подписаться на группу -1002417883175
2025-03-07 03:26:52 | INFO | ✅ Успешно подписались на группу @Kwork_whomever
2025-03-07 03:26:52 | INFO | [Этап 2/5] ✅ Успешно подписались на группу
2025-03-07 03:26:54 | INFO | [Этап 2/5] ✅ Успешно получили группу: Test Kwork
2025-03-07 03:26:54 | INFO | Проверяем доступ к группе 2417883175
2025-03-07 03:26:54 | INFO | Успешно получили группу: Test Kwork
2025-03-07 03:26:54 | INFO | Успешно получили права для группы Test Kwork
2025-03-07 03:26:54 | INFO | [Этап 2/5] ✅ Права доступа подтверждены для Test Kwork
2025-03-07 03:26:54 | INFO | [Этап 3/5] Подготовка сообщения к отправке
2025-03-07 03:26:54 | INFO | [Этап 3/5] Подготовка фото
2025-03-07 03:26:55 | INFO | [Этап 5/5] ✅ Сообщение успешно отправлено в группу Test Kwork
2025-03-07 03:26:55 | INFO | [Статистика] Время выполнения: 3.84 секунд
2025-03-07 03:26:55 | INFO | ✅ Успешно отправлено в группу Test Kwork через аккаунт +79964324353
2025-03-07 03:26:55 | INFO | Получение клиента для сессии +79964324353.session
2025-03-07 03:26:56 | INFO | Клиент успешно создан для +79964324353.session
2025-03-07 03:26:56 | INFO | Создана задача отправки в группу Whomever_test55 через аккаунт +79964324353
2025-03-07 03:26:56 | INFO | [Этап 1/5] Начинаем отправку поста через аккаунт +79964324353 в группу 2319912571
2025-03-07 03:26:56 | INFO | [Этап 2/5] Попытка подписаться на группу -1002319912571
2025-03-07 03:26:56 | INFO | ✅ Успешно подписались на группу @Whomever_test5
2025-03-07 03:26:56 | INFO | [Этап 2/5] ✅ Успешно подписались на группу
2025-03-07 03:26:58 | INFO | [Этап 2/5] ✅ Успешно получили группу: Whomever_test55
2025-03-07 03:26:58 | INFO | Проверяем доступ к группе 2319912571
2025-03-07 03:26:59 | INFO | Успешно получили группу: Whomever_test55
2025-03-07 03:26:59 | INFO | Успешно получили права для группы Whomever_test55
2025-03-07 03:26:59 | INFO | [Этап 2/5] ✅ Права доступа подтверждены для Whomever_test55
2025-03-07 03:26:59 | INFO | [Этап 3/5] Подготовка сообщения к отправке
2025-03-07 03:26:59 | INFO | [Этап 3/5] Подготовка фото
2025-03-07 03:27:00 | INFO | [Этап 5/5] ✅ Сообщение успешно отправлено в группу Whomever_test55
2025-03-07 03:27:00 | INFO | [Статистика] Время выполнения: 3.64 секунд
2025-03-07 03:27:00 | INFO | ✅ Успешно отправлено в группу Whomever_test55 через аккаунт +79964324353
2025-03-07 03:27:00 | ERROR | Ошибка при подтверждении аккаунтов: Telegram server says - Bad Request: message is not modified: specified new message content and reply markup are exactly the same as a current content and reply markup of the message
Traceback (most recent call last):

  File "C:\Users\Asus\OneDrive\Рабочий стол\Kwork\chencnik\bot.py", line 1688, in <module>
    asyncio.run(main())
    │       │   └ <function main at 0x000002C2BBAF3880>
    │       └ <function run at 0x000002C2AF125B20>
    └ <module 'asyncio' from 'C:\\Users\\Asus\\AppData\\Local\\Programs\\Python\\Python313\\Lib\\asyncio\\__init__.py'>

  File "C:\Users\Asus\AppData\Local\Programs\Python\Python313\Lib\asyncio\runners.py", line 194, in run
    return runner.run(main)
           │      │   └ <coroutine object main at 0x000002C2BA68E200>
           │      └ <function Runner.run at 0x000002C2B15168E0>
           └ <asyncio.runners.Runner object at 0x000002C2BAAE6660>
  File "C:\Users\Asus\AppData\Local\Programs\Python\Python313\Lib\asyncio\runners.py", line 118, in run
    return self._loop.run_until_complete(task)
           │    │     │                  └ <Task pending name='Task-1' coro=<main() running at C:\Users\Asus\OneDrive\Рабочий стол\Kwork\chencnik\bot.py:1680> wait_for=...
           │    │     └ <function BaseEventLoop.run_until_complete at 0x000002C2B15144A0>
           │    └ <ProactorEventLoop running=True closed=False debug=False>
           └ <asyncio.runners.Runner object at 0x000002C2BAAE6660>
  File "C:\Users\Asus\AppData\Local\Programs\Python\Python313\Lib\asyncio\base_events.py", line 708, in run_until_complete
    self.run_forever()
    │    └ <function BaseEventLoop.run_forever at 0x000002C2B1514400>
    └ <ProactorEventLoop running=True closed=False debug=False>
  File "C:\Users\Asus\AppData\Local\Programs\Python\Python313\Lib\asyncio\base_events.py", line 679, in run_forever
    self._run_once()
    │    └ <function BaseEventLoop._run_once at 0x000002C2B1516200>
    └ <ProactorEventLoop running=True closed=False debug=False>
  File "C:\Users\Asus\AppData\Local\Programs\Python\Python313\Lib\asyncio\base_events.py", line 2027, in _run_once
    handle._run()
    │      └ <function Handle._run at 0x000002C2B13451C0>
    └ <Handle Task.task_wakeup()>
  File "C:\Users\Asus\AppData\Local\Programs\Python\Python313\Lib\asyncio\events.py", line 89, in _run
    self._context.run(self._callback, *self._args)
    │    │            │    │           │    └ <member '_args' of 'Handle' objects>
    │    │            │    │           └ <Handle Task.task_wakeup()>
    │    │            │    └ <member '_callback' of 'Handle' objects>
    │    │            └ <Handle Task.task_wakeup()>
    │    └ <member '_context' of 'Handle' objects>
    └ <Handle Task.task_wakeup()>
  File "C:\Users\Asus\AppData\Local\Programs\Python\Python313\Lib\site-packages\aiogram\dispatcher\dispatcher.py", line 309, in _process_update
    response = await self.feed_update(bot, update, **kwargs)
                     │    │           │    │         └ {'dispatcher': <Dispatcher '0x2c2baae4ec0'>, 'bots': (<aiogram.client.bot.Bot object at 0x000002C2BA9B3CB0>,)}
                     │    │           │    └ Update(update_id=334263664, message=None, edited_message=None, channel_post=None, edited_channel_post=None, business_connecti...
                     │    │           └ <aiogram.client.bot.Bot object at 0x000002C2BA9B3CB0>
                     │    └ <function Dispatcher.feed_update at 0x000002C2B990F100>
                     └ <Dispatcher '0x2c2baae4ec0'>
  File "C:\Users\Asus\AppData\Local\Programs\Python\Python313\Lib\site-packages\aiogram\dispatcher\dispatcher.py", line 158, in feed_update
    response = await self.update.wrap_outer_middleware(
                     │    │      └ <function TelegramEventObserver.wrap_outer_middleware at 0x000002C2B990D940>
                     │    └ <aiogram.dispatcher.event.telegram.TelegramEventObserver object at 0x000002C2BAAEE050>
                     └ <Dispatcher '0x2c2baae4ec0'>
  File "C:\Users\Asus\AppData\Local\Programs\Python\Python313\Lib\site-packages\aiogram\dispatcher\middlewares\error.py", line 25, in __call__
    return await handler(event, data)
                 │       │      └ {'dispatcher': <Dispatcher '0x2c2baae4ec0'>, 'bots': (<aiogram.client.bot.Bot object at 0x000002C2BA9B3CB0>,), 'bot': <aiogra...
                 │       └ Update(update_id=334263664, message=None, edited_message=None, channel_post=None, edited_channel_post=None, business_connecti...
                 └ functools.partial(<aiogram.dispatcher.middlewares.user_context.UserContextMiddleware object at 0x000002C2BAAE5BE0>, functools...
  File "C:\Users\Asus\AppData\Local\Programs\Python\Python313\Lib\site-packages\aiogram\dispatcher\middlewares\user_context.py", line 56, in __call__
    return await handler(event, data)
                 │       │      └ {'dispatcher': <Dispatcher '0x2c2baae4ec0'>, 'bots': (<aiogram.client.bot.Bot object at 0x000002C2BA9B3CB0>,), 'bot': <aiogra...
                 │       └ Update(update_id=334263664, message=None, edited_message=None, channel_post=None, edited_channel_post=None, business_connecti...
                 └ functools.partial(<aiogram.fsm.middleware.FSMContextMiddleware object at 0x000002C2BAAE5E80>, <function TelegramEventObserver...
  File "C:\Users\Asus\AppData\Local\Programs\Python\Python313\Lib\site-packages\aiogram\fsm\middleware.py", line 42, in __call__
    return await handler(event, data)
                 │       │      └ {'dispatcher': <Dispatcher '0x2c2baae4ec0'>, 'bots': (<aiogram.client.bot.Bot object at 0x000002C2BA9B3CB0>,), 'bot': <aiogra...
                 │       └ Update(update_id=334263664, message=None, edited_message=None, channel_post=None, edited_channel_post=None, business_connecti...
                 └ <function TelegramEventObserver.trigger at 0x000002C2B36C6660>
  File "C:\Users\Asus\AppData\Local\Programs\Python\Python313\Lib\site-packages\aiogram\dispatcher\event\telegram.py", line 121, in trigger
    return await wrapped_inner(event, kwargs)
                 │             │      └ {'dispatcher': <Dispatcher '0x2c2baae4ec0'>, 'bots': (<aiogram.client.bot.Bot object at 0x000002C2BA9B3CB0>,), 'bot': <aiogra...
                 │             └ Update(update_id=334263664, message=None, edited_message=None, channel_post=None, edited_channel_post=None, business_connecti...
                 └ <function CallableObject.call at 0x000002C2BBEE6160>
  File "C:\Users\Asus\AppData\Local\Programs\Python\Python313\Lib\site-packages\aiogram\dispatcher\event\handler.py", line 43, in call
    return await wrapped()
                 └ functools.partial(<bound method Dispatcher._listen_update of <Dispatcher '0x2c2baae4ec0'>>, Update(update_id=334263664, messa...
  File "C:\Users\Asus\AppData\Local\Programs\Python\Python313\Lib\site-packages\aiogram\dispatcher\dispatcher.py", line 276, in _listen_update
    return await self.propagate_event(update_type=update_type, event=event, **kwargs)
                 │    │                           │                  │        └ {'dispatcher': <Dispatcher '0x2c2baae4ec0'>, 'bots': (<aiogram.client.bot.Bot object at 0x000002C2BA9B3CB0>,), 'bot': <aiogra...
                 │    │                           │                  └ CallbackQuery(id='8223005368217878420', from_user=User(id=1914567632, is_bot=False, first_name='Нуритдинов Шохрух', last_name...
                 │    │                           └ 'callback_query'
                 │    └ <function Router.propagate_event at 0x000002C2B990E700>
                 └ <Dispatcher '0x2c2baae4ec0'>
  File "C:\Users\Asus\AppData\Local\Programs\Python\Python313\Lib\site-packages\aiogram\dispatcher\router.py", line 146, in propagate_event
    return await observer.wrap_outer_middleware(_wrapped, event=event, data=kwargs)
                 │        │                     │               │           └ {'dispatcher': <Dispatcher '0x2c2baae4ec0'>, 'bots': (<aiogram.client.bot.Bot object at 0x000002C2BA9B3CB0>,), 'bot': <aiogra...
                 │        │                     │               └ CallbackQuery(id='8223005368217878420', from_user=User(id=1914567632, is_bot=False, first_name='Нуритдинов Шохрух', last_name...
                 │        │                     └ <function Router.propagate_event.<locals>._wrapped at 0x000002C2BBEE6980>
                 │        └ <function TelegramEventObserver.wrap_outer_middleware at 0x000002C2B990D940>
                 └ <aiogram.dispatcher.event.telegram.TelegramEventObserver object at 0x000002C2BAA9DBF0>
  File "C:\Users\Asus\AppData\Local\Programs\Python\Python313\Lib\site-packages\aiogram\dispatcher\router.py", line 141, in _wrapped
    return await self._propagate_event(
                 │    └ <function Router._propagate_event at 0x000002C2B990E7A0>
                 └ <Dispatcher '0x2c2baae4ec0'>
  File "C:\Users\Asus\AppData\Local\Programs\Python\Python313\Lib\site-packages\aiogram\dispatcher\router.py", line 166, in _propagate_event
    response = await observer.trigger(event, **kwargs)
                     │        │       │        └ {'dispatcher': <Dispatcher '0x2c2baae4ec0'>, 'bots': (<aiogram.client.bot.Bot object at 0x000002C2BA9B3CB0>,), 'bot': <aiogra...
                     │        │       └ CallbackQuery(id='8223005368217878420', from_user=User(id=1914567632, is_bot=False, first_name='Нуритдинов Шохрух', last_name...
                     │        └ <function TelegramEventObserver.trigger at 0x000002C2B990DA80>
                     └ <aiogram.dispatcher.event.telegram.TelegramEventObserver object at 0x000002C2BAA9DBF0>
  File "C:\Users\Asus\AppData\Local\Programs\Python\Python313\Lib\site-packages\aiogram\dispatcher\event\telegram.py", line 121, in trigger
    return await wrapped_inner(event, kwargs)
                 │             │      └ {'dispatcher': <Dispatcher '0x2c2baae4ec0'>, 'bots': (<aiogram.client.bot.Bot object at 0x000002C2BA9B3CB0>,), 'bot': <aiogra...
                 │             └ CallbackQuery(id='8223005368217878420', from_user=User(id=1914567632, is_bot=False, first_name='Нуритдинов Шохрух', last_name...
                 └ <function CallableObject.call at 0x000002C2BBEE6480>
  File "C:\Users\Asus\AppData\Local\Programs\Python\Python313\Lib\site-packages\aiogram\dispatcher\event\handler.py", line 43, in call
    return await wrapped()
                 └ functools.partial(<function confirm_accounts at 0x000002C2BBAF1C60>, CallbackQuery(id='8223005368217878420', from_user=User(i...

> File "C:\Users\Asus\OneDrive\Рабочий стол\Kwork\chencnik\bot.py", line 861, in confirm_accounts
    await callback.message.edit_text(
          │        │       └ <function Message.edit_text at 0x000002C2B2332520>
          │        └ Message(message_id=1440, date=datetime.datetime(2025, 3, 6, 22, 25, 36, tzinfo=TzInfo(UTC)), chat=Chat(id=1914567632, type='p...
          └ CallbackQuery(id='8223005368217878420', from_user=User(id=1914567632, is_bot=False, first_name='Нуритдинов Шохрух', last_name...

  File "C:\Users\Asus\AppData\Local\Programs\Python\Python313\Lib\site-packages\aiogram\methods\base.py", line 84, in emit
    return await bot(self)
                 │   └ EditMessageText(text='📊 Результаты отправки:\n✅ Успешно: 7\n❌ Ошибок: 0', business_connection_id=None, chat_id=1914567632, me...
                 └ <aiogram.client.bot.Bot object at 0x000002C2BA9B3CB0>
  File "C:\Users\Asus\AppData\Local\Programs\Python\Python313\Lib\site-packages\aiogram\client\bot.py", line 498, in __call__
    return await self.session(self, method, timeout=request_timeout)
                 │    │       │     │               └ None
                 │    │       │     └ EditMessageText(text='📊 Результаты отправки:\n✅ Успешно: 7\n❌ Ошибок: 0', business_connection_id=None, chat_id=1914567632, me...
                 │    │       └ <aiogram.client.bot.Bot object at 0x000002C2BA9B3CB0>
                 │    └ <aiogram.client.session.aiohttp.AiohttpSession object at 0x000002C2BAAE5010>
                 └ <aiogram.client.bot.Bot object at 0x000002C2BA9B3CB0>
  File "C:\Users\Asus\AppData\Local\Programs\Python\Python313\Lib\site-packages\aiogram\client\session\base.py", line 254, in __call__
    return cast(TelegramType, await middleware(bot, method))
           │    │                   │          │    └ EditMessageText(text='📊 Результаты отправки:\n✅ Успешно: 7\n❌ Ошибок: 0', business_connection_id=None, chat_id=1914567632, me...
           │    │                   │          └ <aiogram.client.bot.Bot object at 0x000002C2BA9B3CB0>
           │    │                   └ functools.partial(<bound method AiohttpSession.make_request of <aiogram.client.session.aiohttp.AiohttpSession object at 0x000...
           │    └ ~TelegramType
           └ <function cast at 0x000002C2B14FF9C0>
  File "C:\Users\Asus\AppData\Local\Programs\Python\Python313\Lib\site-packages\aiogram\client\session\aiohttp.py", line 189, in make_request
    response = self.check_response(
               │    └ <function BaseSession.check_response at 0x000002C2B986FBA0>
               └ <aiogram.client.session.aiohttp.AiohttpSession object at 0x000002C2BAAE5010>
  File "C:\Users\Asus\AppData\Local\Programs\Python\Python313\Lib\site-packages\aiogram\client\session\base.py", line 120, in check_response
    raise TelegramBadRequest(method=method, message=description)
          │                         │               └ 'Bad Request: message is not modified: specified new message content and reply markup are exactly the same as a current conte...
          │                         └ EditMessageText(text='📊 Результаты отправки:\n✅ Успешно: 7\n❌ Ошибок: 0', business_connection_id=None, chat_id=1914567632, me...
          └ <class 'aiogram.exceptions.TelegramBadRequest'>

aiogram.exceptions.TelegramBadRequest: Telegram server says - Bad Request: message is not modified: specified new message content and reply markup are exactly the same as a current content and reply markup of the message
2025-03-07 03:30:25 | INFO | Отправка отложенного поста #3
2025-03-07 03:30:25 | INFO | Получение клиента для сессии +79964324353.session
2025-03-07 03:30:26 | INFO | Клиент успешно создан для +79964324353.session
2025-03-07 03:30:26 | INFO | Создана задача отправки в группу Whomever_test55 через аккаунт +79964324353
2025-03-07 03:30:26 | INFO | Получение клиента для сессии +79964324353.session
2025-03-07 03:30:26 | INFO | [Этап 1/5] Начинаем отправку поста через аккаунт +79964324353 в группу 2319912571
2025-03-07 03:30:26 | INFO | [Этап 2/5] Попытка подписаться на группу -1002319912571
2025-03-07 03:30:27 | INFO | ✅ Успешно подписались на группу @Whomever_test5
2025-03-07 03:30:27 | INFO | [Этап 2/5] ✅ Успешно подписались на группу
2025-03-07 03:30:27 | INFO | Клиент успешно создан для +79964324353.session
2025-03-07 03:30:27 | INFO | Создана задача отправки в группу Whomever_test2323 через аккаунт +79964324353
2025-03-07 03:30:27 | INFO | Получение клиента для сессии +79964324353.session
2025-03-07 03:30:27 | INFO | [Этап 1/5] Начинаем отправку поста через аккаунт +79964324353 в группу 2265285573
2025-03-07 03:30:27 | INFO | [Этап 2/5] Попытка подписаться на группу -1002265285573
2025-03-07 03:30:27 | INFO | ✅ Успешно подписались на группу @Whomever_test4
2025-03-07 03:30:27 | INFO | [Этап 2/5] ✅ Успешно подписались на группу
2025-03-07 03:30:28 | INFO | Клиент успешно создан для +79964324353.session
2025-03-07 03:30:28 | INFO | Создана задача отправки в группу Whomever_testad через аккаунт +79964324353
2025-03-07 03:30:28 | INFO | Получение клиента для сессии +79964324353.session
2025-03-07 03:30:28 | INFO | [Этап 1/5] Начинаем отправку поста через аккаунт +79964324353 в группу 2261556153
2025-03-07 03:30:28 | INFO | [Этап 2/5] Попытка подписаться на группу -1002261556153
2025-03-07 03:30:28 | INFO | ✅ Успешно подписались на группу @Whomever_test3
2025-03-07 03:30:28 | INFO | [Этап 2/5] ✅ Успешно подписались на группу
2025-03-07 03:30:28 | INFO | Клиент успешно создан для +79964324353.session
2025-03-07 03:30:28 | INFO | Создана задача отправки в группу Whomever_test через аккаунт +79964324353
2025-03-07 03:30:28 | INFO | Получение клиента для сессии +79964324353.session
2025-03-07 03:30:28 | INFO | [Этап 1/5] Начинаем отправку поста через аккаунт +79964324353 в группу 2437874611
2025-03-07 03:30:28 | INFO | [Этап 2/5] Попытка подписаться на группу -1002437874611
2025-03-07 03:30:29 | INFO | [Этап 2/5] ✅ Успешно получили группу: Whomever_test55
2025-03-07 03:30:29 | INFO | Проверяем доступ к группе 2319912571
2025-03-07 03:30:29 | INFO | ✅ Успешно подписались на группу @Whomever_test2
2025-03-07 03:30:29 | INFO | [Этап 2/5] ✅ Успешно подписались на группу
2025-03-07 03:30:29 | INFO | Успешно получили группу: Whomever_test55
2025-03-07 03:30:29 | INFO | Клиент успешно создан для +79964324353.session
2025-03-07 03:30:29 | INFO | Успешно получили права для группы Whomever_test55
2025-03-07 03:30:29 | INFO | [Этап 2/5] ✅ Права доступа подтверждены для Whomever_test55
2025-03-07 03:30:29 | INFO | [Этап 3/5] Подготовка сообщения к отправке
2025-03-07 03:30:29 | INFO | [Этап 3/5] Подготовка фото
2025-03-07 03:30:29 | INFO | Создана задача отправки в группу 1231231 через аккаунт +79964324353
2025-03-07 03:30:29 | INFO | Получение клиента для сессии +79964324353.session
2025-03-07 03:30:29 | INFO | [Этап 1/5] Начинаем отправку поста через аккаунт +79964324353 в группу 2295736082
2025-03-07 03:30:29 | INFO | [Этап 2/5] Попытка подписаться на группу -1002295736082
2025-03-07 03:30:29 | INFO | ✅ Успешно подписались на группу @Whomever_test1
2025-03-07 03:30:29 | INFO | [Этап 2/5] ✅ Успешно подписались на группу
2025-03-07 03:30:29 | INFO | [Этап 2/5] ✅ Успешно получили группу: Whomever_test2323
2025-03-07 03:30:29 | INFO | Проверяем доступ к группе 2265285573
2025-03-07 03:30:30 | INFO | Успешно получили группу: Whomever_test2323
2025-03-07 03:30:30 | INFO | Клиент успешно создан для +79964324353.session
2025-03-07 03:30:30 | INFO | Создана задача отправки в группу Black Niggers 🤣/Ko'rshapalaklar / Night Nigger /Night Hunters / White nigers / Qora negrlar and Dark code forces через аккаунт +79964324353
2025-03-07 03:30:30 | INFO | Получение клиента для сессии +79964324353.session
2025-03-07 03:30:30 | INFO | Успешно получили права для группы Whomever_test2323
2025-03-07 03:30:30 | INFO | [Этап 2/5] ✅ Права доступа подтверждены для Whomever_test2323
2025-03-07 03:30:30 | INFO | [Этап 3/5] Подготовка сообщения к отправке
2025-03-07 03:30:30 | INFO | [Этап 3/5] Подготовка фото
2025-03-07 03:30:30 | INFO | [Этап 1/5] Начинаем отправку поста через аккаунт +79964324353 в группу 2466959594
2025-03-07 03:30:30 | INFO | [Этап 2/5] Попытка подписаться на группу -1002466959594
2025-03-07 03:30:30 | INFO | [Этап 5/5] ✅ Сообщение успешно отправлено в группу Whomever_test55
2025-03-07 03:30:30 | INFO | [Статистика] Время выполнения: 3.67 секунд
2025-03-07 03:30:30 | INFO | [Этап 2/5] ✅ Успешно получили группу: Whomever_testad
2025-03-07 03:30:30 | INFO | Проверяем доступ к группе 2261556153
2025-03-07 03:30:30 | INFO | ✅ Успешно подписались на группу @whomever_contact_test
2025-03-07 03:30:30 | INFO | [Этап 2/5] ✅ Успешно подписались на группу
2025-03-07 03:30:30 | INFO | Успешно получили группу: Whomever_testad
2025-03-07 03:30:30 | INFO | Клиент успешно создан для +79964324353.session
2025-03-07 03:30:31 | INFO | Успешно получили права для группы Whomever_testad
2025-03-07 03:30:31 | INFO | [Этап 2/5] ✅ Права доступа подтверждены для Whomever_testad
2025-03-07 03:30:31 | INFO | [Этап 3/5] Подготовка сообщения к отправке
2025-03-07 03:30:31 | INFO | [Этап 3/5] Подготовка фото
2025-03-07 03:30:31 | INFO | Создана задача отправки в группу Test Kwork через аккаунт +79964324353
2025-03-07 03:30:31 | INFO | ✅ Успешно отправлено в группу Whomever_test55 через аккаунт +79964324353
2025-03-07 03:30:31 | INFO | [Этап 5/5] ✅ Сообщение успешно отправлено в группу Whomever_test2323
2025-03-07 03:30:31 | INFO | [Статистика] Время выполнения: 3.59 секунд
2025-03-07 03:30:31 | INFO | ✅ Успешно отправлено в группу Whomever_test2323 через аккаунт +79964324353
2025-03-07 03:30:31 | INFO | [Этап 1/5] Начинаем отправку поста через аккаунт +79964324353 в группу 2417883175
2025-03-07 03:30:31 | INFO | [Этап 2/5] Попытка подписаться на группу -1002417883175
2025-03-07 03:30:31 | INFO | [Этап 2/5] ✅ Успешно получили группу: Whomever_test
2025-03-07 03:30:31 | INFO | Проверяем доступ к группе 2437874611
2025-03-07 03:30:31 | INFO | Успешно получили группу: Whomever_test
2025-03-07 03:30:31 | INFO | ✅ Успешно подписались на группу @Kwork_whomever
2025-03-07 03:30:31 | INFO | [Этап 2/5] ✅ Успешно подписались на группу
2025-03-07 03:30:31 | INFO | Успешно получили права для группы Whomever_test
2025-03-07 03:30:31 | INFO | [Этап 2/5] ✅ Права доступа подтверждены для Whomever_test
2025-03-07 03:30:31 | INFO | [Этап 3/5] Подготовка сообщения к отправке
2025-03-07 03:30:31 | INFO | [Этап 3/5] Подготовка фото
2025-03-07 03:30:31 | ERROR | [Этап 4/5] ❌ Ошибка при отправке фото: [WinError 32] Процесс не может получить доступ к файлу, так как этот файл занят другим процессом: 'temp_media/photo_20250307_033031.jpg'
2025-03-07 03:30:31 | ERROR | [Этап 4/5] ❌ Ошибка при отправке сообщения: [WinError 32] Процесс не может получить доступ к файлу, так как этот файл занят другим процессом: 'temp_media/photo_20250307_033031.jpg'
2025-03-07 03:30:31 | INFO | [Повтор] Пробуем отправить снова через 30 сек (попытка 1/3)
2025-03-07 03:30:32 | INFO | [Этап 2/5] ✅ Успешно получили группу: 1231231
2025-03-07 03:30:32 | INFO | Проверяем доступ к группе 2295736082
2025-03-07 03:30:32 | INFO | Успешно получили группу: 1231231
2025-03-07 03:30:32 | INFO | Успешно получили права для группы 1231231
2025-03-07 03:30:32 | INFO | [Этап 2/5] ✅ Права доступа подтверждены для 1231231
2025-03-07 03:30:32 | INFO | [Этап 3/5] Подготовка сообщения к отправке
2025-03-07 03:30:32 | INFO | [Этап 3/5] Подготовка фото
2025-03-07 03:30:32 | INFO | [Этап 5/5] ✅ Сообщение успешно отправлено в группу Whomever_test
2025-03-07 03:30:32 | INFO | [Статистика] Время выполнения: 3.73 секунд
2025-03-07 03:30:32 | INFO | [Этап 2/5] ✅ Успешно получили группу: Black Niggers 🤣/Ko'rshapalaklar / Night Nigger /Night Hunters / White nigers / Qora negrlar and Dark code forces
2025-03-07 03:30:32 | INFO | Проверяем доступ к группе 2466959594
2025-03-07 03:30:32 | INFO | Успешно получили группу: Black Niggers 🤣/Ko'rshapalaklar / Night Nigger /Night Hunters / White nigers / Qora negrlar and Dark code forces
2025-03-07 03:30:33 | INFO | Успешно получили права для группы Black Niggers 🤣/Ko'rshapalaklar / Night Nigger /Night Hunters / White nigers / Qora negrlar and Dark code forces
2025-03-07 03:30:33 | INFO | [Этап 2/5] ✅ Права доступа подтверждены для Black Niggers 🤣/Ko'rshapalaklar / Night Nigger /Night Hunters / White nigers / Qora negrlar and Dark code forces
2025-03-07 03:30:33 | INFO | [Этап 3/5] Подготовка сообщения к отправке
2025-03-07 03:30:33 | INFO | [Этап 3/5] Подготовка фото
2025-03-07 03:30:33 | INFO | [Этап 5/5] ✅ Сообщение успешно отправлено в группу 1231231
2025-03-07 03:30:33 | INFO | [Статистика] Время выполнения: 3.92 секунд
2025-03-07 03:30:33 | INFO | [Этап 2/5] ✅ Успешно получили группу: Test Kwork
2025-03-07 03:30:33 | INFO | Проверяем доступ к группе 2417883175
2025-03-07 03:30:33 | INFO | Успешно получили группу: Test Kwork
2025-03-07 03:30:34 | INFO | Успешно получили права для группы Test Kwork
2025-03-07 03:30:34 | INFO | [Этап 2/5] ✅ Права доступа подтверждены для Test Kwork
2025-03-07 03:30:34 | INFO | [Этап 3/5] Подготовка сообщения к отправке
2025-03-07 03:30:34 | INFO | [Этап 3/5] Подготовка фото
2025-03-07 03:30:34 | INFO | [Этап 5/5] ✅ Сообщение успешно отправлено в группу Black Niggers 🤣/Ko'rshapalaklar / Night Nigger /Night Hunters / White nigers / Qora negrlar and Dark code forces
2025-03-07 03:30:34 | INFO | [Статистика] Время выполнения: 3.64 секунд
2025-03-07 03:30:34 | INFO | [Этап 5/5] ✅ Сообщение успешно отправлено в группу Test Kwork
2025-03-07 03:30:34 | INFO | [Статистика] Время выполнения: 3.70 секунд
2025-03-07 03:31:02 | INFO | [Этап 1/5] Начинаем отправку поста через аккаунт +79964324353 в группу 2261556153
2025-03-07 03:31:02 | INFO | [Этап 2/5] Попытка подписаться на группу -1002261556153
2025-03-07 03:31:02 | INFO | ✅ Успешно подписались на группу @Whomever_test3
2025-03-07 03:31:02 | INFO | [Этап 2/5] ✅ Успешно подписались на группу
2025-03-07 03:31:04 | INFO | [Этап 2/5] ✅ Успешно получили группу: Whomever_testad
2025-03-07 03:31:04 | INFO | Проверяем доступ к группе 2261556153
2025-03-07 03:31:04 | INFO | Успешно получили группу: Whomever_testad
2025-03-07 03:31:05 | INFO | Успешно получили права для группы Whomever_testad
2025-03-07 03:31:05 | INFO | [Этап 2/5] ✅ Права доступа подтверждены для Whomever_testad
2025-03-07 03:31:05 | INFO | [Этап 3/5] Подготовка сообщения к отправке
2025-03-07 03:31:05 | INFO | [Этап 3/5] Подготовка фото
2025-03-07 03:31:06 | INFO | [Этап 5/5] ✅ Сообщение успешно отправлено в группу Whomever_testad
2025-03-07 03:31:06 | INFO | [Статистика] Время выполнения: 4.00 секунд
2025-03-07 03:31:06 | INFO | ✅ Успешно отправлено в группу Whomever_testad через аккаунт +79964324353
2025-03-07 03:31:06 | INFO | ✅ Успешно отправлено в группу Whomever_test через аккаунт +79964324353
2025-03-07 03:31:06 | INFO | ✅ Успешно отправлено в группу 1231231 через аккаунт +79964324353
2025-03-07 03:31:06 | INFO | ✅ Успешно отправлено в группу Black Niggers 🤣/Ko'rshapalaklar / Night Nigger /Night Hunters / White nigers / Qora negrlar and Dark code forces через аккаунт +79964324353
2025-03-07 03:31:06 | INFO | ✅ Успешно отправлено в группу Test Kwork через аккаунт +79964324353
2025-03-07 03:31:06 | INFO | ✅ Пост #3 успешно отправлен
