2025-03-06 21:20:34 | INFO | Инициализация SessionManager
2025-03-06 21:20:34 | DEBUG | Загружен существующий ключ шифрования
2025-03-06 21:20:49 | INFO | Попытка добавления аккаунта с номером: +998944899059
2025-03-06 21:20:49 | INFO | Отправка запроса кода для номера +998944899059
2025-03-06 21:20:49 | INFO | Создание новой сессии для номера +998944899059
2025-03-06 21:20:51 | DEBUG | Подключение к Telegram установлено для +998944899059
2025-03-06 21:20:52 | INFO | Отправка запроса кода для +998944899059
2025-03-06 21:20:52 | INFO | Код успешно отправлен для +998944899059
2025-03-06 21:20:52 | INFO | Код подтверждения запрошен для номера +998944899059
2025-03-06 21:21:03 | INFO | Получен код подтверждения для номера +998944899059
2025-03-06 21:21:03 | DEBUG | phone_code_hash для +998944899059: e7dd90c5481f1d4fdf
2025-03-06 21:21:03 | INFO | Попытка авторизации с кодом для номера +998944899059
2025-03-06 21:21:03 | INFO | Попытка авторизации по коду для +998944899059
2025-03-06 21:21:03 | DEBUG | Проверка кода для +998944899059
2025-03-06 21:21:03 | INFO | Требуется 2FA для +998944899059
2025-03-06 21:21:03 | INFO | Требуется 2FA для аккаунта +998944899059
2025-03-06 21:21:06 | INFO | Попытка авторизации по коду для +998944899059
2025-03-06 21:21:06 | DEBUG | Попытка входа с 2FA для +998944899059
2025-03-06 21:21:07 | INFO | 2FA пароль подтверждён для +998944899059
2025-03-06 21:21:07 | INFO | Сессия успешно сохранена в C:\Users\Asus\OneDrive\Рабочий стол\Kwork\chencnik\sessions\user.session
2025-03-06 21:21:42 | INFO | Получение клиента для сессии user.session
2025-03-06 21:21:43 | INFO | Клиент успешно создан для user.session
2025-03-06 21:21:49 | INFO | Получение клиента для сессии user.session
2025-03-06 21:21:49 | INFO | Клиент успешно создан для user.session
2025-03-06 21:21:49 | INFO | Проверяем доступ к группе 2466959594
2025-03-06 21:21:49 | INFO | Успешно получили группу по username: Black Niggers 🤣/Ko'rshapalaklar / Night Nigger /Night Hunters / White nigers / Qora negrlar and Dark code forces
2025-03-06 21:21:50 | INFO | Успешно получили права для группы Black Niggers 🤣/Ko'rshapalaklar / Night Nigger /Night Hunters / White nigers / Qora negrlar and Dark code forces
2025-03-06 21:22:15 | INFO | Получение клиента для сессии user.session
2025-03-06 21:22:16 | INFO | Клиент успешно создан для user.session
2025-03-06 21:22:16 | INFO | Создана задача отправки в группу Black Niggers 🤣/Ko'rshapalaklar / Night Nigger /Night Hunters / White nigers / Qora negrlar and Dark code forces через аккаунт +998944899059
2025-03-06 21:22:16 | INFO | [Этап 1/5] Начинаем отправку поста через аккаунт +998944899059 в группу 2466959594
2025-03-06 21:22:16 | INFO | [Этап 2/5] Попытка подписаться на группу -1002466959594
2025-03-06 21:22:16 | INFO | ✅ Успешно подписались на группу @whomever_contact_test
2025-03-06 21:22:16 | INFO | [Этап 2/5] ✅ Успешно подписались на группу
2025-03-06 21:22:18 | INFO | [Этап 2/5] ✅ Успешно получили группу: Black Niggers 🤣/Ko'rshapalaklar / Night Nigger /Night Hunters / White nigers / Qora negrlar and Dark code forces
2025-03-06 21:22:18 | INFO | Проверяем доступ к группе 2466959594
2025-03-06 21:22:19 | INFO | Успешно получили группу: Black Niggers 🤣/Ko'rshapalaklar / Night Nigger /Night Hunters / White nigers / Qora negrlar and Dark code forces
2025-03-06 21:22:19 | INFO | Успешно получили права для группы Black Niggers 🤣/Ko'rshapalaklar / Night Nigger /Night Hunters / White nigers / Qora negrlar and Dark code forces
2025-03-06 21:22:19 | INFO | [Этап 2/5] ✅ Права доступа подтверждены для Black Niggers 🤣/Ko'rshapalaklar / Night Nigger /Night Hunters / White nigers / Qora negrlar and Dark code forces
2025-03-06 21:22:19 | INFO | [Этап 3/5] Подготовка сообщения к отправке
2025-03-06 21:22:19 | INFO | [Этап 4/5] Отправка сообщения в группу Black Niggers 🤣/Ko'rshapalaklar / Night Nigger /Night Hunters / White nigers / Qora negrlar and Dark code forces
2025-03-06 21:22:19 | INFO | [Этап 5/5] ✅ Сообщение успешно отправлено в группу Black Niggers 🤣/Ko'rshapalaklar / Night Nigger /Night Hunters / White nigers / Qora negrlar and Dark code forces
2025-03-06 21:22:19 | INFO | [Статистика] Время выполнения: 3.15 секунд
2025-03-06 21:22:19 | INFO | ✅ Успешно отправлено в группу Black Niggers 🤣/Ko'rshapalaklar / Night Nigger /Night Hunters / White nigers / Qora negrlar and Dark code forces через аккаунт +998944899059
