2025-03-07 03:58:17 | INFO | Инициализация SessionManager
2025-03-07 03:58:17 | DEBUG | Загружен существующий ключ шифрования
2025-03-07 03:59:46 | INFO | Попытка добавления аккаунта с номером: +79964324353
2025-03-07 03:59:46 | INFO | Отправка запроса кода для номера +79964324353
2025-03-07 03:59:46 | INFO | Создание новой сессии для номера +79964324353
2025-03-07 03:59:48 | DEBUG | Подключение к Telegram установлено для +79964324353
2025-03-07 03:59:48 | INFO | Отправка запроса кода для +79964324353
2025-03-07 03:59:48 | INFO | Код успешно отправлен для +79964324353
2025-03-07 03:59:48 | INFO | Код подтверждения запрошен для номера +79964324353
2025-03-07 03:59:53 | INFO | Получен код подтверждения для номера +79964324353
2025-03-07 03:59:53 | DEBUG | phone_code_hash для +79964324353: b59cfba7e186aece54
2025-03-07 03:59:53 | INFO | Попытка авторизации с кодом для номера +79964324353
2025-03-07 03:59:53 | INFO | Попытка авторизации по коду для +79964324353
2025-03-07 03:59:53 | DEBUG | Проверка кода для +79964324353
2025-03-07 03:59:53 | INFO | Требуется 2FA для +79964324353
2025-03-07 03:59:53 | INFO | Требуется 2FA для аккаунта +79964324353
2025-03-07 03:59:55 | INFO | Попытка авторизации по коду для +79964324353
2025-03-07 03:59:55 | DEBUG | Попытка входа с 2FA для +79964324353
2025-03-07 03:59:56 | INFO | 2FA пароль подтверждён для +79964324353
2025-03-07 03:59:56 | INFO | Сессия успешно сохранена в C:\Users\Asus\OneDrive\Рабочий стол\Kwork\chencnik\sessions\+79964324353.session
2025-03-07 04:00:24 | INFO | Получение клиента для сессии +79964324353.session
2025-03-07 04:00:25 | INFO | Клиент успешно создан для +79964324353.session
2025-03-07 04:00:38 | INFO | Получение клиента для сессии +79964324353.session
2025-03-07 04:00:39 | INFO | Клиент успешно создан для +79964324353.session
2025-03-07 04:00:39 | INFO | Создана задача отправки в группу Black Niggers 🤣/Ko'rshapalaklar / Night Nigger /Night Hunters / White nigers / Qora negrlar and Dark code forces через аккаунт +79964324353
2025-03-07 04:00:39 | INFO | [Этап 1/5] Начинаем отправку поста через аккаунт +79964324353 в группу 2466959594
2025-03-07 04:00:39 | INFO | [Этап 2/5] Попытка подписаться на группу -1002466959594
2025-03-07 04:00:40 | INFO | ✅ Успешно подписались на группу @whomever_contact_test
2025-03-07 04:00:40 | INFO | [Этап 2/5] ✅ Успешно подписались на группу
2025-03-07 04:00:42 | INFO | [Этап 2/5] ✅ Успешно получили группу: Black Niggers 🤣/Ko'rshapalaklar / Night Nigger /Night Hunters / White nigers / Qora negrlar and Dark code forces
2025-03-07 04:00:42 | INFO | Проверяем доступ к группе 2466959594
2025-03-07 04:00:42 | INFO | Успешно получили группу: Black Niggers 🤣/Ko'rshapalaklar / Night Nigger /Night Hunters / White nigers / Qora negrlar and Dark code forces
2025-03-07 04:00:42 | INFO | Успешно получили права для группы Black Niggers 🤣/Ko'rshapalaklar / Night Nigger /Night Hunters / White nigers / Qora negrlar and Dark code forces
2025-03-07 04:00:42 | INFO | [Этап 2/5] ✅ Права доступа подтверждены для Black Niggers 🤣/Ko'rshapalaklar / Night Nigger /Night Hunters / White nigers / Qora negrlar and Dark code forces
2025-03-07 04:00:42 | INFO | [Этап 3/5] Подготовка сообщения к отправке
2025-03-07 04:00:42 | INFO | [Этап 3/5] Подготовка фото
2025-03-07 04:00:43 | INFO | [Этап 5/5] ✅ Сообщение успешно отправлено в группу Black Niggers 🤣/Ko'rshapalaklar / Night Nigger /Night Hunters / White nigers / Qora negrlar and Dark code forces
2025-03-07 04:00:43 | INFO | [Статистика] Время выполнения: 3.62 секунд
2025-03-07 04:00:43 | INFO | ✅ Успешно отправлено в группу Black Niggers 🤣/Ko'rshapalaklar / Night Nigger /Night Hunters / White nigers / Qora negrlar and Dark code forces через аккаунт +79964324353
2025-03-07 04:00:43 | INFO | Получение клиента для сессии +79964324353.session
2025-03-07 04:00:44 | INFO | Клиент успешно создан для +79964324353.session
2025-03-07 04:00:44 | INFO | Создана задача отправки в группу Whomever_test через аккаунт +79964324353
2025-03-07 04:00:44 | INFO | [Этап 1/5] Начинаем отправку поста через аккаунт +79964324353 в группу 2437874611
2025-03-07 04:00:44 | INFO | [Этап 2/5] Попытка подписаться на группу -1002437874611
2025-03-07 04:00:44 | INFO | ✅ Успешно подписались на группу @Whomever_test2
2025-03-07 04:00:44 | INFO | [Этап 2/5] ✅ Успешно подписались на группу
2025-03-07 04:00:46 | INFO | [Этап 2/5] ✅ Успешно получили группу: Whomever_test
2025-03-07 04:00:46 | INFO | Проверяем доступ к группе 2437874611
2025-03-07 04:00:46 | INFO | Успешно получили группу: Whomever_test
2025-03-07 04:00:47 | INFO | Успешно получили права для группы Whomever_test
2025-03-07 04:00:47 | INFO | [Этап 2/5] ✅ Права доступа подтверждены для Whomever_test
2025-03-07 04:00:47 | INFO | [Этап 3/5] Подготовка сообщения к отправке
2025-03-07 04:00:47 | INFO | [Этап 3/5] Подготовка фото
2025-03-07 04:00:47 | INFO | [Этап 5/5] ✅ Сообщение успешно отправлено в группу Whomever_test
2025-03-07 04:00:47 | INFO | [Статистика] Время выполнения: 3.77 секунд
2025-03-07 04:00:47 | INFO | ✅ Успешно отправлено в группу Whomever_test через аккаунт +79964324353
2025-03-07 04:01:32 | INFO | Получение клиента для сессии +79964324353.session
2025-03-07 04:01:33 | INFO | Клиент успешно создан для +79964324353.session
2025-03-07 04:01:33 | INFO | Создана задача отправки в группу Black Niggers 🤣/Ko'rshapalaklar / Night Nigger /Night Hunters / White nigers / Qora negrlar and Dark code forces через аккаунт +79964324353
2025-03-07 04:01:33 | INFO | [Этап 1/5] Начинаем отправку поста через аккаунт +79964324353 в группу 2466959594
2025-03-07 04:01:33 | INFO | [Этап 2/5] Попытка подписаться на группу -1002466959594
2025-03-07 04:01:33 | INFO | ✅ Успешно подписались на группу @whomever_contact_test
2025-03-07 04:01:33 | INFO | [Этап 2/5] ✅ Успешно подписались на группу
2025-03-07 04:01:35 | INFO | [Этап 2/5] ✅ Успешно получили группу: Black Niggers 🤣/Ko'rshapalaklar / Night Nigger /Night Hunters / White nigers / Qora negrlar and Dark code forces
2025-03-07 04:01:35 | INFO | Проверяем доступ к группе 2466959594
2025-03-07 04:01:36 | INFO | Успешно получили группу: Black Niggers 🤣/Ko'rshapalaklar / Night Nigger /Night Hunters / White nigers / Qora negrlar and Dark code forces
2025-03-07 04:01:36 | INFO | Успешно получили права для группы Black Niggers 🤣/Ko'rshapalaklar / Night Nigger /Night Hunters / White nigers / Qora negrlar and Dark code forces
2025-03-07 04:01:36 | INFO | [Этап 2/5] ✅ Права доступа подтверждены для Black Niggers 🤣/Ko'rshapalaklar / Night Nigger /Night Hunters / White nigers / Qora negrlar and Dark code forces
2025-03-07 04:01:36 | INFO | [Этап 3/5] Подготовка сообщения к отправке
2025-03-07 04:01:36 | INFO | [Этап 3/5] Подготовка фото
2025-03-07 04:01:37 | INFO | [Этап 5/5] ✅ Сообщение успешно отправлено в группу Black Niggers 🤣/Ko'rshapalaklar / Night Nigger /Night Hunters / White nigers / Qora negrlar and Dark code forces
2025-03-07 04:01:37 | INFO | [Статистика] Время выполнения: 3.90 секунд
2025-03-07 04:01:37 | INFO | ✅ Успешно отправлено в группу Black Niggers 🤣/Ko'rshapalaklar / Night Nigger /Night Hunters / White nigers / Qora negrlar and Dark code forces через аккаунт +79964324353
2025-03-07 04:01:37 | INFO | Получение клиента для сессии +79964324353.session
2025-03-07 04:01:38 | INFO | Клиент успешно создан для +79964324353.session
2025-03-07 04:01:38 | INFO | Создана задача отправки в группу Whomever_test через аккаунт +79964324353
2025-03-07 04:01:38 | INFO | [Этап 1/5] Начинаем отправку поста через аккаунт +79964324353 в группу 2437874611
2025-03-07 04:01:38 | INFO | [Этап 2/5] Попытка подписаться на группу -1002437874611
2025-03-07 04:01:38 | INFO | ✅ Успешно подписались на группу @Whomever_test2
2025-03-07 04:01:38 | INFO | [Этап 2/5] ✅ Успешно подписались на группу
2025-03-07 04:01:40 | INFO | [Этап 2/5] ✅ Успешно получили группу: Whomever_test
2025-03-07 04:01:40 | INFO | Проверяем доступ к группе 2437874611
2025-03-07 04:01:40 | INFO | Успешно получили группу: Whomever_test
2025-03-07 04:01:40 | INFO | Успешно получили права для группы Whomever_test
2025-03-07 04:01:40 | INFO | [Этап 2/5] ✅ Права доступа подтверждены для Whomever_test
2025-03-07 04:01:40 | INFO | [Этап 3/5] Подготовка сообщения к отправке
2025-03-07 04:01:40 | INFO | [Этап 3/5] Подготовка фото
2025-03-07 04:01:42 | INFO | [Этап 5/5] ✅ Сообщение успешно отправлено в группу Whomever_test
2025-03-07 04:01:42 | INFO | [Статистика] Время выполнения: 3.74 секунд
2025-03-07 04:01:42 | INFO | ✅ Успешно отправлено в группу Whomever_test через аккаунт +79964324353
2025-03-07 04:01:42 | INFO | Получение клиента для сессии +79964324353.session
2025-03-07 04:01:42 | INFO | Клиент успешно создан для +79964324353.session
2025-03-07 04:01:42 | INFO | Создана задача отправки в группу Whomever_testad через аккаунт +79964324353
2025-03-07 04:01:42 | INFO | [Этап 1/5] Начинаем отправку поста через аккаунт +79964324353 в группу 2261556153
2025-03-07 04:01:42 | INFO | [Этап 2/5] Попытка подписаться на группу -1002261556153
2025-03-07 04:01:43 | INFO | ✅ Успешно подписались на группу @Whomever_test3
2025-03-07 04:01:43 | INFO | [Этап 2/5] ✅ Успешно подписались на группу
2025-03-07 04:01:45 | INFO | [Этап 2/5] ✅ Успешно получили группу: Whomever_testad
2025-03-07 04:01:45 | INFO | Проверяем доступ к группе 2261556153
2025-03-07 04:01:45 | INFO | Успешно получили группу: Whomever_testad
2025-03-07 04:01:45 | INFO | Успешно получили права для группы Whomever_testad
2025-03-07 04:01:45 | INFO | [Этап 2/5] ✅ Права доступа подтверждены для Whomever_testad
2025-03-07 04:01:45 | INFO | [Этап 3/5] Подготовка сообщения к отправке
2025-03-07 04:01:45 | INFO | [Этап 3/5] Подготовка фото
2025-03-07 04:01:46 | INFO | [Этап 5/5] ✅ Сообщение успешно отправлено в группу Whomever_testad
2025-03-07 04:01:46 | INFO | [Статистика] Время выполнения: 3.75 секунд
2025-03-07 04:01:46 | INFO | ✅ Успешно отправлено в группу Whomever_testad через аккаунт +79964324353
2025-03-07 04:01:46 | INFO | Получение клиента для сессии +79964324353.session
2025-03-07 04:01:47 | INFO | Клиент успешно создан для +79964324353.session
2025-03-07 04:01:47 | INFO | Создана задача отправки в группу Whomever_test2323 через аккаунт +79964324353
2025-03-07 04:01:47 | INFO | [Этап 1/5] Начинаем отправку поста через аккаунт +79964324353 в группу 2265285573
2025-03-07 04:01:47 | INFO | [Этап 2/5] Попытка подписаться на группу -1002265285573
2025-03-07 04:01:47 | INFO | ✅ Успешно подписались на группу @Whomever_test4
2025-03-07 04:01:47 | INFO | [Этап 2/5] ✅ Успешно подписались на группу
2025-03-07 04:01:49 | INFO | [Этап 2/5] ✅ Успешно получили группу: Whomever_test2323
2025-03-07 04:01:49 | INFO | Проверяем доступ к группе 2265285573
2025-03-07 04:01:49 | INFO | Успешно получили группу: Whomever_test2323
2025-03-07 04:01:50 | INFO | Успешно получили права для группы Whomever_test2323
2025-03-07 04:01:50 | INFO | [Этап 2/5] ✅ Права доступа подтверждены для Whomever_test2323
2025-03-07 04:01:50 | INFO | [Этап 3/5] Подготовка сообщения к отправке
2025-03-07 04:01:50 | INFO | [Этап 3/5] Подготовка фото
2025-03-07 04:01:51 | INFO | [Этап 5/5] ✅ Сообщение успешно отправлено в группу Whomever_test2323
2025-03-07 04:01:51 | INFO | [Статистика] Время выполнения: 3.78 секунд
2025-03-07 04:01:51 | INFO | ✅ Успешно отправлено в группу Whomever_test2323 через аккаунт +79964324353
2025-03-07 04:01:51 | INFO | Получение клиента для сессии +79964324353.session
2025-03-07 04:01:51 | INFO | Клиент успешно создан для +79964324353.session
2025-03-07 04:01:51 | INFO | Создана задача отправки в группу Whomever_test55 через аккаунт +79964324353
2025-03-07 04:01:51 | INFO | [Этап 1/5] Начинаем отправку поста через аккаунт +79964324353 в группу 2319912571
2025-03-07 04:01:51 | INFO | [Этап 2/5] Попытка подписаться на группу -1002319912571
2025-03-07 04:01:52 | INFO | ✅ Успешно подписались на группу @Whomever_test5
2025-03-07 04:01:52 | INFO | [Этап 2/5] ✅ Успешно подписались на группу
2025-03-07 04:01:54 | INFO | [Этап 2/5] ✅ Успешно получили группу: Whomever_test55
2025-03-07 04:01:54 | INFO | Проверяем доступ к группе 2319912571
2025-03-07 04:01:54 | INFO | Успешно получили группу: Whomever_test55
2025-03-07 04:01:54 | INFO | Успешно получили права для группы Whomever_test55
2025-03-07 04:01:54 | INFO | [Этап 2/5] ✅ Права доступа подтверждены для Whomever_test55
2025-03-07 04:01:54 | INFO | [Этап 3/5] Подготовка сообщения к отправке
2025-03-07 04:01:54 | INFO | [Этап 3/5] Подготовка фото
2025-03-07 04:01:55 | INFO | [Этап 5/5] ✅ Сообщение успешно отправлено в группу Whomever_test55
2025-03-07 04:01:55 | INFO | [Статистика] Время выполнения: 3.71 секунд
2025-03-07 04:01:55 | INFO | ✅ Успешно отправлено в группу Whomever_test55 через аккаунт +79964324353
2025-03-07 04:01:55 | INFO | Получение клиента для сессии +79964324353.session
2025-03-07 04:01:56 | INFO | Клиент успешно создан для +79964324353.session
2025-03-07 04:01:56 | INFO | Создана задача отправки в группу 1231231 через аккаунт +79964324353
2025-03-07 04:01:56 | INFO | [Этап 1/5] Начинаем отправку поста через аккаунт +79964324353 в группу 2295736082
2025-03-07 04:01:56 | INFO | [Этап 2/5] Попытка подписаться на группу -1002295736082
2025-03-07 04:01:56 | INFO | ✅ Успешно подписались на группу @Whomever_test1
2025-03-07 04:01:56 | INFO | [Этап 2/5] ✅ Успешно подписались на группу
2025-03-07 04:01:58 | INFO | [Этап 2/5] ✅ Успешно получили группу: 1231231
2025-03-07 04:01:58 | INFO | Проверяем доступ к группе 2295736082
2025-03-07 04:01:58 | INFO | Успешно получили группу: 1231231
2025-03-07 04:01:59 | INFO | Успешно получили права для группы 1231231
2025-03-07 04:01:59 | INFO | [Этап 2/5] ✅ Права доступа подтверждены для 1231231
2025-03-07 04:01:59 | INFO | [Этап 3/5] Подготовка сообщения к отправке
2025-03-07 04:01:59 | INFO | [Этап 3/5] Подготовка фото
2025-03-07 04:02:00 | INFO | [Этап 5/5] ✅ Сообщение успешно отправлено в группу 1231231
2025-03-07 04:02:00 | INFO | [Статистика] Время выполнения: 3.78 секунд
2025-03-07 04:02:00 | INFO | ✅ Успешно отправлено в группу 1231231 через аккаунт +79964324353
2025-03-07 04:02:00 | INFO | Получение клиента для сессии +79964324353.session
2025-03-07 04:02:00 | INFO | Клиент успешно создан для +79964324353.session
2025-03-07 04:02:00 | INFO | Создана задача отправки в группу Test Kwork через аккаунт +79964324353
2025-03-07 04:02:01 | INFO | [Этап 1/5] Начинаем отправку поста через аккаунт +79964324353 в группу 2417883175
2025-03-07 04:02:01 | INFO | [Этап 2/5] Попытка подписаться на группу -1002417883175
2025-03-07 04:02:01 | INFO | ✅ Успешно подписались на группу @Kwork_whomever
2025-03-07 04:02:01 | INFO | [Этап 2/5] ✅ Успешно подписались на группу
2025-03-07 04:02:03 | INFO | [Этап 2/5] ✅ Успешно получили группу: Test Kwork
2025-03-07 04:02:03 | INFO | Проверяем доступ к группе 2417883175
2025-03-07 04:02:03 | INFO | Успешно получили группу: Test Kwork
2025-03-07 04:02:03 | INFO | Успешно получили права для группы Test Kwork
2025-03-07 04:02:03 | INFO | [Этап 2/5] ✅ Права доступа подтверждены для Test Kwork
2025-03-07 04:02:03 | INFO | [Этап 3/5] Подготовка сообщения к отправке
2025-03-07 04:02:03 | INFO | [Этап 3/5] Подготовка фото
2025-03-07 04:02:04 | INFO | [Этап 5/5] ✅ Сообщение успешно отправлено в группу Test Kwork
2025-03-07 04:02:04 | INFO | [Статистика] Время выполнения: 3.76 секунд
2025-03-07 04:02:04 | INFO | ✅ Успешно отправлено в группу Test Kwork через аккаунт +79964324353
