2025-03-07 04:10:44 | INFO | Инициализация SessionManager
2025-03-07 04:10:45 | DEBUG | Загружен существующий ключ шифрования
2025-03-07 04:10:45 | INFO | Отправка отложенного поста #4
2025-03-07 04:10:45 | INFO | Получение клиента для сессии +79964324353.session
2025-03-07 04:10:45 | INFO | Клиент успешно создан для +79964324353.session
2025-03-07 04:10:45 | INFO | Создана задача отправки в группу Black Niggers 🤣/Ko'rshapalaklar / Night Nigger /Night Hunters / White nigers / Qora negrlar and Dark code forces через аккаунт +79964324353
2025-03-07 04:10:45 | INFO | Получение клиента для сессии +79964324353.session
2025-03-07 04:10:46 | INFO | [Этап 1/5] Начинаем отправку поста через аккаунт +79964324353 в группу 2466959594
2025-03-07 04:10:46 | INFO | [Этап 2/5] Попытка подписаться на группу -1002466959594
2025-03-07 04:10:46 | INFO | ✅ Успешно подписались на группу @whomever_contact_test
2025-03-07 04:10:46 | INFO | [Этап 2/5] ✅ Успешно подписались на группу
2025-03-07 04:10:46 | INFO | Клиент успешно создан для +79964324353.session
2025-03-07 04:10:46 | INFO | Создана задача отправки в группу Whomever_test55 через аккаунт +79964324353
2025-03-07 04:10:46 | INFO | Получение клиента для сессии +79964324353.session
2025-03-07 04:10:46 | INFO | [Этап 1/5] Начинаем отправку поста через аккаунт +79964324353 в группу 2319912571
2025-03-07 04:10:46 | INFO | [Этап 2/5] Попытка подписаться на группу -1002319912571
2025-03-07 04:10:47 | INFO | ✅ Успешно подписались на группу @Whomever_test5
2025-03-07 04:10:47 | INFO | [Этап 2/5] ✅ Успешно подписались на группу
2025-03-07 04:10:47 | INFO | Клиент успешно создан для +79964324353.session
2025-03-07 04:10:47 | INFO | Создана задача отправки в группу Test Kwork через аккаунт +79964324353
2025-03-07 04:10:47 | INFO | [Этап 1/5] Начинаем отправку поста через аккаунт +79964324353 в группу 2417883175
2025-03-07 04:10:47 | INFO | [Этап 2/5] Попытка подписаться на группу -1002417883175
2025-03-07 04:10:47 | INFO | ✅ Успешно подписались на группу @Kwork_whomever
2025-03-07 04:10:47 | INFO | [Этап 2/5] ✅ Успешно подписались на группу
2025-03-07 04:10:48 | INFO | [Этап 2/5] ✅ Успешно получили группу: Black Niggers 🤣/Ko'rshapalaklar / Night Nigger /Night Hunters / White nigers / Qora negrlar and Dark code forces
2025-03-07 04:10:48 | INFO | Проверяем доступ к группе 2466959594
2025-03-07 04:10:48 | INFO | Успешно получили группу: Black Niggers 🤣/Ko'rshapalaklar / Night Nigger /Night Hunters / White nigers / Qora negrlar and Dark code forces
2025-03-07 04:10:48 | INFO | Успешно получили права для группы Black Niggers 🤣/Ko'rshapalaklar / Night Nigger /Night Hunters / White nigers / Qora negrlar and Dark code forces
2025-03-07 04:10:48 | INFO | [Этап 2/5] ✅ Права доступа подтверждены для Black Niggers 🤣/Ko'rshapalaklar / Night Nigger /Night Hunters / White nigers / Qora negrlar and Dark code forces
2025-03-07 04:10:48 | INFO | [Этап 3/5] Подготовка сообщения к отправке
2025-03-07 04:10:48 | INFO | [Этап 3/5] Подготовка фото
2025-03-07 04:10:49 | INFO | [Этап 2/5] ✅ Успешно получили группу: Whomever_test55
2025-03-07 04:10:49 | INFO | Проверяем доступ к группе 2319912571
2025-03-07 04:10:49 | INFO | Успешно получили группу: Whomever_test55
2025-03-07 04:10:49 | INFO | Успешно получили права для группы Whomever_test55
2025-03-07 04:10:49 | INFO | [Этап 2/5] ✅ Права доступа подтверждены для Whomever_test55
2025-03-07 04:10:49 | INFO | [Этап 3/5] Подготовка сообщения к отправке
2025-03-07 04:10:49 | INFO | [Этап 3/5] Подготовка фото
2025-03-07 04:10:50 | INFO | [Этап 2/5] ✅ Успешно получили группу: Test Kwork
2025-03-07 04:10:50 | INFO | Проверяем доступ к группе 2417883175
2025-03-07 04:10:50 | INFO | [Этап 5/5] ✅ Сообщение успешно отправлено в группу Black Niggers 🤣/Ko'rshapalaklar / Night Nigger /Night Hunters / White nigers / Qora negrlar and Dark code forces
2025-03-07 04:10:50 | INFO | [Статистика] Время выполнения: 4.03 секунд
2025-03-07 04:10:50 | INFO | ✅ Успешно отправлено в группу Black Niggers 🤣/Ko'rshapalaklar / Night Nigger /Night Hunters / White nigers / Qora negrlar and Dark code forces через аккаунт +79964324353
2025-03-07 04:10:50 | INFO | Успешно получили группу: Test Kwork
2025-03-07 04:10:50 | INFO | Успешно получили права для группы Test Kwork
2025-03-07 04:10:50 | INFO | [Этап 2/5] ✅ Права доступа подтверждены для Test Kwork
2025-03-07 04:10:50 | INFO | [Этап 3/5] Подготовка сообщения к отправке
2025-03-07 04:10:50 | INFO | [Этап 3/5] Подготовка фото
2025-03-07 04:10:50 | INFO | [Этап 5/5] ✅ Сообщение успешно отправлено в группу Whomever_test55
2025-03-07 04:10:50 | INFO | [Статистика] Время выполнения: 3.60 секунд
2025-03-07 04:10:50 | INFO | ✅ Успешно отправлено в группу Whomever_test55 через аккаунт +79964324353
2025-03-07 04:10:51 | INFO | [Этап 5/5] ✅ Сообщение успешно отправлено в группу Test Kwork
2025-03-07 04:10:51 | INFO | [Статистика] Время выполнения: 3.61 секунд
2025-03-07 04:10:51 | INFO | ✅ Успешно отправлено в группу Test Kwork через аккаунт +79964324353
2025-03-07 04:10:51 | ERROR | Не удалось отправить результаты пользователю
2025-03-07 04:10:51 | INFO | ✅ Пост #4 успешно отправлен
2025-03-07 04:11:23 | INFO | Получение клиента для сессии +79964324353.session
2025-03-07 04:11:23 | INFO | Клиент успешно создан для +79964324353.session
2025-03-07 04:11:23 | INFO | Создана задача отправки в группу Black Niggers 🤣/Ko'rshapalaklar / Night Nigger /Night Hunters / White nigers / Qora negrlar and Dark code forces через аккаунт +79964324353
2025-03-07 04:11:23 | INFO | [Этап 1/5] Начинаем отправку поста через аккаунт +79964324353 в группу 2466959594
2025-03-07 04:11:23 | INFO | [Этап 2/5] Попытка подписаться на группу -1002466959594
2025-03-07 04:11:24 | INFO | ✅ Успешно подписались на группу @whomever_contact_test
2025-03-07 04:11:24 | INFO | [Этап 2/5] ✅ Успешно подписались на группу
2025-03-07 04:11:26 | INFO | [Этап 2/5] ✅ Успешно получили группу: Black Niggers 🤣/Ko'rshapalaklar / Night Nigger /Night Hunters / White nigers / Qora negrlar and Dark code forces
2025-03-07 04:11:26 | INFO | Проверяем доступ к группе 2466959594
2025-03-07 04:11:26 | INFO | Успешно получили группу: Black Niggers 🤣/Ko'rshapalaklar / Night Nigger /Night Hunters / White nigers / Qora negrlar and Dark code forces
2025-03-07 04:11:26 | INFO | Успешно получили права для группы Black Niggers 🤣/Ko'rshapalaklar / Night Nigger /Night Hunters / White nigers / Qora negrlar and Dark code forces
2025-03-07 04:11:26 | INFO | [Этап 2/5] ✅ Права доступа подтверждены для Black Niggers 🤣/Ko'rshapalaklar / Night Nigger /Night Hunters / White nigers / Qora negrlar and Dark code forces
2025-03-07 04:11:26 | INFO | [Этап 3/5] Подготовка сообщения к отправке
2025-03-07 04:11:26 | INFO | [Этап 5/5] ✅ Сообщение успешно отправлено в группу Black Niggers 🤣/Ko'rshapalaklar / Night Nigger /Night Hunters / White nigers / Qora negrlar and Dark code forces
2025-03-07 04:11:26 | INFO | [Статистика] Время выполнения: 2.87 секунд
2025-03-07 04:11:26 | INFO | ✅ Успешно отправлено в группу Black Niggers 🤣/Ko'rshapalaklar / Night Nigger /Night Hunters / White nigers / Qora negrlar and Dark code forces через аккаунт +79964324353
2025-03-07 04:11:26 | ERROR | Не удалось отправить результаты пользователю
2025-03-07 04:11:26 | INFO | ✅ Пост #5 успешно отправлен
2025-03-07 04:12:51 | INFO | Отправка отложенного поста #6
2025-03-07 04:12:51 | INFO | Получение клиента для сессии +79964324353.session
2025-03-07 04:12:51 | INFO | Клиент успешно создан для +79964324353.session
2025-03-07 04:12:52 | INFO | Создана задача отправки в группу Black Niggers 🤣/Ko'rshapalaklar / Night Nigger /Night Hunters / White nigers / Qora negrlar and Dark code forces через аккаунт +79964324353
2025-03-07 04:12:52 | INFO | [Этап 1/5] Начинаем отправку поста через аккаунт +79964324353 в группу 2466959594
2025-03-07 04:12:52 | INFO | [Этап 2/5] Попытка подписаться на группу -1002466959594
2025-03-07 04:12:52 | INFO | ✅ Успешно подписались на группу @whomever_contact_test
2025-03-07 04:12:52 | INFO | [Этап 2/5] ✅ Успешно подписались на группу
2025-03-07 04:12:54 | INFO | [Этап 2/5] ✅ Успешно получили группу: Black Niggers 🤣/Ko'rshapalaklar / Night Nigger /Night Hunters / White nigers / Qora negrlar and Dark code forces
2025-03-07 04:12:54 | INFO | Проверяем доступ к группе 2466959594
2025-03-07 04:12:54 | INFO | Успешно получили группу: Black Niggers 🤣/Ko'rshapalaklar / Night Nigger /Night Hunters / White nigers / Qora negrlar and Dark code forces
2025-03-07 04:12:54 | INFO | Успешно получили права для группы Black Niggers 🤣/Ko'rshapalaklar / Night Nigger /Night Hunters / White nigers / Qora negrlar and Dark code forces
2025-03-07 04:12:54 | INFO | [Этап 2/5] ✅ Права доступа подтверждены для Black Niggers 🤣/Ko'rshapalaklar / Night Nigger /Night Hunters / White nigers / Qora negrlar and Dark code forces
2025-03-07 04:12:54 | INFO | [Этап 3/5] Подготовка сообщения к отправке
2025-03-07 04:12:54 | INFO | [Этап 5/5] ✅ Сообщение успешно отправлено в группу Black Niggers 🤣/Ko'rshapalaklar / Night Nigger /Night Hunters / White nigers / Qora negrlar and Dark code forces
2025-03-07 04:12:54 | INFO | [Статистика] Время выполнения: 2.86 секунд
2025-03-07 04:12:54 | INFO | ✅ Успешно отправлено в группу Black Niggers 🤣/Ko'rshapalaklar / Night Nigger /Night Hunters / White nigers / Qora negrlar and Dark code forces через аккаунт +79964324353
2025-03-07 04:12:54 | ERROR | Не удалось отправить результаты пользователю
2025-03-07 04:12:54 | INFO | ✅ Пост #6 успешно отправлен
