2025-03-12 02:56:09 | INFO | Инициализация SessionManager
2025-03-12 02:56:09 | DEBUG | Загружен существующий ключ шифрования
2025-03-12 02:56:22 | INFO | Попытка добавления аккаунта с номером: +998944899059
2025-03-12 02:56:22 | INFO | Отправка запроса кода для номера +998944899059
2025-03-12 02:56:22 | INFO | Создание новой сессии для номера +998944899059
2025-03-12 02:56:24 | DEBUG | Подключение к Telegram установлено для +998944899059
2025-03-12 02:56:24 | INFO | Отправка запроса кода для +998944899059
2025-03-12 02:56:24 | INFO | Код успешно отправлен для +998944899059
2025-03-12 02:56:24 | INFO | Код подтверждения запрошен для номера +998944899059
2025-03-12 02:56:28 | INFO | Получен код подтверждения для номера +998944899059
2025-03-12 02:56:28 | DEBUG | phone_code_hash для +998944899059: ad5db635769150fe63
2025-03-12 02:56:28 | INFO | Попытка авторизации с кодом для номера +998944899059
2025-03-12 02:56:28 | INFO | Попытка авторизации по коду для +998944899059
2025-03-12 02:56:28 | DEBUG | Проверка кода для +998944899059
2025-03-12 02:56:28 | INFO | Требуется 2FA для +998944899059
2025-03-12 02:56:28 | INFO | Требуется 2FA для аккаунта +998944899059
2025-03-12 02:56:31 | INFO | Попытка авторизации по коду для +998944899059
2025-03-12 02:56:31 | DEBUG | Попытка входа с 2FA для +998944899059
2025-03-12 02:56:32 | INFO | 2FA пароль подтверждён для +998944899059
2025-03-12 02:56:32 | INFO | Сессия успешно сохранена в C:\Users\Asus\OneDrive\Рабочий стол\Whomever_publisher-main\sessions\+998944899059.session
2025-03-12 02:56:46 | INFO | Удален файл сессии: C:\Users\Asus\OneDrive\Рабочий стол\Whomever_publisher-main\sessions\+998944899059.session
2025-03-12 02:56:46 | INFO | Удален аккаунт +998944899059 из базы данных
2025-03-12 02:56:59 | INFO | Попытка добавления аккаунта с номером: +998944899059
2025-03-12 02:56:59 | INFO | Отправка запроса кода для номера +998944899059
2025-03-12 02:56:59 | INFO | Создание новой сессии для номера +998944899059
2025-03-12 02:57:01 | DEBUG | Подключение к Telegram установлено для +998944899059
2025-03-12 02:57:01 | INFO | Отправка запроса кода для +998944899059
2025-03-12 02:57:01 | INFO | Код успешно отправлен для +998944899059
2025-03-12 02:57:01 | INFO | Код подтверждения запрошен для номера +998944899059
2025-03-12 02:57:04 | INFO | Получен код подтверждения для номера +998944899059
2025-03-12 02:57:04 | DEBUG | phone_code_hash для +998944899059: cdb98ee0a0f1cdbda8
2025-03-12 02:57:04 | INFO | Попытка авторизации с кодом для номера +998944899059
2025-03-12 02:57:04 | INFO | Попытка авторизации по коду для +998944899059
2025-03-12 02:57:04 | DEBUG | Проверка кода для +998944899059
2025-03-12 02:57:05 | INFO | Требуется 2FA для +998944899059
2025-03-12 02:57:05 | INFO | Требуется 2FA для аккаунта +998944899059
2025-03-12 02:57:07 | INFO | Попытка авторизации по коду для +998944899059
2025-03-12 02:57:07 | DEBUG | Попытка входа с 2FA для +998944899059
2025-03-12 02:57:08 | INFO | 2FA пароль подтверждён для +998944899059
2025-03-12 02:57:08 | INFO | Сессия успешно сохранена в C:\Users\Asus\OneDrive\Рабочий стол\Whomever_publisher-main\sessions\+998944899059.session
2025-03-12 02:57:22 | INFO | Получение клиента для сессии +998944899059.session
2025-03-12 02:57:23 | INFO | Клиент успешно создан для +998944899059.session
2025-03-12 02:57:23 | INFO | Пользователь уже является участником группы
2025-03-12 02:57:27 | INFO | Получение клиента для сессии +998944899059.session
2025-03-12 02:57:27 | INFO | Клиент успешно создан для +998944899059.session
2025-03-12 02:57:27 | INFO | Проверяем доступ к группе 2417883175
2025-03-12 02:57:27 | INFO | Успешно получили группу: Test Kwork
2025-03-12 02:57:28 | INFO | Успешно получили права для группы Test Kwork
2025-03-12 02:57:34 | INFO | Получение клиента для сессии +998944899059.session
2025-03-12 02:57:34 | INFO | Клиент успешно создан для +998944899059.session
2025-03-12 02:57:34 | INFO | Создана задача отправки в группу Test Kwork через аккаунт +998944899059
2025-03-12 02:57:34 | INFO | [Этап 1/5] Начинаем отправку поста через аккаунт +998944899059 в группу 2417883175
2025-03-12 02:57:34 | INFO | [Этап 2/5] Попытка подписаться на группу -1002417883175
2025-03-12 02:57:34 | INFO | ✅ Успешно подписались на группу по invite link
2025-03-12 02:57:34 | INFO | [Этап 2/5] ✅ Успешно подписались на группу
2025-03-12 02:57:37 | INFO | [Этап 2/5] ✅ Успешно получили группу: Test Kwork
2025-03-12 02:57:37 | INFO | Проверяем доступ к группе 2417883175
2025-03-12 02:57:37 | INFO | Успешно получили группу: Test Kwork
2025-03-12 02:57:37 | INFO | Успешно получили права для группы Test Kwork
2025-03-12 02:57:37 | INFO | [Этап 2/5] ✅ Права доступа подтверждены для Test Kwork
2025-03-12 02:57:37 | INFO | [Этап 3/5] Подготовка сообщения к отправке
2025-03-12 02:57:37 | INFO | [Этап 5/5] ✅ Сообщение успешно отправлено в группу Test Kwork
2025-03-12 02:57:37 | INFO | [Статистика] Время выполнения: 2.87 секунд
2025-03-12 02:57:37 | INFO | ✅ Успешно отправлено в группу Test Kwork через аккаунт +998944899059
2025-03-12 02:57:54 | INFO | Получение клиента для сессии +998944899059.session
2025-03-12 02:57:54 | INFO | Клиент успешно создан для +998944899059.session
2025-03-12 02:57:54 | INFO | Создана задача отправки в группу Test Kwork через аккаунт +998944899059
2025-03-12 02:57:54 | INFO | [Этап 1/5] Начинаем отправку поста через аккаунт +998944899059 в группу 2417883175
2025-03-12 02:57:54 | INFO | [Этап 2/5] Попытка подписаться на группу -1002417883175
2025-03-12 02:57:55 | INFO | ✅ Успешно подписались на группу по invite link
2025-03-12 02:57:55 | INFO | [Этап 2/5] ✅ Успешно подписались на группу
2025-03-12 02:57:57 | INFO | [Этап 2/5] ✅ Успешно получили группу: Test Kwork
2025-03-12 02:57:57 | INFO | Проверяем доступ к группе 2417883175
2025-03-12 02:57:57 | INFO | Успешно получили группу: Test Kwork
2025-03-12 02:57:57 | INFO | Успешно получили права для группы Test Kwork
2025-03-12 02:57:57 | INFO | [Этап 2/5] ✅ Права доступа подтверждены для Test Kwork
2025-03-12 02:57:57 | INFO | [Этап 3/5] Подготовка сообщения к отправке
2025-03-12 02:57:57 | INFO | [Этап 3/5] Подготовка фото
2025-03-12 02:57:58 | INFO | [Этап 5/5] ✅ Сообщение успешно отправлено в группу Test Kwork
2025-03-12 02:57:58 | INFO | [Статистика] Время выполнения: 4.28 секунд
2025-03-12 02:57:58 | INFO | ✅ Успешно отправлено в группу Test Kwork через аккаунт +998944899059
