2025-03-06 21:42:13 | INFO | Инициализация SessionManager
2025-03-06 21:42:13 | DEBUG | Загружен существующий ключ шифрования
2025-03-06 21:42:44 | INFO | Попытка добавления аккаунта с номером: +998937123477
2025-03-06 21:42:44 | INFO | Отправка запроса кода для номера +998937123477
2025-03-06 21:42:44 | INFO | Создание новой сессии для номера +998937123477
2025-03-06 21:42:46 | DEBUG | Подключение к Telegram установлено для +998937123477
2025-03-06 21:42:46 | INFO | Отправка запроса кода для +998937123477
2025-03-06 21:42:47 | INFO | Код успешно отправлен для +998937123477
2025-03-06 21:42:47 | INFO | Код подтверждения запрошен для номера +998937123477
2025-03-06 21:42:57 | INFO | Получен код подтверждения для номера +998937123477
2025-03-06 21:42:57 | WARNING | Неверный формат кода для номера +998937123477: Fsv20040115sh7!
2025-03-06 21:43:05 | INFO | Получен код подтверждения для номера +998937123477
2025-03-06 21:43:05 | DEBUG | phone_code_hash для +998937123477: 900fb54e74d6aa93b9
2025-03-06 21:43:05 | INFO | Попытка авторизации с кодом для номера +998937123477
2025-03-06 21:43:05 | INFO | Попытка авторизации по коду для +998937123477
2025-03-06 21:43:05 | DEBUG | Проверка кода для +998937123477
2025-03-06 21:43:06 | WARNING | Код подтверждения действительно истек для +998937123477
2025-03-06 21:43:06 | INFO | Отправлен новый код для +998937123477
2025-03-06 21:43:06 | INFO | Код истек для +998937123477, отправлен новый
2025-03-06 21:43:16 | INFO | Получен код подтверждения для номера +998937123477
2025-03-06 21:43:16 | DEBUG | phone_code_hash для +998937123477: 37f999eb5e3d496cbd
2025-03-06 21:43:16 | INFO | Попытка авторизации с кодом для номера +998937123477
2025-03-06 21:43:16 | INFO | Попытка авторизации по коду для +998937123477
2025-03-06 21:43:16 | DEBUG | Проверка кода для +998937123477
2025-03-06 21:43:16 | WARNING | Код подтверждения действительно истек для +998937123477
2025-03-06 21:43:16 | INFO | Отправлен новый код для +998937123477
2025-03-06 21:43:16 | INFO | Код истек для +998937123477, отправлен новый
