2025-03-12 03:01:01 | INFO | Инициализация SessionManager
2025-03-12 03:01:01 | DEBUG | Загружен существующий ключ шифрования
2025-03-12 03:02:01 | INFO | Отправка автоматизированного поста #1
2025-03-12 03:02:01 | INFO | Получение клиента для сессии +998944899059.session
2025-03-12 03:02:02 | INFO | Клиент успешно создан для +998944899059.session
2025-03-12 03:02:02 | INFO | [Этап 1/5] Начинаем отправку поста через аккаунт +998944899059 в группу 2417883175
2025-03-12 03:02:02 | INFO | [Этап 2/5] Попытка подписаться на группу -1002417883175
2025-03-12 03:02:02 | INFO | ✅ Успешно подписались на группу по invite link
2025-03-12 03:02:02 | INFO | [Этап 2/5] ✅ Успешно подписались на группу
2025-03-12 03:02:03 | INFO | Контент поста 1 успешно обновлен
2025-03-12 03:02:03 | INFO | Контент поста 1 успешно обновлен
2025-03-12 03:02:04 | INFO | [Этап 2/5] ✅ Успешно получили группу: Test Kwork
2025-03-12 03:02:04 | INFO | Проверяем доступ к группе 2417883175
2025-03-12 03:02:05 | INFO | Успешно получили группу: Test Kwork
2025-03-12 03:02:05 | INFO | Успешно получили права для группы Test Kwork
2025-03-12 03:02:05 | INFO | [Этап 2/5] ✅ Права доступа подтверждены для Test Kwork
2025-03-12 03:02:05 | INFO | [Этап 3/5] Подготовка сообщения к отправке
2025-03-12 03:02:05 | INFO | [Этап 5/5] ✅ Сообщение успешно отправлено в группу Test Kwork
2025-03-12 03:02:05 | INFO | [Статистика] Время выполнения: 3.01 секунд
2025-03-12 03:02:05 | INFO | Автоматизированный пост #1 отправлен
2025-03-12 03:03:05 | INFO | Отправка автоматизированного поста #1
2025-03-12 03:03:05 | INFO | Получение клиента для сессии +998944899059.session
2025-03-12 03:03:05 | INFO | Клиент успешно создан для +998944899059.session
2025-03-12 03:03:06 | INFO | [Этап 1/5] Начинаем отправку поста через аккаунт +998944899059 в группу 2417883175
2025-03-12 03:03:06 | INFO | [Этап 2/5] Попытка подписаться на группу -1002417883175
2025-03-12 03:03:06 | INFO | ✅ Успешно подписались на группу по invite link
2025-03-12 03:03:06 | INFO | [Этап 2/5] ✅ Успешно подписались на группу
2025-03-12 03:03:08 | INFO | [Этап 2/5] ✅ Успешно получили группу: Test Kwork
2025-03-12 03:03:08 | INFO | Проверяем доступ к группе 2417883175
2025-03-12 03:03:08 | INFO | Успешно получили группу: Test Kwork
2025-03-12 03:03:08 | INFO | Успешно получили права для группы Test Kwork
2025-03-12 03:03:08 | INFO | [Этап 2/5] ✅ Права доступа подтверждены для Test Kwork
2025-03-12 03:03:08 | INFO | [Этап 3/5] Подготовка сообщения к отправке
2025-03-12 03:03:08 | INFO | [Этап 3/5] Подготовка фото
2025-03-12 03:03:09 | INFO | [Этап 5/5] ✅ Сообщение успешно отправлено в группу Test Kwork
2025-03-12 03:03:09 | INFO | [Статистика] Время выполнения: 3.83 секунд
2025-03-12 03:03:09 | INFO | Автоматизированный пост #1 отправлен
2025-03-12 03:05:04 | INFO | Получение клиента для сессии +998944899059.session
2025-03-12 03:05:04 | INFO | Клиент успешно создан для +998944899059.session
2025-03-12 03:05:04 | INFO | Проверяем доступ к группе 2417883175
2025-03-12 03:05:05 | INFO | Успешно получили группу: Test Kwork
2025-03-12 03:05:05 | INFO | Успешно получили права для группы Test Kwork
2025-03-12 03:05:41 | INFO | Удален файл сессии: C:\Users\Asus\OneDrive\Рабочий стол\Whomever_publisher-main\sessions\+998944899059.session
2025-03-12 03:05:41 | INFO | Удален аккаунт +998944899059 из базы данных
