2025-03-07 04:24:00 | INFO | Инициализация SessionManager
2025-03-07 04:24:00 | DEBUG | Загружен существующий ключ шифрования
2025-03-07 04:24:22 | INFO | Получение клиента для сессии +79964324353.session
2025-03-07 04:24:23 | INFO | Клиент успешно создан для +79964324353.session
2025-03-07 04:24:23 | INFO | Проверяем доступ к группе 2417883175
2025-03-07 04:24:23 | INFO | Успешно получили группу: Test Kwork
2025-03-07 04:24:23 | INFO | Успешно получили права для группы Test Kwork
2025-03-07 04:24:23 | INFO | Получение клиента для сессии +79964324353.session
2025-03-07 04:24:24 | INFO | Клиент успешно создан для +79964324353.session
2025-03-07 04:24:24 | INFO | Проверяем доступ к группе 2295736082
2025-03-07 04:24:24 | INFO | Успешно получили группу: 1231231
2025-03-07 04:24:24 | INFO | Успешно получили права для группы 1231231
2025-03-07 04:24:24 | INFO | Получение клиента для сессии +79964324353.session
2025-03-07 04:24:25 | INFO | Клиент успешно создан для +79964324353.session
2025-03-07 04:24:25 | INFO | Проверяем доступ к группе 2437874611
2025-03-07 04:24:25 | INFO | Успешно получили группу: Whomever_test
2025-03-07 04:24:25 | INFO | Успешно получили права для группы Whomever_test
2025-03-07 04:24:25 | INFO | Получение клиента для сессии +79964324353.session
2025-03-07 04:24:26 | INFO | Клиент успешно создан для +79964324353.session
2025-03-07 04:24:26 | INFO | Проверяем доступ к группе 2261556153
2025-03-07 04:24:26 | INFO | Успешно получили группу: Whomever_testad
2025-03-07 04:24:26 | INFO | Успешно получили права для группы Whomever_testad
2025-03-07 04:24:26 | INFO | Получение клиента для сессии +79964324353.session
2025-03-07 04:24:27 | INFO | Клиент успешно создан для +79964324353.session
2025-03-07 04:24:27 | INFO | Проверяем доступ к группе 2265285573
2025-03-07 04:24:27 | INFO | Успешно получили группу: Whomever_test2323
2025-03-07 04:24:27 | INFO | Успешно получили права для группы Whomever_test2323
2025-03-07 04:24:27 | INFO | Получение клиента для сессии +79964324353.session
2025-03-07 04:24:28 | INFO | Клиент успешно создан для +79964324353.session
2025-03-07 04:24:28 | INFO | Проверяем доступ к группе 2319912571
2025-03-07 04:24:28 | INFO | Успешно получили группу: Whomever_test55
2025-03-07 04:24:28 | INFO | Успешно получили права для группы Whomever_test55
2025-03-07 04:24:28 | INFO | Получение клиента для сессии +79964324353.session
2025-03-07 04:24:29 | INFO | Клиент успешно создан для +79964324353.session
2025-03-07 04:24:29 | INFO | Проверяем доступ к группе 2466959594
2025-03-07 04:24:29 | INFO | Успешно получили группу: Black Niggers 🤣/Ko'rshapalaklar / Night Nigger /Night Hunters / White nigers / Qora negrlar and Dark code forces
2025-03-07 04:24:30 | INFO | Успешно получили права для группы Black Niggers 🤣/Ko'rshapalaklar / Night Nigger /Night Hunters / White nigers / Qora negrlar and Dark code forces
2025-03-07 04:25:13 | INFO | Получение клиента для сессии +79964324353.session
2025-03-07 04:25:14 | INFO | Клиент успешно создан для +79964324353.session
2025-03-07 04:25:14 | INFO | Создана задача отправки в группу Black Niggers 🤣/Ko'rshapalaklar / Night Nigger /Night Hunters / White nigers / Qora negrlar and Dark code forces через аккаунт +79964324353
2025-03-07 04:25:14 | INFO | [Этап 1/5] Начинаем отправку поста через аккаунт +79964324353 в группу 2466959594
2025-03-07 04:25:14 | INFO | [Этап 2/5] Попытка подписаться на группу -1002466959594
2025-03-07 04:25:14 | INFO | ✅ Успешно подписались на группу @whomever_contact_test
2025-03-07 04:25:14 | INFO | [Этап 2/5] ✅ Успешно подписались на группу
2025-03-07 04:25:16 | INFO | [Этап 2/5] ✅ Успешно получили группу: Black Niggers 🤣/Ko'rshapalaklar / Night Nigger /Night Hunters / White nigers / Qora negrlar and Dark code forces
2025-03-07 04:25:16 | INFO | Проверяем доступ к группе 2466959594
2025-03-07 04:25:16 | INFO | Успешно получили группу: Black Niggers 🤣/Ko'rshapalaklar / Night Nigger /Night Hunters / White nigers / Qora negrlar and Dark code forces
2025-03-07 04:25:16 | INFO | Успешно получили права для группы Black Niggers 🤣/Ko'rshapalaklar / Night Nigger /Night Hunters / White nigers / Qora negrlar and Dark code forces
2025-03-07 04:25:16 | INFO | [Этап 2/5] ✅ Права доступа подтверждены для Black Niggers 🤣/Ko'rshapalaklar / Night Nigger /Night Hunters / White nigers / Qora negrlar and Dark code forces
2025-03-07 04:25:16 | INFO | [Этап 3/5] Подготовка сообщения к отправке
2025-03-07 04:25:16 | INFO | [Этап 3/5] Подготовка фото
2025-03-07 04:25:18 | INFO | [Этап 5/5] ✅ Сообщение успешно отправлено в группу Black Niggers 🤣/Ko'rshapalaklar / Night Nigger /Night Hunters / White nigers / Qora negrlar and Dark code forces
2025-03-07 04:25:18 | INFO | [Статистика] Время выполнения: 3.89 секунд
2025-03-07 04:25:18 | INFO | ✅ Успешно отправлено в группу Black Niggers 🤣/Ko'rshapalaklar / Night Nigger /Night Hunters / White nigers / Qora negrlar and Dark code forces через аккаунт +79964324353
2025-03-07 04:25:18 | INFO | Получение клиента для сессии +79964324353.session
2025-03-07 04:25:18 | INFO | Клиент успешно создан для +79964324353.session
2025-03-07 04:25:18 | INFO | Создана задача отправки в группу Whomever_test55 через аккаунт +79964324353
2025-03-07 04:25:18 | INFO | [Этап 1/5] Начинаем отправку поста через аккаунт +79964324353 в группу 2319912571
2025-03-07 04:25:18 | INFO | [Этап 2/5] Попытка подписаться на группу -1002319912571
2025-03-07 04:25:19 | INFO | ✅ Успешно подписались на группу @Whomever_test5
2025-03-07 04:25:19 | INFO | [Этап 2/5] ✅ Успешно подписались на группу
2025-03-07 04:25:21 | INFO | [Этап 2/5] ✅ Успешно получили группу: Whomever_test55
2025-03-07 04:25:21 | INFO | Проверяем доступ к группе 2319912571
2025-03-07 04:25:21 | INFO | Успешно получили группу: Whomever_test55
2025-03-07 04:25:21 | INFO | Успешно получили права для группы Whomever_test55
2025-03-07 04:25:21 | INFO | [Этап 2/5] ✅ Права доступа подтверждены для Whomever_test55
2025-03-07 04:25:21 | INFO | [Этап 3/5] Подготовка сообщения к отправке
2025-03-07 04:25:21 | INFO | [Этап 3/5] Подготовка фото
2025-03-07 04:25:22 | INFO | [Этап 5/5] ✅ Сообщение успешно отправлено в группу Whomever_test55
2025-03-07 04:25:22 | INFO | [Статистика] Время выполнения: 3.75 секунд
2025-03-07 04:25:22 | INFO | ✅ Успешно отправлено в группу Whomever_test55 через аккаунт +79964324353
2025-03-07 04:25:22 | INFO | Получение клиента для сессии +79964324353.session
2025-03-07 04:25:23 | INFO | Клиент успешно создан для +79964324353.session
2025-03-07 04:25:23 | INFO | Создана задача отправки в группу Whomever_test2323 через аккаунт +79964324353
2025-03-07 04:25:23 | INFO | [Этап 1/5] Начинаем отправку поста через аккаунт +79964324353 в группу 2265285573
2025-03-07 04:25:23 | INFO | [Этап 2/5] Попытка подписаться на группу -1002265285573
2025-03-07 04:25:23 | INFO | ✅ Успешно подписались на группу @Whomever_test4
2025-03-07 04:25:23 | INFO | [Этап 2/5] ✅ Успешно подписались на группу
2025-03-07 04:25:25 | INFO | [Этап 2/5] ✅ Успешно получили группу: Whomever_test2323
2025-03-07 04:25:25 | INFO | Проверяем доступ к группе 2265285573
2025-03-07 04:25:26 | INFO | Успешно получили группу: Whomever_test2323
2025-03-07 04:25:26 | INFO | Успешно получили права для группы Whomever_test2323
2025-03-07 04:25:26 | INFO | [Этап 2/5] ✅ Права доступа подтверждены для Whomever_test2323
2025-03-07 04:25:26 | INFO | [Этап 3/5] Подготовка сообщения к отправке
2025-03-07 04:25:26 | INFO | [Этап 3/5] Подготовка фото
2025-03-07 04:25:27 | INFO | [Этап 5/5] ✅ Сообщение успешно отправлено в группу Whomever_test2323
2025-03-07 04:25:27 | INFO | [Статистика] Время выполнения: 3.82 секунд
2025-03-07 04:25:27 | INFO | ✅ Успешно отправлено в группу Whomever_test2323 через аккаунт +79964324353
2025-03-07 04:25:27 | INFO | Получение клиента для сессии +79964324353.session
2025-03-07 04:25:27 | INFO | Клиент успешно создан для +79964324353.session
2025-03-07 04:25:27 | INFO | Создана задача отправки в группу Whomever_testad через аккаунт +79964324353
2025-03-07 04:25:28 | INFO | [Этап 1/5] Начинаем отправку поста через аккаунт +79964324353 в группу 2261556153
2025-03-07 04:25:28 | INFO | [Этап 2/5] Попытка подписаться на группу -1002261556153
2025-03-07 04:25:28 | INFO | ✅ Успешно подписались на группу @Whomever_test3
2025-03-07 04:25:28 | INFO | [Этап 2/5] ✅ Успешно подписались на группу
2025-03-07 04:25:30 | INFO | [Этап 2/5] ✅ Успешно получили группу: Whomever_testad
2025-03-07 04:25:30 | INFO | Проверяем доступ к группе 2261556153
2025-03-07 04:25:30 | INFO | Успешно получили группу: Whomever_testad
2025-03-07 04:25:30 | INFO | Успешно получили права для группы Whomever_testad
2025-03-07 04:25:30 | INFO | [Этап 2/5] ✅ Права доступа подтверждены для Whomever_testad
2025-03-07 04:25:30 | INFO | [Этап 3/5] Подготовка сообщения к отправке
2025-03-07 04:25:30 | INFO | [Этап 3/5] Подготовка фото
2025-03-07 04:25:31 | INFO | [Этап 5/5] ✅ Сообщение успешно отправлено в группу Whomever_testad
2025-03-07 04:25:31 | INFO | [Статистика] Время выполнения: 3.75 секунд
2025-03-07 04:25:31 | INFO | ✅ Успешно отправлено в группу Whomever_testad через аккаунт +79964324353
2025-03-07 04:25:31 | INFO | Получение клиента для сессии +79964324353.session
2025-03-07 04:25:32 | INFO | Клиент успешно создан для +79964324353.session
2025-03-07 04:25:32 | INFO | Создана задача отправки в группу 1231231 через аккаунт +79964324353
2025-03-07 04:25:32 | INFO | [Этап 1/5] Начинаем отправку поста через аккаунт +79964324353 в группу 2295736082
2025-03-07 04:25:32 | INFO | [Этап 2/5] Попытка подписаться на группу -1002295736082
2025-03-07 04:25:32 | INFO | ✅ Успешно подписались на группу @Whomever_test1
2025-03-07 04:25:32 | INFO | [Этап 2/5] ✅ Успешно подписались на группу
2025-03-07 04:25:34 | INFO | [Этап 2/5] ✅ Успешно получили группу: 1231231
2025-03-07 04:25:34 | INFO | Проверяем доступ к группе 2295736082
2025-03-07 04:25:35 | INFO | Успешно получили группу: 1231231
2025-03-07 04:25:35 | INFO | Успешно получили права для группы 1231231
2025-03-07 04:25:35 | INFO | [Этап 2/5] ✅ Права доступа подтверждены для 1231231
2025-03-07 04:25:35 | INFO | [Этап 3/5] Подготовка сообщения к отправке
2025-03-07 04:25:35 | INFO | [Этап 3/5] Подготовка фото
2025-03-07 04:25:36 | INFO | [Этап 5/5] ✅ Сообщение успешно отправлено в группу 1231231
2025-03-07 04:25:36 | INFO | [Статистика] Время выполнения: 3.83 секунд
2025-03-07 04:25:36 | INFO | ✅ Успешно отправлено в группу 1231231 через аккаунт +79964324353
2025-03-07 04:25:36 | INFO | Получение клиента для сессии +79964324353.session
2025-03-07 04:25:37 | INFO | Клиент успешно создан для +79964324353.session
2025-03-07 04:25:37 | INFO | Создана задача отправки в группу Test Kwork через аккаунт +79964324353
2025-03-07 04:25:37 | INFO | [Этап 1/5] Начинаем отправку поста через аккаунт +79964324353 в группу 2417883175
2025-03-07 04:25:37 | INFO | [Этап 2/5] Попытка подписаться на группу -1002417883175
2025-03-07 04:25:37 | INFO | ✅ Успешно подписались на группу @Kwork_whomever
2025-03-07 04:25:37 | INFO | [Этап 2/5] ✅ Успешно подписались на группу
2025-03-07 04:25:39 | INFO | [Этап 2/5] ✅ Успешно получили группу: Test Kwork
2025-03-07 04:25:39 | INFO | Проверяем доступ к группе 2417883175
2025-03-07 04:25:39 | INFO | Успешно получили группу: Test Kwork
2025-03-07 04:25:40 | INFO | Успешно получили права для группы Test Kwork
2025-03-07 04:25:40 | INFO | [Этап 2/5] ✅ Права доступа подтверждены для Test Kwork
2025-03-07 04:25:40 | INFO | [Этап 3/5] Подготовка сообщения к отправке
2025-03-07 04:25:40 | INFO | [Этап 3/5] Подготовка фото
2025-03-07 04:25:41 | INFO | [Этап 5/5] ✅ Сообщение успешно отправлено в группу Test Kwork
2025-03-07 04:25:41 | INFO | [Статистика] Время выполнения: 3.90 секунд
2025-03-07 04:25:41 | INFO | ✅ Успешно отправлено в группу Test Kwork через аккаунт +79964324353
2025-03-07 04:26:55 | INFO | Получение клиента для сессии +79964324353.session
2025-03-07 04:26:56 | INFO | Клиент успешно создан для +79964324353.session
2025-03-07 04:26:56 | INFO | Создана задача отправки в группу Black Niggers 🤣/Ko'rshapalaklar / Night Nigger /Night Hunters / White nigers / Qora negrlar and Dark code forces через аккаунт +79964324353
2025-03-07 04:26:56 | INFO | [Этап 1/5] Начинаем отправку поста через аккаунт +79964324353 в группу 2466959594
2025-03-07 04:26:56 | INFO | [Этап 2/5] Попытка подписаться на группу -1002466959594
2025-03-07 04:26:56 | INFO | ✅ Успешно подписались на группу @whomever_contact_test
2025-03-07 04:26:56 | INFO | [Этап 2/5] ✅ Успешно подписались на группу
2025-03-07 04:26:59 | INFO | [Этап 2/5] ✅ Успешно получили группу: Black Niggers 🤣/Ko'rshapalaklar / Night Nigger /Night Hunters / White nigers / Qora negrlar and Dark code forces
2025-03-07 04:26:59 | INFO | Проверяем доступ к группе 2466959594
2025-03-07 04:26:59 | INFO | Успешно получили группу: Black Niggers 🤣/Ko'rshapalaklar / Night Nigger /Night Hunters / White nigers / Qora negrlar and Dark code forces
2025-03-07 04:26:59 | INFO | Успешно получили права для группы Black Niggers 🤣/Ko'rshapalaklar / Night Nigger /Night Hunters / White nigers / Qora negrlar and Dark code forces
2025-03-07 04:26:59 | INFO | [Этап 2/5] ✅ Права доступа подтверждены для Black Niggers 🤣/Ko'rshapalaklar / Night Nigger /Night Hunters / White nigers / Qora negrlar and Dark code forces
2025-03-07 04:26:59 | INFO | [Этап 3/5] Подготовка сообщения к отправке
2025-03-07 04:26:59 | INFO | [Этап 5/5] ✅ Сообщение успешно отправлено в группу Black Niggers 🤣/Ko'rshapalaklar / Night Nigger /Night Hunters / White nigers / Qora negrlar and Dark code forces
2025-03-07 04:26:59 | INFO | [Статистика] Время выполнения: 2.92 секунд
2025-03-07 04:26:59 | INFO | ✅ Успешно отправлено в группу Black Niggers 🤣/Ko'rshapalaklar / Night Nigger /Night Hunters / White nigers / Qora negrlar and Dark code forces через аккаунт +79964324353
2025-03-07 04:27:00 | INFO | Отправка отложенного поста #7
2025-03-07 04:27:00 | INFO | Получение клиента для сессии +79964324353.session
2025-03-07 04:27:01 | INFO | Клиент успешно создан для +79964324353.session
2025-03-07 04:27:01 | INFO | Создана задача отправки в группу Black Niggers 🤣/Ko'rshapalaklar / Night Nigger /Night Hunters / White nigers / Qora negrlar and Dark code forces через аккаунт +79964324353
2025-03-07 04:27:01 | INFO | [Этап 1/5] Начинаем отправку поста через аккаунт +79964324353 в группу 2466959594
2025-03-07 04:27:01 | INFO | [Этап 2/5] Попытка подписаться на группу -1002466959594
2025-03-07 04:27:01 | INFO | ✅ Успешно подписались на группу @whomever_contact_test
2025-03-07 04:27:01 | INFO | [Этап 2/5] ✅ Успешно подписались на группу
2025-03-07 04:27:03 | INFO | [Этап 2/5] ✅ Успешно получили группу: Black Niggers 🤣/Ko'rshapalaklar / Night Nigger /Night Hunters / White nigers / Qora negrlar and Dark code forces
2025-03-07 04:27:03 | INFO | Проверяем доступ к группе 2466959594
2025-03-07 04:27:03 | INFO | Успешно получили группу: Black Niggers 🤣/Ko'rshapalaklar / Night Nigger /Night Hunters / White nigers / Qora negrlar and Dark code forces
2025-03-07 04:27:03 | INFO | Успешно получили права для группы Black Niggers 🤣/Ko'rshapalaklar / Night Nigger /Night Hunters / White nigers / Qora negrlar and Dark code forces
2025-03-07 04:27:03 | INFO | [Этап 2/5] ✅ Права доступа подтверждены для Black Niggers 🤣/Ko'rshapalaklar / Night Nigger /Night Hunters / White nigers / Qora negrlar and Dark code forces
2025-03-07 04:27:03 | INFO | [Этап 3/5] Подготовка сообщения к отправке
2025-03-07 04:27:03 | INFO | [Этап 3/5] Подготовка фото
2025-03-07 04:27:05 | INFO | [Этап 5/5] ✅ Сообщение успешно отправлено в группу Black Niggers 🤣/Ko'rshapalaklar / Night Nigger /Night Hunters / White nigers / Qora negrlar and Dark code forces
2025-03-07 04:27:05 | INFO | [Статистика] Время выполнения: 3.83 секунд
2025-03-07 04:27:05 | INFO | ✅ Успешно отправлено в группу Black Niggers 🤣/Ko'rshapalaklar / Night Nigger /Night Hunters / White nigers / Qora negrlar and Dark code forces через аккаунт +79964324353
2025-03-07 04:27:05 | ERROR | Не удалось отправить результаты пользователю
2025-03-07 04:27:05 | INFO | ✅ Пост #7 успешно отправлен
2025-03-07 04:33:32 | INFO | Удален файл сессии: C:\Users\Asus\OneDrive\Рабочий стол\Kwork\chencnik\sessions\+79964324353.session
2025-03-07 04:33:32 | INFO | Удален аккаунт +79964324353 из базы данных
