2025-03-06 22:02:48 | INFO | Инициализация SessionManager
2025-03-06 22:02:48 | DEBUG | Загружен существующий ключ шифрования
2025-03-06 22:03:05 | INFO | Попытка добавления аккаунта с номером: +998944899059
2025-03-06 22:03:05 | INFO | Отправка запроса кода для номера +998944899059
2025-03-06 22:03:05 | INFO | Создание новой сессии для номера +998944899059
2025-03-06 22:03:07 | DEBUG | Подключение к Telegram установлено для +998944899059
2025-03-06 22:03:07 | INFO | Отправка запроса кода для +998944899059
2025-03-06 22:03:07 | INFO | Код успешно отправлен для +998944899059
2025-03-06 22:03:07 | INFO | Код подтверждения запрошен для номера +998944899059
2025-03-06 22:03:31 | INFO | Получен код подтверждения для номера +998944899059
2025-03-06 22:03:31 | WARNING | Неверный формат кода для номера +998944899059: /cancel
2025-03-06 22:03:38 | INFO | Получен код подтверждения для номера +998944899059
2025-03-06 22:03:38 | DEBUG | phone_code_hash для +998944899059: 1a507b5b277ae07e44
2025-03-06 22:03:38 | INFO | Попытка авторизации с кодом для номера +998944899059
2025-03-06 22:03:38 | INFO | Попытка авторизации по коду для +998944899059
2025-03-06 22:03:38 | DEBUG | Проверка кода для +998944899059
2025-03-06 22:03:38 | ERROR | Неверный код для +998944899059
2025-03-06 22:03:38 | ERROR | Ошибка при проверке кода для +998944899059: INVALID_CODE
2025-03-06 22:03:42 | INFO | Получен код подтверждения для номера +998944899059
2025-03-06 22:03:42 | WARNING | Неверный формат кода для номера +998944899059: 📊 Статус аккаунтов
2025-03-06 22:03:44 | INFO | Получен код подтверждения для номера +998944899059
2025-03-06 22:03:44 | WARNING | Неверный формат кода для номера +998944899059: ◀️ Назад
2025-03-06 22:03:46 | INFO | Получен код подтверждения для номера +998944899059
2025-03-06 22:03:46 | WARNING | Неверный формат кода для номера +998944899059: /off
2025-03-06 22:03:50 | INFO | Получен код подтверждения для номера +998944899059
2025-03-06 22:03:50 | DEBUG | phone_code_hash для +998944899059: 1a507b5b277ae07e44
2025-03-06 22:03:50 | INFO | Попытка авторизации с кодом для номера +998944899059
2025-03-06 22:03:50 | INFO | Попытка авторизации по коду для +998944899059
2025-03-06 22:03:50 | DEBUG | Проверка кода для +998944899059
2025-03-06 22:03:50 | ERROR | Неверный код для +998944899059
2025-03-06 22:03:50 | ERROR | Ошибка при проверке кода для +998944899059: INVALID_CODE
